#
# There is insufficient memory for the Java Runtime Environment to continue.
# Native memory allocation (malloc) failed to allocate 2310256 bytes for Chunk::new
# Possible reasons:
#   The system is out of physical RAM or swap space
#   The process is running with CompressedOops enabled, and the Java Heap may be blocking the growth of the native heap
# Possible solutions:
#   Reduce memory load on the system
#   Increase physical memory or swap space
#   Check if swap backing store is full
#   Decrease Java heap size (-Xmx/-Xms)
#   Decrease number of Java threads
#   Decrease Java thread stack sizes (-Xss)
#   Set larger code cache with -XX:ReservedCodeCacheSize=
#   JVM is running with Unscaled Compressed Oops mode in which the Java heap is
#     placed in the first 4GB address space. The Java Heap base address is the
#     maximum limit for the native heap growth. Please use -XX:HeapBaseMinAddress
#     to set the Java Heap base and to place the Java Heap above 4GB virtual address.
# This output file may be truncated or incomplete.
#
#  Out of Memory Error (./src/hotspot/share/memory/arena.cpp:197), pid=6880, tid=8356
#
# JRE version: OpenJDK Runtime Environment (11.0.10) (build 11.0.10+0-b96-7249189)
# Java VM: OpenJDK 64-Bit Server VM (11.0.10+0-b96-7249189, mixed mode, tiered, compressed oops, g1 gc, windows-amd64)
# No core dump will be written. Minidumps are not enabled by default on client versions of Windows
#

---------------  S U M M A R Y ------------

Command Line: org.jetbrains.kotlin.cli.jvm.K2JVMCompiler @C:\Users\USER\AndroidStudioProjects\Notitest01\app\build\20210826_602839703118826456.compiler.options

Host: Intel(R) Core(TM) i5-8250U CPU @ 1.60GHz, 8 cores, 7G,  Windows 10 , 64 bit Build 19041 (10.0.19041.1151)
Time: Thu Aug 26 05:35:50 2021 台北標準時間 elapsed time: 6.185048 seconds (0d 0h 0m 6s)

---------------  T H R E A D  ---------------

Current thread (0x0000026455a44800):  JavaThread "C2 CompilerThread1" daemon [_thread_in_native, id=8356, stack(0x000000b6b2f00000,0x000000b6b3000000)]


Current CompileTask:
C2:   6185 4919       4       java.lang.ClassLoader::loadClass (7 bytes)

Stack: [0x000000b6b2f00000,0x000000b6b3000000]
Native frames: (J=compiled Java code, j=interpreted, Vv=VM code, C=native code)
V  [jvm.dll+0x5ecfaa]
V  [jvm.dll+0x722bd5]
V  [jvm.dll+0x72412d]
V  [jvm.dll+0x7247e3]
V  [jvm.dll+0x242928]
V  [jvm.dll+0xbc4fc]
V  [jvm.dll+0xbca0c]
V  [jvm.dll+0x352d7d]
V  [jvm.dll+0x19800c]
V  [jvm.dll+0x1fb70e]
V  [jvm.dll+0x1fa7f4]
V  [jvm.dll+0x18354c]
V  [jvm.dll+0x208ee7]
V  [jvm.dll+0x207731]
V  [jvm.dll+0x6eb1cf]
V  [jvm.dll+0x6e3d45]
V  [jvm.dll+0x5ebe96]
C  [ucrtbase.dll+0x21bb2]
C  [KERNEL32.DLL+0x17034]
C  [ntdll.dll+0x52651]


---------------  P R O C E S S  ---------------

Threads class SMR info:
_java_thread_list=0x0000026455b15390, length=11, elements={
0x000002643578b000, 0x00000264502d9000, 0x00000264502e4800, 0x00000264502f4800,
0x00000264502f5800, 0x00000264502f8800, 0x00000264502f9800, 0x0000026450bcd800,
0x0000026450bce000, 0x0000026450d2d800, 0x0000026455a44800
}

Java Threads: ( => current thread )
  0x000002643578b000 JavaThread "main" [_thread_in_vm, id=19172, stack(0x000000b6b1b00000,0x000000b6b1c00000)]
  0x00000264502d9000 JavaThread "Reference Handler" daemon [_thread_blocked, id=17452, stack(0x000000b6b2200000,0x000000b6b2300000)]
  0x00000264502e4800 JavaThread "Finalizer" daemon [_thread_blocked, id=13296, stack(0x000000b6b2300000,0x000000b6b2400000)]
  0x00000264502f4800 JavaThread "Signal Dispatcher" daemon [_thread_blocked, id=14028, stack(0x000000b6b2400000,0x000000b6b2500000)]
  0x00000264502f5800 JavaThread "Attach Listener" daemon [_thread_blocked, id=6592, stack(0x000000b6b2500000,0x000000b6b2600000)]
  0x00000264502f8800 JavaThread "Service Thread" daemon [_thread_blocked, id=6896, stack(0x000000b6b2600000,0x000000b6b2700000)]
  0x00000264502f9800 JavaThread "C2 CompilerThread0" daemon [_thread_in_native, id=15128, stack(0x000000b6b2700000,0x000000b6b2800000)]
  0x0000026450bcd800 JavaThread "C1 CompilerThread0" daemon [_thread_blocked, id=11644, stack(0x000000b6b2800000,0x000000b6b2900000)]
  0x0000026450bce000 JavaThread "Sweeper thread" daemon [_thread_blocked, id=11308, stack(0x000000b6b2900000,0x000000b6b2a00000)]
  0x0000026450d2d800 JavaThread "Common-Cleaner" daemon [_thread_blocked, id=12408, stack(0x000000b6b2b00000,0x000000b6b2c00000)]
=>0x0000026455a44800 JavaThread "C2 CompilerThread1" daemon [_thread_in_native, id=8356, stack(0x000000b6b2f00000,0x000000b6b3000000)]

Other Threads:
  0x00000264502d6800 VMThread "VM Thread" [stack: 0x000000b6b2100000,0x000000b6b2200000] [id=8796]
  0x0000026450d27000 WatcherThread [stack: 0x000000b6b2a00000,0x000000b6b2b00000] [id=19092]
  0x00000264357a2800 GCTaskThread "GC Thread#0" [stack: 0x000000b6b1c00000,0x000000b6b1d00000] [id=10456]
  0x000002645135c000 GCTaskThread "GC Thread#1" [stack: 0x000000b6b2c00000,0x000000b6b2d00000] [id=15552]
  0x000002645135d000 GCTaskThread "GC Thread#2" [stack: 0x000000b6b2d00000,0x000000b6b2e00000] [id=4328]
  0x00000264357d3000 ConcurrentGCThread "G1 Main Marker" [stack: 0x000000b6b1d00000,0x000000b6b1e00000] [id=5100]
  0x00000264357d5800 ConcurrentGCThread "G1 Conc#0" [stack: 0x000000b6b1e00000,0x000000b6b1f00000] [id=15752]
  0x0000026451635800 ConcurrentGCThread "G1 Conc#1" [stack: 0x000000b6b2e00000,0x000000b6b2f00000] [id=5920]
  0x0000026450121800 ConcurrentGCThread "G1 Refine#0" [stack: 0x000000b6b1f00000,0x000000b6b2000000] [id=6588]
  0x0000026435868000 ConcurrentGCThread "G1 Young RemSet Sampling" [stack: 0x000000b6b2000000,0x000000b6b2100000] [id=12756]

Threads with active compile tasks:
C2 CompilerThread0   6223 5082   !   4       org.jetbrains.kotlin.metadata.ProtoBuf$Type::<init> (875 bytes)
C2 CompilerThread1   6224 4919       4       java.lang.ClassLoader::loadClass (7 bytes)

VM state:not at safepoint (normal execution)

VM Mutex/Monitor currently owned by a thread: None

Heap address: 0x0000000081c00000, size: 2020 MB, Compressed Oops mode: 32-bit
Narrow klass base: 0x0000000000000000, Narrow klass shift: 3
Compressed class space size: 1073741824 Address: 0x0000000100000000

Heap:
 garbage-first heap   total 157696K, used 52224K [0x0000000081c00000, 0x0000000100000000)
  region size 1024K, 21 young (21504K), 10 survivors (10240K)
 Metaspace       used 54725K, capacity 55462K, committed 55548K, reserved 1097728K
  class space    used 6314K, capacity 6606K, committed 6652K, reserved 1048576K
Heap Regions: E=young(eden), S=young(survivor), O=old, HS=humongous(starts), HC=humongous(continues), CS=collection set, F=free, A=archive, TAMS=top-at-mark-start (previous, next)
|   0|0x0000000081c00000, 0x0000000081d00000, 0x0000000081d00000|100%|HS|  |TAMS 0x0000000081d00000, 0x0000000081c00000| Complete 
|   1|0x0000000081d00000, 0x0000000081e00000, 0x0000000081e00000|100%|HC|  |TAMS 0x0000000081e00000, 0x0000000081d00000| Complete 
|   2|0x0000000081e00000, 0x0000000081f00000, 0x0000000081f00000|100%|HC|  |TAMS 0x0000000081f00000, 0x0000000081e00000| Complete 
|   3|0x0000000081f00000, 0x0000000082000000, 0x0000000082000000|100%|HS|  |TAMS 0x0000000082000000, 0x0000000081f00000| Complete 
|   4|0x0000000082000000, 0x0000000082100000, 0x0000000082100000|100%|HC|  |TAMS 0x0000000082100000, 0x0000000082000000| Complete 
|   5|0x0000000082100000, 0x0000000082200000, 0x0000000082200000|100%|HC|  |TAMS 0x0000000082200000, 0x0000000082100000| Complete 
|   6|0x0000000082200000, 0x0000000082300000, 0x0000000082300000|100%|HS|  |TAMS 0x0000000082300000, 0x0000000082200000| Complete 
|   7|0x0000000082300000, 0x0000000082400000, 0x0000000082400000|100%|HC|  |TAMS 0x0000000082400000, 0x0000000082300000| Complete 
|   8|0x0000000082400000, 0x0000000082500000, 0x0000000082500000|100%|HC|  |TAMS 0x0000000082500000, 0x0000000082400000| Complete 
|   9|0x0000000082500000, 0x0000000082600000, 0x0000000082600000|100%| O|  |TAMS 0x0000000082600000, 0x0000000082500000| Untracked 
|  10|0x0000000082600000, 0x0000000082700000, 0x0000000082700000|100%| O|  |TAMS 0x0000000082700000, 0x0000000082600000| Untracked 
|  11|0x0000000082700000, 0x0000000082800000, 0x0000000082800000|100%| O|  |TAMS 0x0000000082800000, 0x0000000082700000| Untracked 
|  12|0x0000000082800000, 0x0000000082900000, 0x0000000082900000|100%| O|  |TAMS 0x0000000082900000, 0x0000000082800000| Untracked 
|  13|0x0000000082900000, 0x0000000082a00000, 0x0000000082a00000|100%|HS|  |TAMS 0x0000000082900000, 0x0000000082900000| Complete 
|  14|0x0000000082a00000, 0x0000000082b00000, 0x0000000082b00000|100%|HC|  |TAMS 0x0000000082a00000, 0x0000000082a00000| Complete 
|  15|0x0000000082b00000, 0x0000000082c00000, 0x0000000082c00000|100%| O|  |TAMS 0x0000000082c00000, 0x0000000082b00000| Untracked 
|  16|0x0000000082c00000, 0x0000000082d00000, 0x0000000082d00000|100%| O|  |TAMS 0x0000000082d00000, 0x0000000082c00000| Untracked 
|  17|0x0000000082d00000, 0x0000000082e00000, 0x0000000082e00000|100%| O|  |TAMS 0x0000000082e00000, 0x0000000082d00000| Untracked 
|  18|0x0000000082e00000, 0x0000000082f00000, 0x0000000082f00000|100%| O|  |TAMS 0x0000000082f00000, 0x0000000082e00000| Untracked 
|  19|0x0000000082f00000, 0x0000000083000000, 0x0000000083000000|100%| O|  |TAMS 0x0000000083000000, 0x0000000082f00000| Untracked 
|  20|0x0000000083000000, 0x0000000083100000, 0x0000000083100000|100%| O|  |TAMS 0x0000000083100000, 0x0000000083000000| Untracked 
|  21|0x0000000083100000, 0x0000000083200000, 0x0000000083200000|100%| O|  |TAMS 0x0000000083200000, 0x0000000083100000| Untracked 
|  22|0x0000000083200000, 0x0000000083300000, 0x0000000083300000|100%| O|  |TAMS 0x0000000083300000, 0x0000000083200000| Untracked 
|  23|0x0000000083300000, 0x0000000083400000, 0x0000000083400000|100%| O|  |TAMS 0x0000000083300000, 0x0000000083300000| Untracked 
|  24|0x0000000083400000, 0x0000000083500000, 0x0000000083500000|100%| O|  |TAMS 0x0000000083400000, 0x0000000083400000| Untracked 
|  25|0x0000000083500000, 0x0000000083600000, 0x0000000083600000|100%| O|  |TAMS 0x0000000083500000, 0x0000000083500000| Untracked 
|  26|0x0000000083600000, 0x0000000083700000, 0x0000000083700000|100%| O|  |TAMS 0x0000000083600000, 0x0000000083600000| Untracked 
|  27|0x0000000083700000, 0x0000000083800000, 0x0000000083800000|100%| O|  |TAMS 0x0000000083700000, 0x0000000083700000| Untracked 
|  28|0x0000000083800000, 0x0000000083900000, 0x0000000083900000|100%| O|  |TAMS 0x0000000083800000, 0x0000000083800000| Untracked 
|  29|0x0000000083900000, 0x0000000083a00000, 0x0000000083a00000|100%| O|  |TAMS 0x0000000083900000, 0x0000000083900000| Untracked 
|  30|0x0000000083a00000, 0x0000000083b00000, 0x0000000083b00000|100%| O|  |TAMS 0x0000000083a00000, 0x0000000083a00000| Untracked 
|  31|0x0000000083b00000, 0x0000000083b00000, 0x0000000083c00000|  0%| F|  |TAMS 0x0000000083b00000, 0x0000000083b00000| Untracked 
|  32|0x0000000083c00000, 0x0000000083c00000, 0x0000000083d00000|  0%| F|  |TAMS 0x0000000083c00000, 0x0000000083c00000| Untracked 
|  33|0x0000000083d00000, 0x0000000083d00000, 0x0000000083e00000|  0%| F|  |TAMS 0x0000000083d00000, 0x0000000083d00000| Untracked 
|  34|0x0000000083e00000, 0x0000000083e00000, 0x0000000083f00000|  0%| F|  |TAMS 0x0000000083e00000, 0x0000000083e00000| Untracked 
|  35|0x0000000083f00000, 0x0000000083f00000, 0x0000000084000000|  0%| F|  |TAMS 0x0000000083f00000, 0x0000000083f00000| Untracked 
|  36|0x0000000084000000, 0x0000000084000000, 0x0000000084100000|  0%| F|  |TAMS 0x0000000084000000, 0x0000000084000000| Untracked 
|  37|0x0000000084100000, 0x0000000084100000, 0x0000000084200000|  0%| F|  |TAMS 0x0000000084100000, 0x0000000084100000| Untracked 
|  38|0x0000000084200000, 0x0000000084200000, 0x0000000084300000|  0%| F|  |TAMS 0x0000000084200000, 0x0000000084200000| Untracked 
|  39|0x0000000084300000, 0x0000000084300000, 0x0000000084400000|  0%| F|  |TAMS 0x0000000084300000, 0x0000000084300000| Untracked 
|  40|0x0000000084400000, 0x0000000084400000, 0x0000000084500000|  0%| F|  |TAMS 0x0000000084400000, 0x0000000084400000| Untracked 
|  41|0x0000000084500000, 0x0000000084500000, 0x0000000084600000|  0%| F|  |TAMS 0x0000000084500000, 0x0000000084500000| Untracked 
|  42|0x0000000084600000, 0x0000000084600000, 0x0000000084700000|  0%| F|  |TAMS 0x0000000084600000, 0x0000000084600000| Untracked 
|  43|0x0000000084700000, 0x0000000084700000, 0x0000000084800000|  0%| F|  |TAMS 0x0000000084700000, 0x0000000084700000| Untracked 
|  44|0x0000000084800000, 0x0000000084800000, 0x0000000084900000|  0%| F|  |TAMS 0x0000000084800000, 0x0000000084800000| Untracked 
|  45|0x0000000084900000, 0x0000000084900000, 0x0000000084a00000|  0%| F|  |TAMS 0x0000000084900000, 0x0000000084900000| Untracked 
|  46|0x0000000084a00000, 0x0000000084a00000, 0x0000000084b00000|  0%| F|  |TAMS 0x0000000084a00000, 0x0000000084a00000| Untracked 
|  47|0x0000000084b00000, 0x0000000084b00000, 0x0000000084c00000|  0%| F|  |TAMS 0x0000000084b00000, 0x0000000084b00000| Untracked 
|  48|0x0000000084c00000, 0x0000000084c00000, 0x0000000084d00000|  0%| F|  |TAMS 0x0000000084c00000, 0x0000000084c00000| Untracked 
|  49|0x0000000084d00000, 0x0000000084d00000, 0x0000000084e00000|  0%| F|  |TAMS 0x0000000084d00000, 0x0000000084d00000| Untracked 
|  50|0x0000000084e00000, 0x0000000084e00000, 0x0000000084f00000|  0%| F|  |TAMS 0x0000000084e00000, 0x0000000084e00000| Untracked 
|  51|0x0000000084f00000, 0x0000000084f00000, 0x0000000085000000|  0%| F|  |TAMS 0x0000000084f00000, 0x0000000084f00000| Untracked 
|  52|0x0000000085000000, 0x0000000085000000, 0x0000000085100000|  0%| F|  |TAMS 0x0000000085000000, 0x0000000085000000| Untracked 
|  53|0x0000000085100000, 0x0000000085100000, 0x0000000085200000|  0%| F|  |TAMS 0x0000000085100000, 0x0000000085100000| Untracked 
|  54|0x0000000085200000, 0x0000000085200000, 0x0000000085300000|  0%| F|  |TAMS 0x0000000085200000, 0x0000000085200000| Untracked 
|  55|0x0000000085300000, 0x0000000085300000, 0x0000000085400000|  0%| F|  |TAMS 0x0000000085300000, 0x0000000085300000| Untracked 
|  56|0x0000000085400000, 0x0000000085400000, 0x0000000085500000|  0%| F|  |TAMS 0x0000000085400000, 0x0000000085400000| Untracked 
|  57|0x0000000085500000, 0x0000000085500000, 0x0000000085600000|  0%| F|  |TAMS 0x0000000085500000, 0x0000000085500000| Untracked 
|  58|0x0000000085600000, 0x0000000085600000, 0x0000000085700000|  0%| F|  |TAMS 0x0000000085600000, 0x0000000085600000| Untracked 
|  59|0x0000000085700000, 0x0000000085700000, 0x0000000085800000|  0%| F|  |TAMS 0x0000000085700000, 0x0000000085700000| Untracked 
|  60|0x0000000085800000, 0x0000000085800000, 0x0000000085900000|  0%| F|  |TAMS 0x0000000085800000, 0x0000000085800000| Untracked 
|  61|0x0000000085900000, 0x0000000085900000, 0x0000000085a00000|  0%| F|  |TAMS 0x0000000085900000, 0x0000000085900000| Untracked 
|  62|0x0000000085a00000, 0x0000000085a00000, 0x0000000085b00000|  0%| F|  |TAMS 0x0000000085a00000, 0x0000000085a00000| Untracked 
|  63|0x0000000085b00000, 0x0000000085b00000, 0x0000000085c00000|  0%| F|  |TAMS 0x0000000085b00000, 0x0000000085b00000| Untracked 
|  64|0x0000000085c00000, 0x0000000085c00000, 0x0000000085d00000|  0%| F|  |TAMS 0x0000000085c00000, 0x0000000085c00000| Untracked 
|  65|0x0000000085d00000, 0x0000000085d00000, 0x0000000085e00000|  0%| F|  |TAMS 0x0000000085d00000, 0x0000000085d00000| Untracked 
|  66|0x0000000085e00000, 0x0000000085e00000, 0x0000000085f00000|  0%| F|  |TAMS 0x0000000085e00000, 0x0000000085e00000| Untracked 
|  67|0x0000000085f00000, 0x0000000085f00000, 0x0000000086000000|  0%| F|  |TAMS 0x0000000085f00000, 0x0000000085f00000| Untracked 
|  68|0x0000000086000000, 0x0000000086100000, 0x0000000086100000|100%| S|CS|TAMS 0x0000000086000000, 0x0000000086000000| Complete 
|  69|0x0000000086100000, 0x0000000086200000, 0x0000000086200000|100%| S|CS|TAMS 0x0000000086100000, 0x0000000086100000| Complete 
|  70|0x0000000086200000, 0x0000000086300000, 0x0000000086300000|100%| S|CS|TAMS 0x0000000086200000, 0x0000000086200000| Complete 
|  71|0x0000000086300000, 0x0000000086400000, 0x0000000086400000|100%| S|CS|TAMS 0x0000000086300000, 0x0000000086300000| Complete 
|  72|0x0000000086400000, 0x0000000086500000, 0x0000000086500000|100%| S|CS|TAMS 0x0000000086400000, 0x0000000086400000| Complete 
|  73|0x0000000086500000, 0x0000000086600000, 0x0000000086600000|100%| S|CS|TAMS 0x0000000086500000, 0x0000000086500000| Complete 
|  74|0x0000000086600000, 0x0000000086700000, 0x0000000086700000|100%| S|CS|TAMS 0x0000000086600000, 0x0000000086600000| Complete 
|  75|0x0000000086700000, 0x0000000086800000, 0x0000000086800000|100%| S|CS|TAMS 0x0000000086700000, 0x0000000086700000| Complete 
|  76|0x0000000086800000, 0x0000000086900000, 0x0000000086900000|100%| S|CS|TAMS 0x0000000086800000, 0x0000000086800000| Complete 
|  77|0x0000000086900000, 0x0000000086a00000, 0x0000000086a00000|100%| S|CS|TAMS 0x0000000086900000, 0x0000000086900000| Complete 
|  78|0x0000000086a00000, 0x0000000086a00000, 0x0000000086b00000|  0%| F|  |TAMS 0x0000000086a00000, 0x0000000086a00000| Untracked 
|  79|0x0000000086b00000, 0x0000000086b00000, 0x0000000086c00000|  0%| F|  |TAMS 0x0000000086b00000, 0x0000000086b00000| Untracked 
|  80|0x0000000086c00000, 0x0000000086c00000, 0x0000000086d00000|  0%| F|  |TAMS 0x0000000086c00000, 0x0000000086c00000| Untracked 
|  81|0x0000000086d00000, 0x0000000086d00000, 0x0000000086e00000|  0%| F|  |TAMS 0x0000000086d00000, 0x0000000086d00000| Untracked 
|  82|0x0000000086e00000, 0x0000000086e00000, 0x0000000086f00000|  0%| F|  |TAMS 0x0000000086e00000, 0x0000000086e00000| Untracked 
|  83|0x0000000086f00000, 0x0000000086f00000, 0x0000000087000000|  0%| F|  |TAMS 0x0000000086f00000, 0x0000000086f00000| Untracked 
|  84|0x0000000087000000, 0x0000000087000000, 0x0000000087100000|  0%| F|  |TAMS 0x0000000087000000, 0x0000000087000000| Untracked 
|  85|0x0000000087100000, 0x0000000087100000, 0x0000000087200000|  0%| F|  |TAMS 0x0000000087100000, 0x0000000087100000| Untracked 
|  86|0x0000000087200000, 0x0000000087200000, 0x0000000087300000|  0%| F|  |TAMS 0x0000000087200000, 0x0000000087200000| Untracked 
|  87|0x0000000087300000, 0x0000000087300000, 0x0000000087400000|  0%| F|  |TAMS 0x0000000087300000, 0x0000000087300000| Untracked 
|  88|0x0000000087400000, 0x0000000087400000, 0x0000000087500000|  0%| F|  |TAMS 0x0000000087400000, 0x0000000087400000| Untracked 
|  89|0x0000000087500000, 0x0000000087500000, 0x0000000087600000|  0%| F|  |TAMS 0x0000000087500000, 0x0000000087500000| Untracked 
|  90|0x0000000087600000, 0x0000000087600000, 0x0000000087700000|  0%| F|  |TAMS 0x0000000087600000, 0x0000000087600000| Untracked 
|  91|0x0000000087700000, 0x0000000087700000, 0x0000000087800000|  0%| F|  |TAMS 0x0000000087700000, 0x0000000087700000| Untracked 
|  92|0x0000000087800000, 0x0000000087800000, 0x0000000087900000|  0%| F|  |TAMS 0x0000000087800000, 0x0000000087800000| Untracked 
|  93|0x0000000087900000, 0x0000000087900000, 0x0000000087a00000|  0%| F|  |TAMS 0x0000000087900000, 0x0000000087900000| Untracked 
|  94|0x0000000087a00000, 0x0000000087a00000, 0x0000000087b00000|  0%| F|  |TAMS 0x0000000087a00000, 0x0000000087a00000| Untracked 
|  95|0x0000000087b00000, 0x0000000087b00000, 0x0000000087c00000|  0%| F|  |TAMS 0x0000000087b00000, 0x0000000087b00000| Untracked 
|  96|0x0000000087c00000, 0x0000000087c00000, 0x0000000087d00000|  0%| F|  |TAMS 0x0000000087c00000, 0x0000000087c00000| Untracked 
|  97|0x0000000087d00000, 0x0000000087d00000, 0x0000000087e00000|  0%| F|  |TAMS 0x0000000087d00000, 0x0000000087d00000| Untracked 
|  98|0x0000000087e00000, 0x0000000087e00000, 0x0000000087f00000|  0%| F|  |TAMS 0x0000000087e00000, 0x0000000087e00000| Untracked 
|  99|0x0000000087f00000, 0x0000000087f00000, 0x0000000088000000|  0%| F|  |TAMS 0x0000000087f00000, 0x0000000087f00000| Untracked 
| 100|0x0000000088000000, 0x0000000088000000, 0x0000000088100000|  0%| F|  |TAMS 0x0000000088000000, 0x0000000088000000| Untracked 
| 101|0x0000000088100000, 0x0000000088100000, 0x0000000088200000|  0%| F|  |TAMS 0x0000000088100000, 0x0000000088100000| Untracked 
| 102|0x0000000088200000, 0x0000000088200000, 0x0000000088300000|  0%| F|  |TAMS 0x0000000088200000, 0x0000000088200000| Untracked 
| 103|0x0000000088300000, 0x0000000088300000, 0x0000000088400000|  0%| F|  |TAMS 0x0000000088300000, 0x0000000088300000| Untracked 
| 104|0x0000000088400000, 0x0000000088400000, 0x0000000088500000|  0%| F|  |TAMS 0x0000000088400000, 0x0000000088400000| Untracked 
| 105|0x0000000088500000, 0x0000000088500000, 0x0000000088600000|  0%| F|  |TAMS 0x0000000088500000, 0x0000000088500000| Untracked 
| 106|0x0000000088600000, 0x0000000088600000, 0x0000000088700000|  0%| F|  |TAMS 0x0000000088600000, 0x0000000088600000| Untracked 
| 107|0x0000000088700000, 0x0000000088700000, 0x0000000088800000|  0%| F|  |TAMS 0x0000000088700000, 0x0000000088700000| Untracked 
| 108|0x0000000088800000, 0x0000000088800000, 0x0000000088900000|  0%| F|  |TAMS 0x0000000088800000, 0x0000000088800000| Untracked 
| 109|0x0000000088900000, 0x0000000088900000, 0x0000000088a00000|  0%| F|  |TAMS 0x0000000088900000, 0x0000000088900000| Untracked 
| 110|0x0000000088a00000, 0x0000000088a00000, 0x0000000088b00000|  0%| F|  |TAMS 0x0000000088a00000, 0x0000000088a00000| Untracked 
| 111|0x0000000088b00000, 0x0000000088b00000, 0x0000000088c00000|  0%| F|  |TAMS 0x0000000088b00000, 0x0000000088b00000| Untracked 
| 112|0x0000000088c00000, 0x0000000088c00000, 0x0000000088d00000|  0%| F|  |TAMS 0x0000000088c00000, 0x0000000088c00000| Untracked 
| 113|0x0000000088d00000, 0x0000000088d00000, 0x0000000088e00000|  0%| F|  |TAMS 0x0000000088d00000, 0x0000000088d00000| Untracked 
| 114|0x0000000088e00000, 0x0000000088e00000, 0x0000000088f00000|  0%| F|  |TAMS 0x0000000088e00000, 0x0000000088e00000| Untracked 
| 115|0x0000000088f00000, 0x0000000088f00000, 0x0000000089000000|  0%| F|  |TAMS 0x0000000088f00000, 0x0000000088f00000| Untracked 
| 116|0x0000000089000000, 0x0000000089000000, 0x0000000089100000|  0%| F|  |TAMS 0x0000000089000000, 0x0000000089000000| Untracked 
| 117|0x0000000089100000, 0x0000000089100000, 0x0000000089200000|  0%| F|  |TAMS 0x0000000089100000, 0x0000000089100000| Untracked 
| 118|0x0000000089200000, 0x0000000089200000, 0x0000000089300000|  0%| F|  |TAMS 0x0000000089200000, 0x0000000089200000| Untracked 
| 119|0x0000000089300000, 0x0000000089300000, 0x0000000089400000|  0%| F|  |TAMS 0x0000000089300000, 0x0000000089300000| Untracked 
| 120|0x0000000089400000, 0x0000000089400000, 0x0000000089500000|  0%| F|  |TAMS 0x0000000089400000, 0x0000000089400000| Untracked 
| 121|0x0000000089500000, 0x0000000089500000, 0x0000000089600000|  0%| F|  |TAMS 0x0000000089500000, 0x0000000089500000| Untracked 
| 122|0x0000000089600000, 0x0000000089600000, 0x0000000089700000|  0%| F|  |TAMS 0x0000000089600000, 0x0000000089600000| Untracked 
| 123|0x0000000089700000, 0x0000000089700000, 0x0000000089800000|  0%| F|  |TAMS 0x0000000089700000, 0x0000000089700000| Untracked 
| 124|0x0000000089800000, 0x0000000089800000, 0x0000000089900000|  0%| F|  |TAMS 0x0000000089800000, 0x0000000089800000| Untracked 
| 125|0x0000000089900000, 0x0000000089900000, 0x0000000089a00000|  0%| F|  |TAMS 0x0000000089900000, 0x0000000089900000| Untracked 
| 126|0x0000000089a00000, 0x0000000089a00000, 0x0000000089b00000|  0%| F|  |TAMS 0x0000000089a00000, 0x0000000089a00000| Untracked 
| 127|0x0000000089b00000, 0x0000000089b00000, 0x0000000089c00000|  0%| F|  |TAMS 0x0000000089b00000, 0x0000000089b00000| Untracked 
| 128|0x0000000089c00000, 0x0000000089c00000, 0x0000000089d00000|  0%| F|  |TAMS 0x0000000089c00000, 0x0000000089c00000| Untracked 
| 129|0x0000000089d00000, 0x0000000089d00000, 0x0000000089e00000|  0%| F|  |TAMS 0x0000000089d00000, 0x0000000089d00000| Untracked 
| 130|0x0000000089e00000, 0x0000000089e00000, 0x0000000089f00000|  0%| F|  |TAMS 0x0000000089e00000, 0x0000000089e00000| Untracked 
| 131|0x0000000089f00000, 0x0000000089f00000, 0x000000008a000000|  0%| F|  |TAMS 0x0000000089f00000, 0x0000000089f00000| Untracked 
| 132|0x000000008a000000, 0x000000008a000000, 0x000000008a100000|  0%| F|  |TAMS 0x000000008a000000, 0x000000008a000000| Untracked 
| 133|0x000000008a100000, 0x000000008a100000, 0x000000008a200000|  0%| F|  |TAMS 0x000000008a100000, 0x000000008a100000| Untracked 
| 134|0x000000008a200000, 0x000000008a200000, 0x000000008a300000|  0%| F|  |TAMS 0x000000008a200000, 0x000000008a200000| Untracked 
| 135|0x000000008a300000, 0x000000008a300000, 0x000000008a400000|  0%| F|  |TAMS 0x000000008a300000, 0x000000008a300000| Untracked 
| 136|0x000000008a400000, 0x000000008a400000, 0x000000008a500000|  0%| F|  |TAMS 0x000000008a400000, 0x000000008a400000| Untracked 
| 137|0x000000008a500000, 0x000000008a500000, 0x000000008a600000|  0%| F|  |TAMS 0x000000008a500000, 0x000000008a500000| Untracked 
| 138|0x000000008a600000, 0x000000008a600000, 0x000000008a700000|  0%| F|  |TAMS 0x000000008a600000, 0x000000008a600000| Untracked 
| 139|0x000000008a700000, 0x000000008a700000, 0x000000008a800000|  0%| F|  |TAMS 0x000000008a700000, 0x000000008a700000| Untracked 
| 140|0x000000008a800000, 0x000000008a800000, 0x000000008a900000|  0%| F|  |TAMS 0x000000008a800000, 0x000000008a800000| Untracked 
| 141|0x000000008a900000, 0x000000008a900000, 0x000000008aa00000|  0%| F|  |TAMS 0x000000008a900000, 0x000000008a900000| Untracked 
| 142|0x000000008aa00000, 0x000000008aa00000, 0x000000008ab00000|  0%| F|  |TAMS 0x000000008aa00000, 0x000000008aa00000| Untracked 
| 143|0x000000008ab00000, 0x000000008ab07f80, 0x000000008ac00000|  3%| E|  |TAMS 0x000000008ab00000, 0x000000008ab00000| Complete 
| 144|0x000000008ac00000, 0x000000008ad00000, 0x000000008ad00000|100%| E|CS|TAMS 0x000000008ac00000, 0x000000008ac00000| Complete 
| 145|0x000000008ad00000, 0x000000008ae00000, 0x000000008ae00000|100%| E|CS|TAMS 0x000000008ad00000, 0x000000008ad00000| Complete 
| 146|0x000000008ae00000, 0x000000008af00000, 0x000000008af00000|100%| E|CS|TAMS 0x000000008ae00000, 0x000000008ae00000| Complete 
| 147|0x000000008af00000, 0x000000008b000000, 0x000000008b000000|100%| E|CS|TAMS 0x000000008af00000, 0x000000008af00000| Complete 
| 148|0x000000008b000000, 0x000000008b100000, 0x000000008b100000|100%| E|CS|TAMS 0x000000008b000000, 0x000000008b000000| Complete 
| 149|0x000000008b100000, 0x000000008b200000, 0x000000008b200000|100%| E|CS|TAMS 0x000000008b100000, 0x000000008b100000| Complete 
| 150|0x000000008b200000, 0x000000008b300000, 0x000000008b300000|100%| E|CS|TAMS 0x000000008b200000, 0x000000008b200000| Complete 
| 151|0x000000008b300000, 0x000000008b400000, 0x000000008b400000|100%| E|CS|TAMS 0x000000008b300000, 0x000000008b300000| Complete 
| 152|0x000000008b400000, 0x000000008b500000, 0x000000008b500000|100%| E|CS|TAMS 0x000000008b400000, 0x000000008b400000| Complete 
| 153|0x000000008b500000, 0x000000008b600000, 0x000000008b600000|100%| E|CS|TAMS 0x000000008b500000, 0x000000008b500000| Complete 

Card table byte_map: [0x00000264490e0000,0x00000264494e0000] _byte_map_base: 0x0000026448cd2000

Marking Bits (Prev, Next): (CMBitMap*) 0x00000264357ca568, (CMBitMap*) 0x00000264357ca5a0
 Prev Bits: [0x00000264498e0000, 0x000002644b870000)
 Next Bits: [0x000002644b870000, 0x000002644d800000)

Polling page: 0x0000026434120000

Metaspace:

Usage:
  Non-class:     47.71 MB capacity,    47.28 MB (>99%) used,   354.52 KB ( <1%) free+waste,    84.06 KB ( <1%) overhead. 
      Class:      6.48 MB capacity,     6.20 MB ( 96%) used,   254.13 KB (  4%) free+waste,    37.31 KB ( <1%) overhead. 
       Both:     54.19 MB capacity,    53.48 MB ( 99%) used,   608.64 KB (  1%) free+waste,   121.38 KB ( <1%) overhead. 

Virtual space:
  Non-class space:       48.00 MB reserved,      47.75 MB (>99%) committed 
      Class space:        1.00 GB reserved,       6.62 MB ( <1%) committed 
             Both:        1.05 GB reserved,      54.37 MB (  5%) committed 

Chunk freelists:
   Non-Class:  40.00 KB
       Class:  18.00 KB
        Both:  58.00 KB

MaxMetaspaceSize: 17179869184.00 GB
CompressedClassSpaceSize: 1.00 GB

CodeHeap 'non-profiled nmethods': size=120000Kb used=1775Kb max_used=1775Kb free=118224Kb
 bounds [0x0000026440d50000, 0x0000026440fc0000, 0x0000026448280000]
CodeHeap 'profiled nmethods': size=120000Kb used=11333Kb max_used=11333Kb free=108666Kb
 bounds [0x0000026439820000, 0x000002643a340000, 0x0000026440d50000]
CodeHeap 'non-nmethods': size=5760Kb used=1202Kb max_used=1239Kb free=4557Kb
 bounds [0x0000026439280000, 0x00000264394f0000, 0x0000026439820000]
 total_blobs=5715 nmethods=5154 adapters=472
 compilation: enabled
              stopped_count=0, restarted_count=0
 full_count=0

Compilation events (20 events):
Event: 6.130 Thread 0x0000026450bcd800 5207       1       org.jetbrains.kotlin.load.java.lazy.descriptors.LazyJavaClassMemberScope::access$getJClass$p (5 bytes)
Event: 6.130 Thread 0x0000026450bcd800 nmethod 5207 0x0000026440f0b390 code [0x0000026440f0b540, 0x0000026440f0b5d8]
Event: 6.135 Thread 0x0000026450bcd800 5208       2       org.jetbrains.kotlin.types.checker.KotlinTypePreparator::transformToNewType (761 bytes)
Event: 6.139 Thread 0x0000026450bcd800 nmethod 5208 0x000002643a325390 code [0x000002643a325ae0, 0x000002643a327ff8]
Event: 6.139 Thread 0x0000026450bcd800 5209       2       kotlin.jvm.internal.FunctionReference::<init> (37 bytes)
Event: 6.140 Thread 0x0000026450bcd800 nmethod 5209 0x000002643a32a090 code [0x000002643a32a240, 0x000002643a32a4d8]
Event: 6.142 Thread 0x0000026450bcd800 5210       2       java.util.ArrayDeque::isEmpty (17 bytes)
Event: 6.142 Thread 0x0000026450bcd800 nmethod 5210 0x000002643a32a590 code [0x000002643a32a740, 0x000002643a32a858]
Event: 6.142 Thread 0x0000026450bcd800 5211       2       org.jetbrains.kotlin.config.LanguageVersionSettings$DefaultImpls::supportsFeature (55 bytes)
Event: 6.143 Thread 0x0000026450bcd800 nmethod 5211 0x000002643a32a910 code [0x000002643a32ab60, 0x000002643a32afe8]
Event: 6.144 Thread 0x0000026450bcd800 5213       2       org.jetbrains.kotlin.config.MavenComparableVersion$ListItem::compareTo (229 bytes)
Event: 6.145 Thread 0x0000026450bcd800 nmethod 5213 0x000002643a32b310 code [0x000002643a32b5e0, 0x000002643a32c078]
Event: 6.148 Thread 0x0000026450bcd800 5214       2       org.jetbrains.kotlin.resolve.calls.components.ClassicTypeSystemContextForCS::typeConstructor (9 bytes)
Event: 6.148 Thread 0x0000026450bcd800 nmethod 5214 0x000002643a32c610 code [0x000002643a32c7c0, 0x000002643a32c8c8]
Event: 6.148 Thread 0x0000026450bcd800 5215       2       org.jetbrains.kotlin.resolve.calls.components.ClassicTypeSystemContextForCS::asSimpleType (9 bytes)
Event: 6.149 Thread 0x0000026450bcd800 nmethod 5215 0x000002643a32c990 code [0x000002643a32cb40, 0x000002643a32cc48]
Event: 6.172 Thread 0x0000026450bcd800 5219       2       java.lang.invoke.LambdaForm::normalize (322 bytes)
Event: 6.174 Thread 0x0000026450bcd800 nmethod 5219 0x000002643a32cd10 code [0x000002643a32cf60, 0x000002643a32d8d8]
Event: 6.177 Thread 0x0000026450bcd800 5220       2       org.jetbrains.kotlin.com.intellij.util.containers.ConcurrentIntObjectHashMap$Node::<init> (26 bytes)
Event: 6.177 Thread 0x0000026450bcd800 nmethod 5220 0x000002643a32de10 code [0x000002643a32dfc0, 0x000002643a32e178]

GC Heap History (12 events):
Event: 0.590 GC heap before
{Heap before GC invocations=0 (full 0):
 garbage-first heap   total 131072K, used 27648K [0x0000000081c00000, 0x0000000100000000)
  region size 1024K, 24 young (24576K), 0 survivors (0K)
 Metaspace       used 12179K, capacity 12277K, committed 12544K, reserved 1060864K
  class space    used 1140K, capacity 1174K, committed 1280K, reserved 1048576K
}
Event: 0.593 GC heap after
{Heap after GC invocations=1 (full 0):
 garbage-first heap   total 131072K, used 5939K [0x0000000081c00000, 0x0000000100000000)
  region size 1024K, 3 young (3072K), 3 survivors (3072K)
 Metaspace       used 12179K, capacity 12277K, committed 12544K, reserved 1060864K
  class space    used 1140K, capacity 1174K, committed 1280K, reserved 1048576K
}
Event: 1.442 GC heap before
{Heap before GC invocations=1 (full 0):
 garbage-first heap   total 131072K, used 42803K [0x0000000081c00000, 0x0000000100000000)
  region size 1024K, 40 young (40960K), 3 survivors (3072K)
 Metaspace       used 21008K, capacity 21182K, committed 21248K, reserved 1069056K
  class space    used 2224K, capacity 2291K, committed 2304K, reserved 1048576K
}
Event: 1.454 GC heap after
{Heap after GC invocations=2 (full 0):
 garbage-first heap   total 131072K, used 9624K [0x0000000081c00000, 0x0000000100000000)
  region size 1024K, 7 young (7168K), 7 survivors (7168K)
 Metaspace       used 21008K, capacity 21182K, committed 21248K, reserved 1069056K
  class space    used 2224K, capacity 2291K, committed 2304K, reserved 1048576K
}
Event: 2.733 GC heap before
{Heap before GC invocations=3 (full 0):
 garbage-first heap   total 131072K, used 72088K [0x0000000081c00000, 0x0000000100000000)
  region size 1024K, 56 young (57344K), 7 survivors (7168K)
 Metaspace       used 31287K, capacity 31772K, committed 31868K, reserved 1077248K
  class space    used 3712K, capacity 3896K, committed 3964K, reserved 1048576K
}
Event: 2.753 GC heap after
{Heap after GC invocations=4 (full 0):
 garbage-first heap   total 131072K, used 24468K [0x0000000081c00000, 0x0000000100000000)
  region size 1024K, 7 young (7168K), 7 survivors (7168K)
 Metaspace       used 31287K, capacity 31772K, committed 31868K, reserved 1077248K
  class space    used 3712K, capacity 3896K, committed 3964K, reserved 1048576K
}
Event: 3.340 GC heap before
{Heap before GC invocations=4 (full 0):
 garbage-first heap   total 131072K, used 44948K [0x0000000081c00000, 0x0000000100000000)
  region size 1024K, 28 young (28672K), 7 survivors (7168K)
 Metaspace       used 35332K, capacity 35840K, committed 35964K, reserved 1081344K
  class space    used 4153K, capacity 4355K, committed 4476K, reserved 1048576K
}
Event: 3.354 GC heap after
{Heap after GC invocations=5 (full 0):
 garbage-first heap   total 131072K, used 24576K [0x0000000081c00000, 0x0000000100000000)
  region size 1024K, 3 young (3072K), 3 survivors (3072K)
 Metaspace       used 35332K, capacity 35840K, committed 35964K, reserved 1081344K
  class space    used 4153K, capacity 4355K, committed 4476K, reserved 1048576K
}
Event: 4.352 GC heap before
{Heap before GC invocations=6 (full 0):
 garbage-first heap   total 131072K, used 93184K [0x0000000081c00000, 0x0000000100000000)
  region size 1024K, 67 young (68608K), 3 survivors (3072K)
 Metaspace       used 45285K, capacity 45900K, committed 46076K, reserved 1089536K
  class space    used 5337K, capacity 5549K, committed 5628K, reserved 1048576K
}
Event: 4.368 GC heap after
{Heap after GC invocations=7 (full 0):
 garbage-first heap   total 157696K, used 32383K [0x0000000081c00000, 0x0000000100000000)
  region size 1024K, 9 young (9216K), 9 survivors (9216K)
 Metaspace       used 45285K, capacity 45900K, committed 46076K, reserved 1089536K
  class space    used 5337K, capacity 5549K, committed 5628K, reserved 1048576K
}
Event: 6.000 GC heap before
{Heap before GC invocations=7 (full 0):
 garbage-first heap   total 157696K, used 110207K [0x0000000081c00000, 0x0000000100000000)
  region size 1024K, 85 young (87040K), 9 survivors (9216K)
 Metaspace       used 53578K, capacity 54278K, committed 54396K, reserved 1097728K
  class space    used 6151K, capacity 6423K, committed 6524K, reserved 1048576K
}
Event: 6.029 GC heap after
{Heap after GC invocations=8 (full 0):
 garbage-first heap   total 157696K, used 41984K [0x0000000081c00000, 0x0000000100000000)
  region size 1024K, 10 young (10240K), 10 survivors (10240K)
 Metaspace       used 53578K, capacity 54278K, committed 54396K, reserved 1097728K
  class space    used 6151K, capacity 6423K, committed 6524K, reserved 1048576K
}

Deoptimization events (20 events):
Event: 6.080 Thread 0x000002643578b000 Uncommon trap: trap_request=0xffffff4d fr.pc=0x0000026440e817bc relative=0x000000000000011c
Event: 6.080 Thread 0x000002643578b000 Uncommon trap: reason=unstable_if action=reinterpret pc=0x0000026440e817bc method=org.jetbrains.kotlin.com.intellij.psi.tree.TokenSet.contains(Lorg/jetbrains/kotlin/com/intellij/psi/tree/IElementType;)Z @ 1 c2
Event: 6.080 Thread 0x000002643578b000 DEOPT PACKING pc=0x0000026440e817bc sp=0x000000b6b1bfb2d0
Event: 6.080 Thread 0x000002643578b000 DEOPT UNPACKING pc=0x00000264392a78af sp=0x000000b6b1bfb288 mode 2
Event: 6.089 Thread 0x000002643578b000 Uncommon trap: trap_request=0xffffffc6 fr.pc=0x0000026440e1aa94 relative=0x0000000000000074
Event: 6.089 Thread 0x000002643578b000 Uncommon trap: reason=bimorphic_or_optimized_type_check action=maybe_recompile pc=0x0000026440e1aa94 method=java.util.Collections$UnmodifiableCollection.size()I @ 4 c2
Event: 6.089 Thread 0x000002643578b000 DEOPT PACKING pc=0x0000026440e1aa94 sp=0x000000b6b1bfac00
Event: 6.089 Thread 0x000002643578b000 DEOPT UNPACKING pc=0x00000264392a78af sp=0x000000b6b1bfab88 mode 2
Event: 6.089 Thread 0x000002643578b000 Uncommon trap: trap_request=0xffffffc6 fr.pc=0x0000026440ec51f0 relative=0x0000000000000cf0
Event: 6.089 Thread 0x000002643578b000 Uncommon trap: reason=bimorphic_or_optimized_type_check action=maybe_recompile pc=0x0000026440ec51f0 method=kotlin.collections.CollectionsKt___CollectionsKt.toList(Ljava/lang/Iterable;)Ljava/util/List; @ 71 c2
Event: 6.089 Thread 0x000002643578b000 DEOPT PACKING pc=0x0000026440ec51f0 sp=0x000000b6b1bfac20
Event: 6.089 Thread 0x000002643578b000 DEOPT UNPACKING pc=0x00000264392a78af sp=0x000000b6b1bfac10 mode 2
Event: 6.110 Thread 0x000002643578b000 Uncommon trap: trap_request=0xffffffde fr.pc=0x0000026440ee5428 relative=0x0000000000000fa8
Event: 6.110 Thread 0x000002643578b000 Uncommon trap: reason=class_check action=maybe_recompile pc=0x0000026440ee5428 method=org.jetbrains.kotlin.load.java.lazy.descriptors.LazyJavaScope.getFunctionNamesLazy()Ljava/util/Set; @ 13 c2
Event: 6.110 Thread 0x000002643578b000 DEOPT PACKING pc=0x0000026440ee5428 sp=0x000000b6b1bfbc70
Event: 6.110 Thread 0x000002643578b000 DEOPT UNPACKING pc=0x00000264392a78af sp=0x000000b6b1bfbb80 mode 2
Event: 6.110 Thread 0x000002643578b000 Uncommon trap: trap_request=0xffffffde fr.pc=0x0000026440ee5428 relative=0x0000000000000fa8
Event: 6.110 Thread 0x000002643578b000 Uncommon trap: reason=class_check action=maybe_recompile pc=0x0000026440ee5428 method=org.jetbrains.kotlin.load.java.lazy.descriptors.LazyJavaScope.getFunctionNamesLazy()Ljava/util/Set; @ 13 c2
Event: 6.110 Thread 0x000002643578b000 DEOPT PACKING pc=0x0000026440ee5428 sp=0x000000b6b1bfbc70
Event: 6.110 Thread 0x000002643578b000 DEOPT UNPACKING pc=0x00000264392a78af sp=0x000000b6b1bfbb80 mode 2

Classes redefined (0 events):
No events

Internal exceptions (20 events):
Event: 1.770 Thread 0x000002643578b000 Exception <a 'java/lang/NoSuchMethodError'{0x0000000089281f38}: 'java.lang.Object java.lang.invoke.DirectMethodHandle$Holder.invokeStatic(java.lang.Object, java.lang.Object, java.lang.Object, java.lang.Object, int)'> (0x0000000089281f38) thrown at [./src/hotspot/share/interpreter/linkResolver.cpp, line 773]
Event: 1.828 Thread 0x000002643578b000 Implicit null exception at 0x0000026440dd5fac to 0x0000026440dd615a
Event: 1.871 Thread 0x000002643578b000 Exception <a 'java/lang/NoSuchMethodError'{0x0000000088dfd7b0}: 'void java.lang.invoke.DirectMethodHandle$Holder.invokeStatic(java.lang.Object, java.lang.Object, java.lang.Object, java.lang.Object)'> (0x0000000088dfd7b0) thrown at [./src/hotspot/share/interpreter/linkResolver.cpp, line 773]
Event: 1.914 Thread 0x000002643578b000 Exception <a 'java/lang/NoSuchMethodError'{0x0000000088b4c4e0}: 'void java.lang.invoke.DirectMethodHandle$Holder.invokeSpecial(java.lang.Object, java.lang.Object)'> (0x0000000088b4c4e0) thrown at [./src/hotspot/share/interpreter/linkResolver.cpp, line 773]
Event: 1.982 Thread 0x000002643578b000 Exception <a 'java/lang/NoSuchMethodError'{0x00000000889f1d28}: 'void java.lang.invoke.DirectMethodHandle$Holder.invokeStaticInit(java.lang.Object, java.lang.Object)'> (0x00000000889f1d28) thrown at [./src/hotspot/share/interpreter/linkResolver.cpp, line 773]
Event: 1.994 Thread 0x000002643578b000 Exception <a 'java/lang/NoSuchMethodError'{0x0000000088830618}: 'void java.lang.invoke.DirectMethodHandle$Holder.invokeInterface(java.lang.Object, java.lang.Object)'> (0x0000000088830618) thrown at [./src/hotspot/share/interpreter/linkResolver.cpp, line 773]
Event: 2.122 Thread 0x000002643578b000 Exception <a 'java/lang/NoSuchMethodError'{0x0000000088488fb8}: 'void java.lang.invoke.DirectMethodHandle$Holder.invokeVirtual(java.lang.Object, java.lang.Object)'> (0x0000000088488fb8) thrown at [./src/hotspot/share/interpreter/linkResolver.cpp, line 773]
Event: 2.134 Thread 0x000002643578b000 Exception <a 'java/lang/NoSuchMethodError'{0x00000000884febb0}: 'int java.lang.invoke.DirectMethodHandle$Holder.invokeVirtual(java.lang.Object, java.lang.Object)'> (0x00000000884febb0) thrown at [./src/hotspot/share/interpreter/linkResolver.cpp, line 773]
Event: 2.945 Thread 0x000002643578b000 Exception <a 'java/lang/NoSuchMethodError'{0x000000008930cb50}: 'java.lang.Object java.lang.invoke.DirectMethodHandle$Holder.invokeVirtual(java.lang.Object, java.lang.Object, java.lang.Object)'> (0x000000008930cb50) thrown at [./src/hotspot/share/interpreter/linkResolver.cpp, line 773]
Event: 3.916 Thread 0x000002643578b000 Exception <a 'java/lang/NoSuchMethodError'{0x0000000087a40d48}: 'java.lang.Object java.lang.invoke.DirectMethodHandle$Holder.invokeStatic(java.lang.Object, java.lang.Object, java.lang.Object, int)'> (0x0000000087a40d48) thrown at [./src/hotspot/share/interpreter/linkResolver.cpp, line 773]
Event: 3.916 Thread 0x000002643578b000 Exception <a 'java/lang/NoSuchMethodError'{0x0000000087a449b8}: 'java.lang.Object java.lang.invoke.DirectMethodHandle$Holder.invokeSpecial(java.lang.Object, java.lang.Object, java.lang.Object, java.lang.Object, int)'> (0x0000000087a449b8) thrown at [./src/hotspot/share/interpreter/linkResolver.cpp, line 773]
Event: 3.916 Thread 0x000002643578b000 Exception <a 'java/lang/NoSuchMethodError'{0x0000000087a47cc8}: 'java.lang.Object java.lang.invoke.Invokers$Holder.linkToTargetMethod(java.lang.Object, java.lang.Object, int, java.lang.Object)'> (0x0000000087a47cc8) thrown at [./src/hotspot/share/interpreter/linkResolver.cpp, line 773]
Event: 4.094 Thread 0x000002643578b000 Exception <a 'java/lang/NoSuchMethodError'{0x0000000087223308}: 'java.lang.Object java.lang.invoke.Invokers$Holder.linkToTargetMethod(java.lang.Object, int, java.lang.Object)'> (0x0000000087223308) thrown at [./src/hotspot/share/interpreter/linkResolver.cpp, line 773]
Event: 5.033 Thread 0x000002643578b000 Exception <a 'java/lang/NoSuchMethodError'{0x0000000089ad3bc0}: 'java.lang.Object java.lang.invoke.DirectMethodHandle$Holder.invokeStaticInit(java.lang.Object, java.lang.Object, java.lang.Object)'> (0x0000000089ad3bc0) thrown at [./src/hotspot/share/interpreter/linkResolver.cpp, line 773]
Event: 5.824 Thread 0x000002643578b000 Implicit null exception at 0x0000026440dac8de to 0x0000026440dad04a
Event: 5.825 Thread 0x000002643578b000 Implicit null exception at 0x0000026440da9d2f to 0x0000026440da9d9d
Event: 5.849 Thread 0x000002643578b000 Exception <a 'java/lang/NoSuchMethodError'{0x0000000087273598}: 'java.lang.Object java.lang.invoke.Invokers$Holder.linkToTargetMethod(java.lang.Object, java.lang.Object, java.lang.Object, java.lang.Object, java.lang.Object, java.lang.Object)'> (0x0000000087273598) thrown at [./src/hotspot/share/interpreter/linkResolver.cpp, line 773]
Event: 6.080 Thread 0x000002643578b000 Implicit null exception at 0x0000026440e816cc to 0x0000026440e817a8
Event: 6.173 Thread 0x000002643578b000 Exception <a 'java/lang/NoSuchMethodError'{0x000000008ade7600}: 'java.lang.Object java.lang.invoke.DirectMethodHandle$Holder.invokeSpecial(java.lang.Object, java.lang.Object, java.lang.Object, java.lang.Object, java.lang.Object, int)'> (0x000000008ade7600) thrown at [./src/hotspot/share/interpreter/linkResolver.cpp, line 773]
Event: 6.173 Thread 0x000002643578b000 Exception <a 'java/lang/NoSuchMethodError'{0x000000008adeb448}: 'java.lang.Object java.lang.invoke.Invokers$Holder.linkToTargetMethod(java.lang.Object, java.lang.Object, java.lang.Object, int, java.lang.Object)'> (0x000000008adeb448) thrown at [./src/hotspot/share/interpreter/linkResolver.cpp, line 773]

Events (20 events):
Event: 6.174 loading class org/jetbrains/kotlin/com/intellij/psi/impl/source/PsiJavaCodeReferenceElementImpl$1
Event: 6.174 loading class org/jetbrains/kotlin/com/intellij/psi/impl/source/PsiJavaCodeReferenceElementImpl$1 done
Event: 6.174 loading class org/jetbrains/kotlin/com/intellij/psi/impl/source/resolve/ClassResolverProcessor
Event: 6.174 loading class org/jetbrains/kotlin/com/intellij/psi/impl/source/resolve/ClassResolverProcessor done
Event: 6.176 loading class org/jetbrains/kotlin/com/intellij/psi/JavaResolveResult$1
Event: 6.176 loading class org/jetbrains/kotlin/com/intellij/psi/JavaResolveResult$1 done
Event: 6.176 loading class org/jetbrains/kotlin/com/intellij/psi/PsiResolveHelper$SERVICE
Event: 6.176 loading class org/jetbrains/kotlin/com/intellij/psi/PsiResolveHelper$SERVICE done
Event: 6.177 loading class org/jetbrains/kotlin/com/intellij/psi/scope/util/PsiScopesUtil
Event: 6.177 loading class org/jetbrains/kotlin/com/intellij/psi/scope/util/PsiScopesUtil done
Event: 6.179 loading class org/jetbrains/kotlin/com/intellij/psi/PsiCallExpression
Event: 6.179 loading class org/jetbrains/kotlin/com/intellij/psi/PsiCallExpression done
Event: 6.179 loading class org/jetbrains/kotlin/com/intellij/psi/PsiCall
Event: 6.179 loading class org/jetbrains/kotlin/com/intellij/psi/PsiCall done
Event: 6.181 loading class org/jetbrains/kotlin/com/intellij/psi/ResolveState
Event: 6.181 loading class org/jetbrains/kotlin/com/intellij/psi/ResolveState done
Event: 6.181 loading class org/jetbrains/kotlin/com/intellij/psi/ResolveState$OneElementResolveState
Event: 6.181 loading class org/jetbrains/kotlin/com/intellij/psi/ResolveState$OneElementResolveState done
Event: 6.182 loading class org/jetbrains/kotlin/com/intellij/psi/scope/JavaScopeProcessorEvent
Event: 6.182 loading class org/jetbrains/kotlin/com/intellij/psi/scope/JavaScopeProcessorEvent done


Dynamic libraries:
0x00007ff77dcb0000 - 0x00007ff77dcba000 	C:\Program Files\Android\Android Studio\jre\bin\java.exe
0x00007ffd6edf0000 - 0x00007ffd6efe5000 	C:\WINDOWS\SYSTEM32\ntdll.dll
0x00007ffd6ebc0000 - 0x00007ffd6ec7d000 	C:\WINDOWS\System32\KERNEL32.DLL
0x00007ffd6ca90000 - 0x00007ffd6cd59000 	C:\WINDOWS\System32\KERNELBASE.dll
0x00007ffd6c800000 - 0x00007ffd6c900000 	C:\WINDOWS\System32\ucrtbase.dll
0x00007ffd3ec90000 - 0x00007ffd3eca9000 	C:\Program Files\Android\Android Studio\jre\bin\jli.dll
0x00007ffd41f40000 - 0x00007ffd41f57000 	C:\Program Files\Android\Android Studio\jre\bin\VCRUNTIME140.dll
0x00007ffd6d200000 - 0x00007ffd6d3a0000 	C:\WINDOWS\System32\USER32.dll
0x00007ffd6c900000 - 0x00007ffd6c922000 	C:\WINDOWS\System32\win32u.dll
0x00007ffd4bb30000 - 0x00007ffd4bdca000 	C:\WINDOWS\WinSxS\amd64_microsoft.windows.common-controls_6595b64144ccf1df_6.0.19041.1110_none_60b5254171f9507e\COMCTL32.dll
0x00007ffd6ce50000 - 0x00007ffd6ce7a000 	C:\WINDOWS\System32\GDI32.dll
0x00007ffd6d4d0000 - 0x00007ffd6d56e000 	C:\WINDOWS\System32\msvcrt.dll
0x00007ffd6c930000 - 0x00007ffd6ca3b000 	C:\WINDOWS\System32\gdi32full.dll
0x00007ffd6c520000 - 0x00007ffd6c5bd000 	C:\WINDOWS\System32\msvcp_win.dll
0x00007ffd6d590000 - 0x00007ffd6d5c0000 	C:\WINDOWS\System32\IMM32.DLL
0x00007ffd04d90000 - 0x00007ffd04e2d000 	C:\Program Files\Android\Android Studio\jre\bin\msvcp140.dll
0x00007ffcf2050000 - 0x00007ffcf2b1f000 	C:\Program Files\Android\Android Studio\jre\bin\server\jvm.dll
0x00007ffd6cef0000 - 0x00007ffd6cf9c000 	C:\WINDOWS\System32\ADVAPI32.dll
0x00007ffd6dc10000 - 0x00007ffd6dcab000 	C:\WINDOWS\System32\sechost.dll
0x00007ffd6ec80000 - 0x00007ffd6edaa000 	C:\WINDOWS\System32\RPCRT4.dll
0x00007ffd6ce80000 - 0x00007ffd6ce88000 	C:\WINDOWS\System32\PSAPI.DLL
0x00007ffd52350000 - 0x00007ffd52377000 	C:\WINDOWS\SYSTEM32\WINMM.dll
0x00007ffd5fd30000 - 0x00007ffd5fd3a000 	C:\WINDOWS\SYSTEM32\VERSION.dll
0x00007ffd532e0000 - 0x00007ffd532e9000 	C:\WINDOWS\SYSTEM32\WSOCK32.dll
0x00007ffd6dba0000 - 0x00007ffd6dc0b000 	C:\WINDOWS\System32\WS2_32.dll
0x00007ffd6ae00000 - 0x00007ffd6ae12000 	C:\WINDOWS\SYSTEM32\kernel.appcore.dll
0x00007ffd48a40000 - 0x00007ffd48a51000 	C:\Program Files\Android\Android Studio\jre\bin\verify.dll
0x00007ffd67c10000 - 0x00007ffd67df4000 	C:\WINDOWS\SYSTEM32\DBGHELP.DLL
0x00007ffd55210000 - 0x00007ffd5523c000 	C:\WINDOWS\SYSTEM32\dbgcore.DLL
0x00007ffd6cdc0000 - 0x00007ffd6ce43000 	C:\WINDOWS\System32\bcryptPrimitives.dll
0x00007ffd421d0000 - 0x00007ffd421f9000 	C:\Program Files\Android\Android Studio\jre\bin\java.dll
0x00007ffd51d00000 - 0x00007ffd51d0b000 	C:\Program Files\Android\Android Studio\jre\bin\jimage.dll
0x00007ffd48a20000 - 0x00007ffd48a38000 	C:\Program Files\Android\Android Studio\jre\bin\zip.dll
0x00007ffd6dd10000 - 0x00007ffd6e44f000 	C:\WINDOWS\System32\SHELL32.dll
0x00007ffd6a600000 - 0x00007ffd6ad90000 	C:\WINDOWS\SYSTEM32\windows.storage.dll
0x00007ffd6e860000 - 0x00007ffd6ebb5000 	C:\WINDOWS\System32\combase.dll
0x00007ffd6bf10000 - 0x00007ffd6bf3c000 	C:\WINDOWS\SYSTEM32\Wldp.dll
0x00007ffd6cfa0000 - 0x00007ffd6d04e000 	C:\WINDOWS\System32\SHCORE.dll
0x00007ffd6db40000 - 0x00007ffd6db95000 	C:\WINDOWS\System32\shlwapi.dll
0x00007ffd6c460000 - 0x00007ffd6c47f000 	C:\WINDOWS\SYSTEM32\profapi.dll
0x00007ffd421b0000 - 0x00007ffd421ca000 	C:\Program Files\Android\Android Studio\jre\bin\net.dll
0x00007ffd66920000 - 0x00007ffd66a28000 	C:\WINDOWS\SYSTEM32\WINHTTP.dll
0x00007ffd6bc70000 - 0x00007ffd6bcda000 	C:\WINDOWS\system32\mswsock.dll
0x00007ffd42150000 - 0x00007ffd42164000 	C:\Program Files\Android\Android Studio\jre\bin\nio.dll

dbghelp: loaded successfully - version: 4.0.5 - missing functions: none
symbol engine: initialized successfully - sym options: 0x614 - pdb path: .;C:\Program Files\Android\Android Studio\jre\bin;C:\WINDOWS\SYSTEM32;C:\WINDOWS\WinSxS\amd64_microsoft.windows.common-controls_6595b64144ccf1df_6.0.19041.1110_none_60b5254171f9507e;C:\Program Files\Android\Android Studio\jre\bin\server

VM Arguments:
java_command: org.jetbrains.kotlin.cli.jvm.K2JVMCompiler @C:\Users\USER\AndroidStudioProjects\Notitest01\app\build\20210826_602839703118826456.compiler.options
java_class_path (initial): C:\Users\USER\.gradle\caches\modules-2\files-2.1\org.jetbrains.kotlin\kotlin-compiler-embeddable\1.5.21\40ddbcae9ff100473f95370c2d589ba3fc48eed5\kotlin-compiler-embeddable-1.5.21.jar;C:\Users\USER\.gradle\caches\modules-2\files-2.1\org.jetbrains.kotlin\kotlin-reflect\1.5.21\802f1f39735ae1eb2b75714a40fa19bb2e687e96\kotlin-reflect-1.5.21.jar;C:\Users\USER\.gradle\caches\modules-2\files-2.1\org.jetbrains.kotlin\kotlin-stdlib\1.5.21\2f537cad7e9eeb9da73738c8812e1e4cf9b62e4e\kotlin-stdlib-1.5.21.jar;C:\Users\USER\.gradle\caches\modules-2\files-2.1\org.jetbrains.kotlin\kotlin-script-runtime\1.5.21\96d49e89873fde985750af354b6eabb60cfa999b\kotlin-script-runtime-1.5.21.jar;C:\Users\USER\.gradle\caches\modules-2\files-2.1\org.jetbrains.kotlin\kotlin-daemon-embeddable\1.5.21\17255809e66a940dfdf6289bccbdfb5a09f3145\kotlin-daemon-embeddable-1.5.21.jar;C:\Users\USER\.gradle\caches\modules-2\files-2.1\org.jetbrains.intellij.deps\trove4j\1.0.20181211\216c2e14b070f334479d800987affe4054cd563f\trove4j-1.0.20181211.jar;C:\Users\USER\.gradle\caches\modules-2\files-2.1\org.jetbrains\annotations\13.0\919f0dfe192fb4e063e7dacadee7f8bb9a2672a9\annotations-13.0.jar;C:\Users\USER\.gradle\caches\modules-2\files-2.1\org.jetbrains.kotlin\kotlin-stdlib-common\1.5.21\cc8bf3586fd2ebcf234058b9440bb406e62dfacb\kotlin-stdlib-common-1.5.21.jar
Launcher Type: SUN_STANDARD

[Global flags]
     intx CICompilerCount                          = 4                                         {product} {ergonomic}
     uint ConcGCThreads                            = 2                                         {product} {ergonomic}
     uint G1ConcRefinementThreads                  = 8                                         {product} {ergonomic}
   size_t G1HeapRegionSize                         = 1048576                                   {product} {ergonomic}
    uintx GCDrainStackTargetSize                   = 64                                        {product} {ergonomic}
   size_t InitialHeapSize                          = 134217728                                 {product} {ergonomic}
   size_t MarkStackSize                            = 4194304                                   {product} {ergonomic}
   size_t MaxHeapSize                              = 2118123520                                {product} {ergonomic}
   size_t MaxNewSize                               = 1270874112                                {product} {ergonomic}
   size_t MinHeapDeltaBytes                        = 1048576                                   {product} {ergonomic}
    uintx NonNMethodCodeHeapSize                   = 5836300                                {pd product} {ergonomic}
    uintx NonProfiledCodeHeapSize                  = 122910970                              {pd product} {ergonomic}
    uintx ProfiledCodeHeapSize                     = 122910970                              {pd product} {ergonomic}
    uintx ReservedCodeCacheSize                    = 251658240                              {pd product} {ergonomic}
     bool SegmentedCodeCache                       = true                                      {product} {ergonomic}
     bool UseCompressedClassPointers               = true                                 {lp64_product} {ergonomic}
     bool UseCompressedOops                        = true                                 {lp64_product} {ergonomic}
     bool UseG1GC                                  = true                                      {product} {ergonomic}
     bool UseLargePagesIndividualAllocation        = false                                  {pd product} {ergonomic}

Logging:
Log output configuration:
 #0: stdout all=warning uptime,level,tags
 #1: stderr all=off uptime,level,tags

Environment Variables:
JAVA_HOME=C:\Users\USER\AppData\Local\Programs\AdoptOpenJDK\jdk-11.0.9.101-hotspot\
PATH=C:\WINDOWS\system32;C:\WINDOWS;C:\WINDOWS\System32\Wbem;C:\WINDOWS\System32\WindowsPowerShell\v1.0\;C:\WINDOWS\System32\OpenSSH\;C:\Program Files\dotnet\;C:\mingw-w64\mingw32\bin;C:\Program Files\Git\cmd;C:\Users\USER\AppData\Local\Programs\AdoptOpenJDK\jdk-11.0.9.101-hotspot\bin;C:\Users\USER\AppData\Local\Microsoft\WindowsApps;;C:\Users\USER\AppData\Local\Programs\Microsoft VS Code\bin
USERNAME=USER
OS=Windows_NT
PROCESSOR_IDENTIFIER=Intel64 Family 6 Model 142 Stepping 10, GenuineIntel



---------------  S Y S T E M  ---------------

OS: Windows 10 , 64 bit Build 19041 (10.0.19041.1151)
OS uptime: 0 days 10:06 hours

CPU:total 8 (initial active 8) (4 cores per cpu, 2 threads per core) family 6 model 142 stepping 10 microcode 0xb4, cmov, cx8, fxsr, mmx, sse, sse2, sse3, ssse3, sse4.1, sse4.2, popcnt, avx, avx2, aes, clmul, erms, 3dnowpref, lzcnt, ht, tsc, tscinvbit, bmi1, bmi2, adx, fma

Memory: 4k page, system-wide physical 8076M (354M free)
TotalPageFile size 32652M (AvailPageFile size 6M)
current process WorkingSet (physical memory assigned to process): 299M, peak: 304M
current process commit charge ("private bytes"): 361M, peak: 364M

vm_info: OpenJDK 64-Bit Server VM (11.0.10+0-b96-7249189) for windows-amd64 JRE (11.0.10+0-b96-7249189), built on Mar 31 2021 21:44:00 by "builder" with MS VC++ 14.0 (VS2015)

END.
