#
# There is insufficient memory for the Java Runtime Environment to continue.
# Native memory allocation (mmap) failed to map 27262976 bytes for Failed to commit area from 0x0000000089c00000 to 0x000000008b600000 of length 27262976.
# Possible reasons:
#   The system is out of physical RAM or swap space
#   The process is running with CompressedOops enabled, and the Java Heap may be blocking the growth of the native heap
# Possible solutions:
#   Reduce memory load on the system
#   Increase physical memory or swap space
#   Check if swap backing store is full
#   Decrease Java heap size (-Xmx/-Xms)
#   Decrease number of Java threads
#   Decrease Java thread stack sizes (-Xss)
#   Set larger code cache with -XX:ReservedCodeCacheSize=
#   JVM is running with Unscaled Compressed Oops mode in which the Java heap is
#     placed in the first 4GB address space. The Java Heap base address is the
#     maximum limit for the native heap growth. Please use -XX:HeapBaseMinAddress
#     to set the Java Heap base and to place the Java Heap above 4GB virtual address.
# This output file may be truncated or incomplete.
#
#  Out of Memory Error (./src/hotspot/os/windows/os_windows.cpp:3301), pid=10176, tid=18192
#
# JRE version: OpenJDK Runtime Environment (11.0.10) (build 11.0.10+0-b96-7249189)
# Java VM: OpenJDK 64-Bit Server VM (11.0.10+0-b96-7249189, mixed mode, tiered, compressed oops, g1 gc, windows-amd64)
# No core dump will be written. Minidumps are not enabled by default on client versions of Windows
#

---------------  S U M M A R Y ------------

Command Line: org.jetbrains.kotlin.cli.jvm.K2JVMCompiler @C:\Users\USER\AndroidStudioProjects\Notitest01\app\build\20210826_13620609852605067515.compiler.options

Host: Intel(R) Core(TM) i5-8250U CPU @ 1.60GHz, 8 cores, 7G,  Windows 10 , 64 bit Build 19041 (10.0.19041.1151)
Time: Thu Aug 26 05:48:35 2021 台北標準時間 elapsed time: 2.831511 seconds (0d 0h 0m 2s)

---------------  T H R E A D  ---------------

Current thread (0x000001523bb71000):  VMThread "VM Thread" [stack: 0x0000003991a00000,0x0000003991b00000] [id=18192]

Stack: [0x0000003991a00000,0x0000003991b00000]
[error occurred during error reporting (printing stack bounds), id 0xc0000005, EXCEPTION_ACCESS_VIOLATION (0xc0000005) at pc=0x0000015224b30f2d]

Native frames: (J=compiled Java code, j=interpreted, Vv=VM code, C=native code)
V  [jvm.dll+0x5ecfaa]
V  [jvm.dll+0x722bd5]
V  [jvm.dll+0x72412d]
V  [jvm.dll+0x724745]
V  [jvm.dll+0x7246fb]
V  [jvm.dll+0x5ec348]
V  [jvm.dll+0x5ecad8]
C  [ntdll.dll+0xa217f]
C  [ntdll.dll+0x51454]
C  [ntdll.dll+0xa0cae]
C  0x0000015224b30f2d

VM_Operation (0x00000039914fbca0): CollectForMetadataAllocation, mode: safepoint, requested by thread 0x000001521f82c800


---------------  P R O C E S S  ---------------

Threads class SMR info:
_java_thread_list=0x000001523c5d9a70, length=11, elements={
0x000001521f82c800, 0x000001523bb9a800, 0x000001523bb9e000, 0x000001523bbc7800,
0x000001523bbc8800, 0x000001523bbcc800, 0x000001523bbcd800, 0x000001523c475800,
0x000001523c47f000, 0x000001523c5e4000, 0x000001523c5fe800
}

Java Threads: ( => current thread )
  0x000001521f82c800 JavaThread "main" [_thread_blocked, id=3408, stack(0x0000003991400000,0x0000003991500000)]
  0x000001523bb9a800 JavaThread "Reference Handler" daemon [_thread_blocked, id=16792, stack(0x0000003991b00000,0x0000003991c00000)]
  0x000001523bb9e000 JavaThread "Finalizer" daemon [_thread_blocked, id=19664, stack(0x0000003991c00000,0x0000003991d00000)]
  0x000001523bbc7800 JavaThread "Signal Dispatcher" daemon [_thread_blocked, id=4724, stack(0x0000003991d00000,0x0000003991e00000)]
  0x000001523bbc8800 JavaThread "Attach Listener" daemon [_thread_blocked, id=8288, stack(0x0000003991e00000,0x0000003991f00000)]
  0x000001523bbcc800 JavaThread "Service Thread" daemon [_thread_blocked, id=10040, stack(0x0000003991f00000,0x0000003992000000)]
  0x000001523bbcd800 JavaThread "C2 CompilerThread0" daemon [_thread_blocked, id=15532, stack(0x0000003992000000,0x0000003992100000)]
  0x000001523c475800 JavaThread "C1 CompilerThread0" daemon [_thread_blocked, id=9348, stack(0x0000003992100000,0x0000003992200000)]
  0x000001523c47f000 JavaThread "Sweeper thread" daemon [_thread_blocked, id=18824, stack(0x0000003992200000,0x0000003992300000)]
  0x000001523c5e4000 JavaThread "Common-Cleaner" daemon [_thread_blocked, id=19200, stack(0x0000003992400000,0x0000003992500000)]
  0x000001523c5fe800 JavaThread "C2 CompilerThread1" daemon [_thread_blocked, id=19440, stack(0x0000003992500000,0x0000003992600000)]

Other Threads:
=>0x000001523bb71000 VMThread "VM Thread" [stack: 0x0000003991a00000,0x0000003991b00000] [id=18192]
  0x000001523c5d5800 WatcherThread [stack: 0x0000003992300000,0x0000003992400000] [id=13772]
  0x000001521f843000 GCTaskThread "GC Thread#0" [stack: 0x0000003991500000,0x0000003991600000] [id=2080]
  0x000001523cbf2800 GCTaskThread "GC Thread#1" [stack: 0x0000003992600000,0x0000003992700000] [id=19024]
  0x000001523cbf3000 GCTaskThread "GC Thread#2" [stack: 0x0000003992700000,0x0000003992800000] [id=616]
  0x000001521f874800 ConcurrentGCThread "G1 Main Marker" [stack: 0x0000003991600000,0x0000003991700000] [id=16452]
  0x000001521f876000 ConcurrentGCThread "G1 Conc#0" [stack: 0x0000003991700000,0x0000003991800000] [id=6856]
  0x000001523cf34800 ConcurrentGCThread "G1 Conc#1" [stack: 0x0000003992800000,0x0000003992900000] [id=20096]
  0x000001523b9e0800 ConcurrentGCThread "G1 Refine#0" [stack: 0x0000003991800000,0x0000003991900000] [id=6576]
  0x000001523b9e1800 ConcurrentGCThread "G1 Young RemSet Sampling" [stack: 0x0000003991900000,0x0000003991a00000] [id=16608]

Threads with active compile tasks:

VM state:at safepoint (normal execution)

VM Mutex/Monitor currently owned by a thread:  ([mutex/lock_event])
[0x000001521f829e60] Threads_lock - owner thread: 0x000001523bb71000
[0x000001521f828090] Heap_lock - owner thread: 0x000001521f82c800

Heap address: 0x0000000081c00000, size: 2020 MB, Compressed Oops mode: 32-bit
Narrow klass base: 0x0000000000000000, Narrow klass shift: 3
Compressed class space size: 1073741824 Address: 0x0000000100000000

Heap:
 garbage-first heap   total 157696K, used 25600K [0x0000000081c00000, 0x0000000100000000)
  region size 1024K, 4 young (4096K), 4 survivors (4096K)
 Metaspace       used 39412K, capacity 39886K, committed 40060K, reserved 1095680K
  class space    used 4674K, capacity 4870K, committed 4988K, reserved 1048576K
Heap Regions: E=young(eden), S=young(survivor), O=old, HS=humongous(starts), HC=humongous(continues), CS=collection set, F=free, A=archive, TAMS=top-at-mark-start (previous, next)
|   0|0x0000000081c00000, 0x0000000081d00000, 0x0000000081d00000|100%|HS|  |TAMS 0x0000000081d00000, 0x0000000081d00000| Complete 
|   1|0x0000000081d00000, 0x0000000081e00000, 0x0000000081e00000|100%|HC|  |TAMS 0x0000000081e00000, 0x0000000081e00000| Complete 
|   2|0x0000000081e00000, 0x0000000081f00000, 0x0000000081f00000|100%|HC|  |TAMS 0x0000000081f00000, 0x0000000081f00000| Complete 
|   3|0x0000000081f00000, 0x0000000082000000, 0x0000000082000000|100%|HS|  |TAMS 0x0000000082000000, 0x0000000082000000| Complete 
|   4|0x0000000082000000, 0x0000000082100000, 0x0000000082100000|100%|HC|  |TAMS 0x0000000082100000, 0x0000000082100000| Complete 
|   5|0x0000000082100000, 0x0000000082200000, 0x0000000082200000|100%|HC|  |TAMS 0x0000000082200000, 0x0000000082200000| Complete 
|   6|0x0000000082200000, 0x0000000082300000, 0x0000000082300000|100%|HS|  |TAMS 0x0000000082300000, 0x0000000082300000| Complete 
|   7|0x0000000082300000, 0x0000000082400000, 0x0000000082400000|100%|HC|  |TAMS 0x0000000082400000, 0x0000000082400000| Complete 
|   8|0x0000000082400000, 0x0000000082500000, 0x0000000082500000|100%|HC|  |TAMS 0x0000000082500000, 0x0000000082500000| Complete 
|   9|0x0000000082500000, 0x0000000082600000, 0x0000000082600000|100%| O|  |TAMS 0x0000000082600000, 0x0000000082600000| Untracked 
|  10|0x0000000082600000, 0x0000000082700000, 0x0000000082700000|100%| O|  |TAMS 0x0000000082700000, 0x0000000082700000| Untracked 
|  11|0x0000000082700000, 0x0000000082800000, 0x0000000082800000|100%| O|  |TAMS 0x0000000082800000, 0x0000000082800000| Untracked 
|  12|0x0000000082800000, 0x0000000082900000, 0x0000000082900000|100%| O|  |TAMS 0x0000000082900000, 0x0000000082900000| Untracked 
|  13|0x0000000082900000, 0x0000000082900000, 0x0000000082a00000|  0%| F|  |TAMS 0x0000000082900000, 0x0000000082900000| Untracked 
|  14|0x0000000082a00000, 0x0000000082a00000, 0x0000000082b00000|  0%| F|  |TAMS 0x0000000082a00000, 0x0000000082a00000| Untracked 
|  15|0x0000000082b00000, 0x0000000082c00000, 0x0000000082c00000|100%| O|  |TAMS 0x0000000082c00000, 0x0000000082c00000| Untracked 
|  16|0x0000000082c00000, 0x0000000082d00000, 0x0000000082d00000|100%| O|  |TAMS 0x0000000082d00000, 0x0000000082d00000| Untracked 
|  17|0x0000000082d00000, 0x0000000082e00000, 0x0000000082e00000|100%| O|  |TAMS 0x0000000082e00000, 0x0000000082e00000| Untracked 
|  18|0x0000000082e00000, 0x0000000082f00000, 0x0000000082f00000|100%| O|  |TAMS 0x0000000082f00000, 0x0000000082f00000| Untracked 
|  19|0x0000000082f00000, 0x0000000083000000, 0x0000000083000000|100%| O|  |TAMS 0x0000000083000000, 0x0000000083000000| Untracked 
|  20|0x0000000083000000, 0x0000000083100000, 0x0000000083100000|100%| O|  |TAMS 0x0000000083100000, 0x0000000083100000| Untracked 
|  21|0x0000000083100000, 0x0000000083200000, 0x0000000083200000|100%| O|  |TAMS 0x0000000083200000, 0x0000000083200000| Untracked 
|  22|0x0000000083200000, 0x0000000083300000, 0x0000000083300000|100%| O|  |TAMS 0x0000000083300000, 0x0000000083300000| Untracked 
|  23|0x0000000083300000, 0x0000000083300000, 0x0000000083400000|  0%| F|  |TAMS 0x0000000083300000, 0x0000000083300000| Untracked 
|  24|0x0000000083400000, 0x0000000083400000, 0x0000000083500000|  0%| F|  |TAMS 0x0000000083400000, 0x0000000083400000| Untracked 
|  25|0x0000000083500000, 0x0000000083500000, 0x0000000083600000|  0%| F|  |TAMS 0x0000000083500000, 0x0000000083500000| Untracked 
|  26|0x0000000083600000, 0x0000000083600000, 0x0000000083700000|  0%| F|  |TAMS 0x0000000083600000, 0x0000000083600000| Untracked 
|  27|0x0000000083700000, 0x0000000083700000, 0x0000000083800000|  0%| F|  |TAMS 0x0000000083700000, 0x0000000083700000| Untracked 
|  28|0x0000000083800000, 0x0000000083800000, 0x0000000083900000|  0%| F|  |TAMS 0x0000000083800000, 0x0000000083800000| Untracked 
|  29|0x0000000083900000, 0x0000000083900000, 0x0000000083a00000|  0%| F|  |TAMS 0x0000000083900000, 0x0000000083900000| Untracked 
|  30|0x0000000083a00000, 0x0000000083a00000, 0x0000000083b00000|  0%| F|  |TAMS 0x0000000083a00000, 0x0000000083a00000| Untracked 
|  31|0x0000000083b00000, 0x0000000083b00000, 0x0000000083c00000|  0%| F|  |TAMS 0x0000000083b00000, 0x0000000083b00000| Untracked 
|  32|0x0000000083c00000, 0x0000000083c00000, 0x0000000083d00000|  0%| F|  |TAMS 0x0000000083c00000, 0x0000000083c00000| Untracked 
|  33|0x0000000083d00000, 0x0000000083d00000, 0x0000000083e00000|  0%| F|  |TAMS 0x0000000083d00000, 0x0000000083d00000| Untracked 
|  34|0x0000000083e00000, 0x0000000083e00000, 0x0000000083f00000|  0%| F|  |TAMS 0x0000000083e00000, 0x0000000083e00000| Untracked 
|  35|0x0000000083f00000, 0x0000000083f00000, 0x0000000084000000|  0%| F|  |TAMS 0x0000000083f00000, 0x0000000083f00000| Untracked 
|  36|0x0000000084000000, 0x0000000084000000, 0x0000000084100000|  0%| F|  |TAMS 0x0000000084000000, 0x0000000084000000| Untracked 
|  37|0x0000000084100000, 0x0000000084100000, 0x0000000084200000|  0%| F|  |TAMS 0x0000000084100000, 0x0000000084100000| Untracked 
|  38|0x0000000084200000, 0x0000000084200000, 0x0000000084300000|  0%| F|  |TAMS 0x0000000084200000, 0x0000000084200000| Untracked 
|  39|0x0000000084300000, 0x0000000084300000, 0x0000000084400000|  0%| F|  |TAMS 0x0000000084300000, 0x0000000084300000| Untracked 
|  40|0x0000000084400000, 0x0000000084400000, 0x0000000084500000|  0%| F|  |TAMS 0x0000000084400000, 0x0000000084400000| Untracked 
|  41|0x0000000084500000, 0x0000000084500000, 0x0000000084600000|  0%| F|  |TAMS 0x0000000084500000, 0x0000000084500000| Untracked 
|  42|0x0000000084600000, 0x0000000084600000, 0x0000000084700000|  0%| F|  |TAMS 0x0000000084600000, 0x0000000084600000| Untracked 
|  43|0x0000000084700000, 0x0000000084700000, 0x0000000084800000|  0%| F|  |TAMS 0x0000000084700000, 0x0000000084700000| Untracked 
|  44|0x0000000084800000, 0x0000000084800000, 0x0000000084900000|  0%| F|  |TAMS 0x0000000084800000, 0x0000000084800000| Untracked 
|  45|0x0000000084900000, 0x0000000084900000, 0x0000000084a00000|  0%| F|  |TAMS 0x0000000084900000, 0x0000000084900000| Untracked 
|  46|0x0000000084a00000, 0x0000000084a00000, 0x0000000084b00000|  0%| F|  |TAMS 0x0000000084a00000, 0x0000000084a00000| Untracked 
|  47|0x0000000084b00000, 0x0000000084b00000, 0x0000000084c00000|  0%| F|  |TAMS 0x0000000084b00000, 0x0000000084b00000| Untracked 
|  48|0x0000000084c00000, 0x0000000084c00000, 0x0000000084d00000|  0%| F|  |TAMS 0x0000000084c00000, 0x0000000084c00000| Untracked 
|  49|0x0000000084d00000, 0x0000000084d00000, 0x0000000084e00000|  0%| F|  |TAMS 0x0000000084d00000, 0x0000000084d00000| Untracked 
|  50|0x0000000084e00000, 0x0000000084e00000, 0x0000000084f00000|  0%| F|  |TAMS 0x0000000084e00000, 0x0000000084e00000| Untracked 
|  51|0x0000000084f00000, 0x0000000084f00000, 0x0000000085000000|  0%| F|  |TAMS 0x0000000084f00000, 0x0000000084f00000| Untracked 
|  52|0x0000000085000000, 0x0000000085000000, 0x0000000085100000|  0%| F|  |TAMS 0x0000000085000000, 0x0000000085000000| Untracked 
|  53|0x0000000085100000, 0x0000000085100000, 0x0000000085200000|  0%| F|  |TAMS 0x0000000085100000, 0x0000000085100000| Untracked 
|  54|0x0000000085200000, 0x0000000085200000, 0x0000000085300000|  0%| F|  |TAMS 0x0000000085200000, 0x0000000085200000| Untracked 
|  55|0x0000000085300000, 0x0000000085300000, 0x0000000085400000|  0%| F|  |TAMS 0x0000000085300000, 0x0000000085300000| Untracked 
|  56|0x0000000085400000, 0x0000000085400000, 0x0000000085500000|  0%| F|  |TAMS 0x0000000085400000, 0x0000000085400000| Untracked 
|  57|0x0000000085500000, 0x0000000085500000, 0x0000000085600000|  0%| F|  |TAMS 0x0000000085500000, 0x0000000085500000| Untracked 
|  58|0x0000000085600000, 0x0000000085600000, 0x0000000085700000|  0%| F|  |TAMS 0x0000000085600000, 0x0000000085600000| Untracked 
|  59|0x0000000085700000, 0x0000000085700000, 0x0000000085800000|  0%| F|  |TAMS 0x0000000085700000, 0x0000000085700000| Untracked 
|  60|0x0000000085800000, 0x0000000085800000, 0x0000000085900000|  0%| F|  |TAMS 0x0000000085800000, 0x0000000085800000| Untracked 
|  61|0x0000000085900000, 0x0000000085900000, 0x0000000085a00000|  0%| F|  |TAMS 0x0000000085900000, 0x0000000085900000| Untracked 
|  62|0x0000000085a00000, 0x0000000085a00000, 0x0000000085b00000|  0%| F|  |TAMS 0x0000000085a00000, 0x0000000085a00000| Untracked 
|  63|0x0000000085b00000, 0x0000000085b00000, 0x0000000085c00000|  0%| F|  |TAMS 0x0000000085b00000, 0x0000000085b00000| Untracked 
|  64|0x0000000085c00000, 0x0000000085c00000, 0x0000000085d00000|  0%| F|  |TAMS 0x0000000085c00000, 0x0000000085c00000| Untracked 
|  65|0x0000000085d00000, 0x0000000085d00000, 0x0000000085e00000|  0%| F|  |TAMS 0x0000000085d00000, 0x0000000085d00000| Untracked 
|  66|0x0000000085e00000, 0x0000000085e00000, 0x0000000085f00000|  0%| F|  |TAMS 0x0000000085e00000, 0x0000000085e00000| Untracked 
|  67|0x0000000085f00000, 0x0000000085f00000, 0x0000000086000000|  0%| F|  |TAMS 0x0000000085f00000, 0x0000000085f00000| Untracked 
|  68|0x0000000086000000, 0x0000000086000000, 0x0000000086100000|  0%| F|  |TAMS 0x0000000086000000, 0x0000000086000000| Untracked 
|  69|0x0000000086100000, 0x0000000086100000, 0x0000000086200000|  0%| F|  |TAMS 0x0000000086100000, 0x0000000086100000| Untracked 
|  70|0x0000000086200000, 0x0000000086200000, 0x0000000086300000|  0%| F|  |TAMS 0x0000000086200000, 0x0000000086200000| Untracked 
|  71|0x0000000086300000, 0x0000000086300000, 0x0000000086400000|  0%| F|  |TAMS 0x0000000086300000, 0x0000000086300000| Untracked 
|  72|0x0000000086400000, 0x0000000086400000, 0x0000000086500000|  0%| F|  |TAMS 0x0000000086400000, 0x0000000086400000| Untracked 
|  73|0x0000000086500000, 0x0000000086500000, 0x0000000086600000|  0%| F|  |TAMS 0x0000000086500000, 0x0000000086500000| Untracked 
|  74|0x0000000086600000, 0x0000000086600000, 0x0000000086700000|  0%| F|  |TAMS 0x0000000086600000, 0x0000000086600000| Untracked 
|  75|0x0000000086700000, 0x0000000086700000, 0x0000000086800000|  0%| F|  |TAMS 0x0000000086700000, 0x0000000086700000| Untracked 
|  76|0x0000000086800000, 0x0000000086800000, 0x0000000086900000|  0%| F|  |TAMS 0x0000000086800000, 0x0000000086800000| Untracked 
|  77|0x0000000086900000, 0x0000000086900000, 0x0000000086a00000|  0%| F|  |TAMS 0x0000000086900000, 0x0000000086900000| Untracked 
|  78|0x0000000086a00000, 0x0000000086a00000, 0x0000000086b00000|  0%| F|  |TAMS 0x0000000086a00000, 0x0000000086a00000| Untracked 
|  79|0x0000000086b00000, 0x0000000086b00000, 0x0000000086c00000|  0%| F|  |TAMS 0x0000000086b00000, 0x0000000086b00000| Untracked 
|  80|0x0000000086c00000, 0x0000000086c00000, 0x0000000086d00000|  0%| F|  |TAMS 0x0000000086c00000, 0x0000000086c00000| Untracked 
|  81|0x0000000086d00000, 0x0000000086d00000, 0x0000000086e00000|  0%| F|  |TAMS 0x0000000086d00000, 0x0000000086d00000| Untracked 
|  82|0x0000000086e00000, 0x0000000086e00000, 0x0000000086f00000|  0%| F|  |TAMS 0x0000000086e00000, 0x0000000086e00000| Untracked 
|  83|0x0000000086f00000, 0x0000000086f00000, 0x0000000087000000|  0%| F|  |TAMS 0x0000000086f00000, 0x0000000086f00000| Untracked 
|  84|0x0000000087000000, 0x0000000087000000, 0x0000000087100000|  0%| F|  |TAMS 0x0000000087000000, 0x0000000087000000| Untracked 
|  85|0x0000000087100000, 0x0000000087100000, 0x0000000087200000|  0%| F|  |TAMS 0x0000000087100000, 0x0000000087100000| Untracked 
|  86|0x0000000087200000, 0x0000000087200000, 0x0000000087300000|  0%| F|  |TAMS 0x0000000087200000, 0x0000000087200000| Untracked 
|  87|0x0000000087300000, 0x0000000087300000, 0x0000000087400000|  0%| F|  |TAMS 0x0000000087300000, 0x0000000087300000| Untracked 
|  88|0x0000000087400000, 0x0000000087400000, 0x0000000087500000|  0%| F|  |TAMS 0x0000000087400000, 0x0000000087400000| Untracked 
|  89|0x0000000087500000, 0x0000000087500000, 0x0000000087600000|  0%| F|  |TAMS 0x0000000087500000, 0x0000000087500000| Untracked 
|  90|0x0000000087600000, 0x0000000087600000, 0x0000000087700000|  0%| F|  |TAMS 0x0000000087600000, 0x0000000087600000| Untracked 
|  91|0x0000000087700000, 0x0000000087700000, 0x0000000087800000|  0%| F|  |TAMS 0x0000000087700000, 0x0000000087700000| Untracked 
|  92|0x0000000087800000, 0x0000000087800000, 0x0000000087900000|  0%| F|  |TAMS 0x0000000087800000, 0x0000000087800000| Untracked 
|  93|0x0000000087900000, 0x0000000087900000, 0x0000000087a00000|  0%| F|  |TAMS 0x0000000087900000, 0x0000000087900000| Untracked 
|  94|0x0000000087a00000, 0x0000000087a00000, 0x0000000087b00000|  0%| F|  |TAMS 0x0000000087a00000, 0x0000000087a00000| Untracked 
|  95|0x0000000087b00000, 0x0000000087b00000, 0x0000000087c00000|  0%| F|  |TAMS 0x0000000087b00000, 0x0000000087b00000| Untracked 
|  96|0x0000000087c00000, 0x0000000087c00000, 0x0000000087d00000|  0%| F|  |TAMS 0x0000000087c00000, 0x0000000087c00000| Untracked 
|  97|0x0000000087d00000, 0x0000000087d00000, 0x0000000087e00000|  0%| F|  |TAMS 0x0000000087d00000, 0x0000000087d00000| Untracked 
|  98|0x0000000087e00000, 0x0000000087e00000, 0x0000000087f00000|  0%| F|  |TAMS 0x0000000087e00000, 0x0000000087e00000| Untracked 
|  99|0x0000000087f00000, 0x0000000087f00000, 0x0000000088000000|  0%| F|  |TAMS 0x0000000087f00000, 0x0000000087f00000| Untracked 
| 100|0x0000000088000000, 0x0000000088100000, 0x0000000088100000|100%| S|CS|TAMS 0x0000000088000000, 0x0000000088000000| Complete 
| 101|0x0000000088100000, 0x0000000088200000, 0x0000000088200000|100%| S|CS|TAMS 0x0000000088100000, 0x0000000088100000| Complete 
| 102|0x0000000088200000, 0x0000000088300000, 0x0000000088300000|100%| S|CS|TAMS 0x0000000088200000, 0x0000000088200000| Complete 
| 103|0x0000000088300000, 0x0000000088400000, 0x0000000088400000|100%| S|CS|TAMS 0x0000000088300000, 0x0000000088300000| Complete 
| 104|0x0000000088400000, 0x0000000088400000, 0x0000000088500000|  0%| F|  |TAMS 0x0000000088400000, 0x0000000088400000| Untracked 
| 105|0x0000000088500000, 0x0000000088500000, 0x0000000088600000|  0%| F|  |TAMS 0x0000000088500000, 0x0000000088500000| Untracked 
| 106|0x0000000088600000, 0x0000000088600000, 0x0000000088700000|  0%| F|  |TAMS 0x0000000088600000, 0x0000000088600000| Untracked 
| 107|0x0000000088700000, 0x0000000088700000, 0x0000000088800000|  0%| F|  |TAMS 0x0000000088700000, 0x0000000088700000| Untracked 
| 108|0x0000000088800000, 0x0000000088800000, 0x0000000088900000|  0%| F|  |TAMS 0x0000000088800000, 0x0000000088800000| Untracked 
| 109|0x0000000088900000, 0x0000000088900000, 0x0000000088a00000|  0%| F|  |TAMS 0x0000000088900000, 0x0000000088900000| Untracked 
| 110|0x0000000088a00000, 0x0000000088a00000, 0x0000000088b00000|  0%| F|  |TAMS 0x0000000088a00000, 0x0000000088a00000| Untracked 
| 111|0x0000000088b00000, 0x0000000088b00000, 0x0000000088c00000|  0%| F|  |TAMS 0x0000000088b00000, 0x0000000088b00000| Untracked 
| 112|0x0000000088c00000, 0x0000000088c00000, 0x0000000088d00000|  0%| F|  |TAMS 0x0000000088c00000, 0x0000000088c00000| Untracked 
| 113|0x0000000088d00000, 0x0000000088d00000, 0x0000000088e00000|  0%| F|  |TAMS 0x0000000088d00000, 0x0000000088d00000| Untracked 
| 114|0x0000000088e00000, 0x0000000088e00000, 0x0000000088f00000|  0%| F|  |TAMS 0x0000000088e00000, 0x0000000088e00000| Untracked 
| 115|0x0000000088f00000, 0x0000000088f00000, 0x0000000089000000|  0%| F|  |TAMS 0x0000000088f00000, 0x0000000088f00000| Untracked 
| 116|0x0000000089000000, 0x0000000089000000, 0x0000000089100000|  0%| F|  |TAMS 0x0000000089000000, 0x0000000089000000| Untracked 
| 117|0x0000000089100000, 0x0000000089100000, 0x0000000089200000|  0%| F|  |TAMS 0x0000000089100000, 0x0000000089100000| Untracked 
| 118|0x0000000089200000, 0x0000000089200000, 0x0000000089300000|  0%| F|  |TAMS 0x0000000089200000, 0x0000000089200000| Untracked 
| 119|0x0000000089300000, 0x0000000089300000, 0x0000000089400000|  0%| F|  |TAMS 0x0000000089300000, 0x0000000089300000| Untracked 
| 120|0x0000000089400000, 0x0000000089400000, 0x0000000089500000|  0%| F|  |TAMS 0x0000000089400000, 0x0000000089400000| Untracked 
| 121|0x0000000089500000, 0x0000000089500000, 0x0000000089600000|  0%| F|  |TAMS 0x0000000089500000, 0x0000000089500000| Untracked 
| 122|0x0000000089600000, 0x0000000089600000, 0x0000000089700000|  0%| F|  |TAMS 0x0000000089600000, 0x0000000089600000| Untracked 
| 123|0x0000000089700000, 0x0000000089700000, 0x0000000089800000|  0%| F|  |TAMS 0x0000000089700000, 0x0000000089700000| Untracked 
| 124|0x0000000089800000, 0x0000000089800000, 0x0000000089900000|  0%| F|  |TAMS 0x0000000089800000, 0x0000000089800000| Untracked 
| 125|0x0000000089900000, 0x0000000089900000, 0x0000000089a00000|  0%| F|  |TAMS 0x0000000089900000, 0x0000000089900000| Untracked 
| 126|0x0000000089a00000, 0x0000000089a00000, 0x0000000089b00000|  0%| F|  |TAMS 0x0000000089a00000, 0x0000000089a00000| Untracked 
| 127|0x0000000089b00000, 0x0000000089b00000, 0x0000000089c00000|  0%| F|  |TAMS 0x0000000089b00000, 0x0000000089b00000| Untracked 

Card table byte_map: [0x0000015234990000,0x0000015234d90000] _byte_map_base: 0x0000015234582000

Marking Bits (Prev, Next): (CMBitMap*) 0x000001521f86c008, (CMBitMap*) 0x000001521f86c040
 Prev Bits: [0x0000015235190000, 0x0000015237120000)
 Next Bits: [0x0000015237120000, 0x00000152390b0000)

Polling page: 0x000001521f910000

Metaspace:

Usage:
  Non-class:     34.20 MB capacity,    33.92 MB (>99%) used,   223.23 KB ( <1%) free+waste,    54.75 KB ( <1%) overhead. 
      Class:      4.76 MB capacity,     4.57 MB ( 96%) used,   171.74 KB (  4%) free+waste,    23.69 KB ( <1%) overhead. 
       Both:     38.95 MB capacity,    38.49 MB ( 99%) used,   394.97 KB ( <1%) free+waste,    78.44 KB ( <1%) overhead. 

Virtual space:
  Non-class space:       46.00 MB reserved,      34.25 MB ( 74%) committed 
      Class space:        1.00 GB reserved,       4.87 MB ( <1%) committed 
             Both:        1.04 GB reserved,      39.12 MB (  4%) committed 

Chunk freelists:
   Non-Class:  56.00 KB
       Class:  26.00 KB
        Both:  82.00 KB

MaxMetaspaceSize: 17179869184.00 GB
CompressedClassSpaceSize: 1.00 GB

CodeHeap 'non-profiled nmethods': size=120000Kb used=1102Kb max_used=1102Kb free=118897Kb
 bounds [0x000001522c600000, 0x000001522c870000, 0x0000015233b30000]
CodeHeap 'profiled nmethods': size=120000Kb used=5265Kb max_used=5265Kb free=114734Kb
 bounds [0x00000152250d0000, 0x0000015225600000, 0x000001522c600000]
CodeHeap 'non-nmethods': size=5760Kb used=1181Kb max_used=1222Kb free=4578Kb
 bounds [0x0000015224b30000, 0x0000015224da0000, 0x00000152250d0000]
 total_blobs=3288 nmethods=2758 adapters=441
 compilation: enabled
              stopped_count=0, restarted_count=0
 full_count=0

Compilation events (20 events):
Event: 2.807 Thread 0x000001523c475800 nmethod 2758 0x000001522c712190 code [0x000001522c712340, 0x000001522c7123f8]
Event: 2.809 Thread 0x000001523c475800 2762       3       org.jetbrains.kotlin.container.ComponentRegistry::tryGetEntry (83 bytes)
Event: 2.809 Thread 0x000001523c475800 nmethod 2762 0x00000152255f0b90 code [0x00000152255f0e80, 0x00000152255f1e58]
Event: 2.810 Thread 0x000001523c475800 2763       3       java.lang.reflect.Constructor::setConstructorAccessor (21 bytes)
Event: 2.810 Thread 0x000001523c475800 nmethod 2763 0x00000152255f2310 code [0x00000152255f24e0, 0x00000152255f27c8]
Event: 2.810 Thread 0x000001523c475800 2764       3       jdk.internal.reflect.ConstructorAccessorImpl::<init> (5 bytes)
Event: 2.810 Thread 0x000001523c475800 nmethod 2764 0x00000152255f2910 code [0x00000152255f2ac0, 0x00000152255f2c78]
Event: 2.810 Thread 0x000001523c475800 2765       1       org.jetbrains.kotlin.container.ComponentResolveContext::getRequestingDescriptor (5 bytes)
Event: 2.811 Thread 0x000001523c475800 nmethod 2765 0x000001522c712490 code [0x000001522c712640, 0x000001522c7126f8]
Event: 2.812 Thread 0x000001523c5fe800 nmethod 2761 0x000001522c712790 code [0x000001522c712940, 0x000001522c712f38]
Event: 2.818 Thread 0x000001523c475800 2766       3       java.lang.reflect.Constructor::acquireConstructorAccessor (44 bytes)
Event: 2.818 Thread 0x000001523c475800 nmethod 2766 0x00000152255f2d90 code [0x00000152255f2f80, 0x00000152255f3458]
Event: 2.818 Thread 0x000001523c475800 2767       1       org.jetbrains.kotlin.container.ConstructorBinding::getArgumentDescriptors (5 bytes)
Event: 2.818 Thread 0x000001523c475800 nmethod 2767 0x000001522c713310 code [0x000001522c7134c0, 0x000001522c713578]
Event: 2.819 Thread 0x000001523bbcd800 2768       4       kotlin.jvm.internal.Intrinsics::checkNotNull (8 bytes)
Event: 2.819 Thread 0x000001523c475800 2769       3       org.jetbrains.kotlin.com.intellij.util.containers.ConcurrentWeakKeySoftValueHashMap$HardKey::equals (6 bytes)
Event: 2.819 Thread 0x000001523c475800 nmethod 2769 0x00000152255f3610 code [0x00000152255f37c0, 0x00000152255f3988]
Event: 2.819 Thread 0x000001523c475800 2770       3       org.jetbrains.kotlin.com.intellij.util.containers.ConcurrentWeakKeySoftValueHashMap$WeakKey::equals (79 bytes)
Event: 2.819 Thread 0x000001523bbcd800 nmethod 2768 0x000001522c713610 code [0x000001522c7137a0, 0x000001522c7137f8]
Event: 2.819 Thread 0x000001523c475800 nmethod 2770 0x00000152255f3a90 code [0x00000152255f3ca0, 0x00000152255f44e8]

GC Heap History (9 events):
Event: 0.519 GC heap before
{Heap before GC invocations=0 (full 0):
 garbage-first heap   total 131072K, used 27648K [0x0000000081c00000, 0x0000000100000000)
  region size 1024K, 24 young (24576K), 0 survivors (0K)
 Metaspace       used 12187K, capacity 12277K, committed 12544K, reserved 1060864K
  class space    used 1140K, capacity 1174K, committed 1280K, reserved 1048576K
}
Event: 0.522 GC heap after
{Heap after GC invocations=1 (full 0):
 garbage-first heap   total 131072K, used 5752K [0x0000000081c00000, 0x0000000100000000)
  region size 1024K, 3 young (3072K), 3 survivors (3072K)
 Metaspace       used 12187K, capacity 12277K, committed 12544K, reserved 1060864K
  class space    used 1140K, capacity 1174K, committed 1280K, reserved 1048576K
}
Event: 1.173 GC heap before
{Heap before GC invocations=1 (full 0):
 garbage-first heap   total 131072K, used 43640K [0x0000000081c00000, 0x0000000100000000)
  region size 1024K, 41 young (41984K), 3 survivors (3072K)
 Metaspace       used 21003K, capacity 21182K, committed 21248K, reserved 1069056K
  class space    used 2228K, capacity 2291K, committed 2304K, reserved 1048576K
}
Event: 1.183 GC heap after
{Heap after GC invocations=2 (full 0):
 garbage-first heap   total 131072K, used 9555K [0x0000000081c00000, 0x0000000100000000)
  region size 1024K, 7 young (7168K), 7 survivors (7168K)
 Metaspace       used 21003K, capacity 21182K, committed 21248K, reserved 1069056K
  class space    used 2228K, capacity 2291K, committed 2304K, reserved 1048576K
}
Event: 2.145 GC heap before
{Heap before GC invocations=3 (full 0):
 garbage-first heap   total 131072K, used 73043K [0x0000000081c00000, 0x0000000100000000)
  region size 1024K, 57 young (58368K), 7 survivors (7168K)
 Metaspace       used 31516K, capacity 32060K, committed 32124K, reserved 1077248K
  class space    used 3748K, capacity 3928K, committed 3964K, reserved 1048576K
}
Event: 2.158 GC heap after
{Heap after GC invocations=4 (full 0):
 garbage-first heap   total 131072K, used 23948K [0x0000000081c00000, 0x0000000100000000)
  region size 1024K, 8 young (8192K), 8 survivors (8192K)
 Metaspace       used 31516K, capacity 32060K, committed 32124K, reserved 1077248K
  class space    used 3748K, capacity 3928K, committed 3964K, reserved 1048576K
}
Event: 2.499 GC heap before
{Heap before GC invocations=4 (full 0):
 garbage-first heap   total 131072K, used 43404K [0x0000000081c00000, 0x0000000100000000)
  region size 1024K, 28 young (28672K), 8 survivors (8192K)
 Metaspace       used 35328K, capacity 35842K, committed 35964K, reserved 1081344K
  class space    used 4158K, capacity 4355K, committed 4476K, reserved 1048576K
}
Event: 2.514 GC heap after
{Heap after GC invocations=5 (full 0):
 garbage-first heap   total 131072K, used 24494K [0x0000000081c00000, 0x0000000100000000)
  region size 1024K, 3 young (3072K), 3 survivors (3072K)
 Metaspace       used 35328K, capacity 35842K, committed 35964K, reserved 1081344K
  class space    used 4158K, capacity 4355K, committed 4476K, reserved 1048576K
}
Event: 2.820 GC heap before
{Heap before GC invocations=6 (full 0):
 garbage-first heap   total 131072K, used 44974K [0x0000000081c00000, 0x0000000100000000)
  region size 1024K, 24 young (24576K), 3 survivors (3072K)
 Metaspace       used 39412K, capacity 39886K, committed 40060K, reserved 1095680K
  class space    used 4674K, capacity 4870K, committed 4988K, reserved 1048576K
}

Deoptimization events (20 events):
Event: 2.700 Thread 0x000001521f82c800 DEOPT PACKING pc=0x000001522c707c60 sp=0x00000039914fcf30
Event: 2.700 Thread 0x000001521f82c800 DEOPT UNPACKING pc=0x0000015224b578af sp=0x00000039914fced0 mode 2
Event: 2.700 Thread 0x000001521f82c800 Uncommon trap: trap_request=0xffffffd6 fr.pc=0x000001522c707c60 relative=0x0000000000000500
Event: 2.700 Thread 0x000001521f82c800 Uncommon trap: reason=array_check action=maybe_recompile pc=0x000001522c707c60 method=java.util.AbstractCollection.toArray([Ljava/lang/Object;)[Ljava/lang/Object; @ 116 c2
Event: 2.700 Thread 0x000001521f82c800 DEOPT PACKING pc=0x000001522c707c60 sp=0x00000039914fcf30
Event: 2.700 Thread 0x000001521f82c800 DEOPT UNPACKING pc=0x0000015224b578af sp=0x00000039914fced0 mode 2
Event: 2.700 Thread 0x000001521f82c800 Uncommon trap: trap_request=0xffffffd6 fr.pc=0x000001522c707c60 relative=0x0000000000000500
Event: 2.700 Thread 0x000001521f82c800 Uncommon trap: reason=array_check action=maybe_recompile pc=0x000001522c707c60 method=java.util.AbstractCollection.toArray([Ljava/lang/Object;)[Ljava/lang/Object; @ 116 c2
Event: 2.700 Thread 0x000001521f82c800 DEOPT PACKING pc=0x000001522c707c60 sp=0x00000039914fcf30
Event: 2.700 Thread 0x000001521f82c800 DEOPT UNPACKING pc=0x0000015224b578af sp=0x00000039914fced0 mode 2
Event: 2.700 Thread 0x000001521f82c800 Uncommon trap: trap_request=0xffffffd6 fr.pc=0x000001522c707c60 relative=0x0000000000000500
Event: 2.700 Thread 0x000001521f82c800 Uncommon trap: reason=array_check action=maybe_recompile pc=0x000001522c707c60 method=java.util.AbstractCollection.toArray([Ljava/lang/Object;)[Ljava/lang/Object; @ 116 c2
Event: 2.700 Thread 0x000001521f82c800 DEOPT PACKING pc=0x000001522c707c60 sp=0x00000039914fcf30
Event: 2.700 Thread 0x000001521f82c800 DEOPT UNPACKING pc=0x0000015224b578af sp=0x00000039914fced0 mode 2
Event: 2.779 Thread 0x000001521f82c800 DEOPT PACKING pc=0x00000152253da6db sp=0x00000039914fb690
Event: 2.779 Thread 0x000001521f82c800 DEOPT UNPACKING pc=0x0000015224b576ce sp=0x00000039914fab08 mode 0
Event: 2.800 Thread 0x000001521f82c800 Uncommon trap: trap_request=0xffffff4d fr.pc=0x000001522c627c0c relative=0x000000000000044c
Event: 2.800 Thread 0x000001521f82c800 Uncommon trap: reason=unstable_if action=reinterpret pc=0x000001522c627c0c method=java.lang.StringLatin1.indexOf([BI[BII)I @ 27 c2
Event: 2.800 Thread 0x000001521f82c800 DEOPT PACKING pc=0x000001522c627c0c sp=0x00000039914fb9e0
Event: 2.800 Thread 0x000001521f82c800 DEOPT UNPACKING pc=0x0000015224b578af sp=0x00000039914fb940 mode 2

Classes redefined (0 events):
No events

Internal exceptions (19 events):
Event: 0.865 Thread 0x000001521f82c800 Exception <a 'java/lang/NoSuchMethodError'{0x000000008851acd0}: 'int java.lang.invoke.DirectMethodHandle$Holder.invokeSpecialIFC(java.lang.Object, java.lang.Object, int)'> (0x000000008851acd0) thrown at [./src/hotspot/share/interpreter/linkResolver.cpp, line 773]
Event: 1.057 Thread 0x000001521f82c800 Exception <a 'java/lang/NoSuchMethodError'{0x0000000087929048}: 'java.lang.Object java.lang.invoke.DirectMethodHandle$Holder.invokeStaticInit(java.lang.Object, int)'> (0x0000000087929048) thrown at [./src/hotspot/share/interpreter/linkResolver.cpp, line 773]
Event: 1.084 Thread 0x000001521f82c800 Exception <a 'java/lang/NoSuchMethodError'{0x00000000878be3b0}: 'long java.lang.invoke.DirectMethodHandle$Holder.invokeStatic(java.lang.Object)'> (0x00000000878be3b0) thrown at [./src/hotspot/share/interpreter/linkResolver.cpp, line 773]
Event: 1.084 Thread 0x000001521f82c800 Exception <a 'java/lang/NoSuchMethodError'{0x00000000878c1208}: 'long java.lang.invoke.DirectMethodHandle$Holder.invokeStaticInit(java.lang.Object)'> (0x00000000878c1208) thrown at [./src/hotspot/share/interpreter/linkResolver.cpp, line 773]
Event: 1.144 Thread 0x000001521f82c800 Exception <a 'java/lang/NoSuchMethodError'{0x000000008742cc90}: 'int java.lang.invoke.DirectMethodHandle$Holder.invokeStaticInit(java.lang.Object, java.lang.Object, java.lang.Object)'> (0x000000008742cc90) thrown at [./src/hotspot/share/interpreter/linkResolver.cpp, line 773]
Event: 1.148 Thread 0x000001521f82c800 Exception <a 'java/lang/NoSuchMethodError'{0x0000000087458350}: 'int java.lang.invoke.DirectMethodHandle$Holder.invokeStaticInit(java.lang.Object, java.lang.Object)'> (0x0000000087458350) thrown at [./src/hotspot/share/interpreter/linkResolver.cpp, line 773]
Event: 1.495 Thread 0x000001521f82c800 Exception <a 'java/lang/NoSuchMethodError'{0x000000008924c810}: 'java.lang.Object java.lang.invoke.DirectMethodHandle$Holder.invokeStatic(java.lang.Object, java.lang.Object, java.lang.Object, java.lang.Object, java.lang.Object, java.lang.Object, java.lang.Object, java.lang.Object, java.lang.Object, java.lang.Object, java.lang.Object, java.lang.Object, java.lang.Object, java.lang.Object, java.lang.Object)'> (0x000000008924c810) thrown at [./src/hotspot/share/interpreter/linkResolver.cpp, line 773]
Event: 1.496 Thread 0x000001521f82c800 Exception <a 'java/lang/NoSuchMethodError'{0x000000008925a818}: 'java.lang.Object java.lang.invoke.DirectMethodHandle$Holder.invokeStatic(java.lang.Object, java.lang.Object, java.lang.Object, java.lang.Object, java.lang.Object, java.lang.Object, java.lang.Object, java.lang.Object, java.lang.Object, java.lang.Object, java.lang.Object, java.lang.Object, java.lang.Object, java.lang.Object, java.lang.Object, java.lang.Object)'> (0x000000008925a818) thrown at [./src/hotspot/share/interpreter/linkResolver.cpp, l
Event: 1.497 Thread 0x000001521f82c800 Exception <a 'java/lang/NoSuchMethodError'{0x0000000089268730}: 'java.lang.Object java.lang.invoke.DirectMethodHandle$Holder.invokeSpecial(java.lang.Object, java.lang.Object, int, int, java.lang.Object, java.lang.Object, java.lang.Object)'> (0x0000000089268730) thrown at [./src/hotspot/share/interpreter/linkResolver.cpp, line 773]
Event: 1.497 Thread 0x000001521f82c800 Exception <a 'java/lang/NoSuchMethodError'{0x000000008926bf68}: 'java.lang.Object java.lang.invoke.DelegatingMethodHandle$Holder.reinvoke_L(java.lang.Object, int, int, java.lang.Object, java.lang.Object, java.lang.Object)'> (0x000000008926bf68) thrown at [./src/hotspot/share/interpreter/linkResolver.cpp, line 773]
Event: 1.498 Thread 0x000001521f82c800 Exception <a 'java/lang/NoSuchMethodError'{0x00000000892702f0}: 'java.lang.Object java.lang.invoke.DirectMethodHandle$Holder.invokeStatic(java.lang.Object, java.lang.Object, java.lang.Object, java.lang.Object, int)'> (0x00000000892702f0) thrown at [./src/hotspot/share/interpreter/linkResolver.cpp, line 773]
Event: 1.537 Thread 0x000001521f82c800 Implicit null exception at 0x000001522c687a2c to 0x000001522c687bda
Event: 1.559 Thread 0x000001521f82c800 Exception <a 'java/lang/NoSuchMethodError'{0x0000000088ded110}: 'void java.lang.invoke.DirectMethodHandle$Holder.invokeStatic(java.lang.Object, java.lang.Object, java.lang.Object, java.lang.Object)'> (0x0000000088ded110) thrown at [./src/hotspot/share/interpreter/linkResolver.cpp, line 773]
Event: 1.581 Thread 0x000001521f82c800 Exception <a 'java/lang/NoSuchMethodError'{0x0000000088b3bda8}: 'void java.lang.invoke.DirectMethodHandle$Holder.invokeSpecial(java.lang.Object, java.lang.Object)'> (0x0000000088b3bda8) thrown at [./src/hotspot/share/interpreter/linkResolver.cpp, line 773]
Event: 1.615 Thread 0x000001521f82c800 Exception <a 'java/lang/NoSuchMethodError'{0x00000000889df468}: 'void java.lang.invoke.DirectMethodHandle$Holder.invokeStaticInit(java.lang.Object, java.lang.Object)'> (0x00000000889df468) thrown at [./src/hotspot/share/interpreter/linkResolver.cpp, line 773]
Event: 1.621 Thread 0x000001521f82c800 Exception <a 'java/lang/NoSuchMethodError'{0x000000008881dd88}: 'void java.lang.invoke.DirectMethodHandle$Holder.invokeInterface(java.lang.Object, java.lang.Object)'> (0x000000008881dd88) thrown at [./src/hotspot/share/interpreter/linkResolver.cpp, line 773]
Event: 1.695 Thread 0x000001521f82c800 Exception <a 'java/lang/NoSuchMethodError'{0x0000000088476858}: 'void java.lang.invoke.DirectMethodHandle$Holder.invokeVirtual(java.lang.Object, java.lang.Object)'> (0x0000000088476858) thrown at [./src/hotspot/share/interpreter/linkResolver.cpp, line 773]
Event: 1.704 Thread 0x000001521f82c800 Exception <a 'java/lang/NoSuchMethodError'{0x00000000884ec690}: 'int java.lang.invoke.DirectMethodHandle$Holder.invokeVirtual(java.lang.Object, java.lang.Object)'> (0x00000000884ec690) thrown at [./src/hotspot/share/interpreter/linkResolver.cpp, line 773]
Event: 2.284 Thread 0x000001521f82c800 Exception <a 'java/lang/NoSuchMethodError'{0x0000000089439418}: 'java.lang.Object java.lang.invoke.DirectMethodHandle$Holder.invokeVirtual(java.lang.Object, java.lang.Object, java.lang.Object)'> (0x0000000089439418) thrown at [./src/hotspot/share/interpreter/linkResolver.cpp, line 773]

Events (20 events):
Event: 2.812 loading class org/jetbrains/kotlin/types/expressions/BasicExpressionTypingVisitor$1StringTemplateVisitor done
Event: 2.813 loading class org/jetbrains/kotlin/resolve/calls/model/DataFlowInfoForArgumentsImpl
Event: 2.813 loading class org/jetbrains/kotlin/resolve/calls/model/DataFlowInfoForArgumentsImpl done
Event: 2.814 loading class org/jetbrains/kotlin/types/expressions/ControlStructureTypingVisitor
Event: 2.814 loading class org/jetbrains/kotlin/types/expressions/ControlStructureTypingVisitor done
Event: 2.815 loading class org/jetbrains/kotlin/types/expressions/ControlStructureTypingVisitor$1
Event: 2.815 loading class org/jetbrains/kotlin/types/expressions/ControlStructureTypingVisitor$1 done
Event: 2.815 loading class org/jetbrains/kotlin/psi/KtTreeVisitor
Event: 2.815 loading class org/jetbrains/kotlin/psi/KtTreeVisitor done
Event: 2.816 loading class org/jetbrains/kotlin/types/expressions/PatternMatchingTypingVisitor
Event: 2.816 loading class org/jetbrains/kotlin/types/expressions/PatternMatchingTypingVisitor done
Event: 2.818 loading class org/jetbrains/kotlin/resolve/calls/smartcasts/SmartCastManager$Companion
Event: 2.818 loading class org/jetbrains/kotlin/resolve/calls/smartcasts/SmartCastManager$Companion done
Event: 2.818 loading class org/jetbrains/kotlin/types/expressions/DoubleColonExpressionResolver$Companion
Event: 2.818 loading class org/jetbrains/kotlin/types/expressions/DoubleColonExpressionResolver$Companion done
Event: 2.819 loading class org/jetbrains/kotlin/types/AbstractTypeApproximator$Companion
Event: 2.819 loading class org/jetbrains/kotlin/types/AbstractTypeApproximator$Companion done
Event: 2.819 loading class org/jetbrains/kotlin/resolve/calls/inference/components/TrivialConstraintTypeInferenceOracle$Companion
Event: 2.819 loading class org/jetbrains/kotlin/resolve/calls/inference/components/TrivialConstraintTypeInferenceOracle$Companion done
Event: 2.820 Executing VM operation: CollectForMetadataAllocation


Dynamic libraries:
0x00007ff77dcb0000 - 0x00007ff77dcba000 	C:\Program Files\Android\Android Studio\jre\bin\java.exe
0x00007ffd6edf0000 - 0x00007ffd6efe5000 	C:\WINDOWS\SYSTEM32\ntdll.dll
0x00007ffd6ebc0000 - 0x00007ffd6ec7d000 	C:\WINDOWS\System32\KERNEL32.DLL
0x00007ffd6ca90000 - 0x00007ffd6cd59000 	C:\WINDOWS\System32\KERNELBASE.dll
0x00007ffd6c800000 - 0x00007ffd6c900000 	C:\WINDOWS\System32\ucrtbase.dll
0x00007ffd3ec90000 - 0x00007ffd3eca9000 	C:\Program Files\Android\Android Studio\jre\bin\jli.dll
0x00007ffd41f40000 - 0x00007ffd41f57000 	C:\Program Files\Android\Android Studio\jre\bin\VCRUNTIME140.dll
0x00007ffd4bb30000 - 0x00007ffd4bdca000 	C:\WINDOWS\WinSxS\amd64_microsoft.windows.common-controls_6595b64144ccf1df_6.0.19041.1110_none_60b5254171f9507e\COMCTL32.dll
0x00007ffd6d4d0000 - 0x00007ffd6d56e000 	C:\WINDOWS\System32\msvcrt.dll
0x00007ffd6ce50000 - 0x00007ffd6ce7a000 	C:\WINDOWS\System32\GDI32.dll
0x00007ffd6c900000 - 0x00007ffd6c922000 	C:\WINDOWS\System32\win32u.dll
0x00007ffd6c930000 - 0x00007ffd6ca3b000 	C:\WINDOWS\System32\gdi32full.dll
0x00007ffd6d200000 - 0x00007ffd6d3a0000 	C:\WINDOWS\System32\USER32.dll
0x00007ffd6c520000 - 0x00007ffd6c5bd000 	C:\WINDOWS\System32\msvcp_win.dll
0x00007ffd6d590000 - 0x00007ffd6d5c0000 	C:\WINDOWS\System32\IMM32.DLL
0x00007ffd04d90000 - 0x00007ffd04e2d000 	C:\Program Files\Android\Android Studio\jre\bin\msvcp140.dll
0x00007ffcf2050000 - 0x00007ffcf2b1f000 	C:\Program Files\Android\Android Studio\jre\bin\server\jvm.dll
0x00007ffd6cef0000 - 0x00007ffd6cf9c000 	C:\WINDOWS\System32\ADVAPI32.dll
0x00007ffd6dc10000 - 0x00007ffd6dcab000 	C:\WINDOWS\System32\sechost.dll
0x00007ffd6ec80000 - 0x00007ffd6edaa000 	C:\WINDOWS\System32\RPCRT4.dll
0x00007ffd6ce80000 - 0x00007ffd6ce88000 	C:\WINDOWS\System32\PSAPI.DLL
0x00007ffd52350000 - 0x00007ffd52377000 	C:\WINDOWS\SYSTEM32\WINMM.dll
0x00007ffd5fd30000 - 0x00007ffd5fd3a000 	C:\WINDOWS\SYSTEM32\VERSION.dll
0x00007ffd532e0000 - 0x00007ffd532e9000 	C:\WINDOWS\SYSTEM32\WSOCK32.dll
0x00007ffd6dba0000 - 0x00007ffd6dc0b000 	C:\WINDOWS\System32\WS2_32.dll
0x00007ffd6ae00000 - 0x00007ffd6ae12000 	C:\WINDOWS\SYSTEM32\kernel.appcore.dll
0x00007ffd48a40000 - 0x00007ffd48a51000 	C:\Program Files\Android\Android Studio\jre\bin\verify.dll
0x00007ffd67c10000 - 0x00007ffd67df4000 	C:\WINDOWS\SYSTEM32\DBGHELP.DLL
0x00007ffd55210000 - 0x00007ffd5523c000 	C:\WINDOWS\SYSTEM32\dbgcore.DLL
0x00007ffd6cdc0000 - 0x00007ffd6ce43000 	C:\WINDOWS\System32\bcryptPrimitives.dll
0x00007ffd421d0000 - 0x00007ffd421f9000 	C:\Program Files\Android\Android Studio\jre\bin\java.dll
0x00007ffd51d00000 - 0x00007ffd51d0b000 	C:\Program Files\Android\Android Studio\jre\bin\jimage.dll
0x00007ffd48a20000 - 0x00007ffd48a38000 	C:\Program Files\Android\Android Studio\jre\bin\zip.dll
0x00007ffd6dd10000 - 0x00007ffd6e44f000 	C:\WINDOWS\System32\SHELL32.dll
0x00007ffd6a600000 - 0x00007ffd6ad90000 	C:\WINDOWS\SYSTEM32\windows.storage.dll
0x00007ffd6e860000 - 0x00007ffd6ebb5000 	C:\WINDOWS\System32\combase.dll
0x00007ffd6bf10000 - 0x00007ffd6bf3c000 	C:\WINDOWS\SYSTEM32\Wldp.dll
0x00007ffd6cfa0000 - 0x00007ffd6d04e000 	C:\WINDOWS\System32\SHCORE.dll
0x00007ffd6db40000 - 0x00007ffd6db95000 	C:\WINDOWS\System32\shlwapi.dll
0x00007ffd6c460000 - 0x00007ffd6c47f000 	C:\WINDOWS\SYSTEM32\profapi.dll
0x00007ffd421b0000 - 0x00007ffd421ca000 	C:\Program Files\Android\Android Studio\jre\bin\net.dll
0x00007ffd66920000 - 0x00007ffd66a28000 	C:\WINDOWS\SYSTEM32\WINHTTP.dll
0x00007ffd6bc70000 - 0x00007ffd6bcda000 	C:\WINDOWS\system32\mswsock.dll
0x00007ffd42150000 - 0x00007ffd42164000 	C:\Program Files\Android\Android Studio\jre\bin\nio.dll

dbghelp: loaded successfully - version: 4.0.5 - missing functions: none
symbol engine: initialized successfully - sym options: 0x614 - pdb path: .;C:\Program Files\Android\Android Studio\jre\bin;C:\WINDOWS\SYSTEM32;C:\WINDOWS\WinSxS\amd64_microsoft.windows.common-controls_6595b64144ccf1df_6.0.19041.1110_none_60b5254171f9507e;C:\Program Files\Android\Android Studio\jre\bin\server

VM Arguments:
java_command: org.jetbrains.kotlin.cli.jvm.K2JVMCompiler @C:\Users\USER\AndroidStudioProjects\Notitest01\app\build\20210826_13620609852605067515.compiler.options
java_class_path (initial): C:\Users\USER\.gradle\caches\modules-2\files-2.1\org.jetbrains.kotlin\kotlin-compiler-embeddable\1.5.21\40ddbcae9ff100473f95370c2d589ba3fc48eed5\kotlin-compiler-embeddable-1.5.21.jar;C:\Users\USER\.gradle\caches\modules-2\files-2.1\org.jetbrains.kotlin\kotlin-reflect\1.5.21\802f1f39735ae1eb2b75714a40fa19bb2e687e96\kotlin-reflect-1.5.21.jar;C:\Users\USER\.gradle\caches\modules-2\files-2.1\org.jetbrains.kotlin\kotlin-stdlib\1.5.21\2f537cad7e9eeb9da73738c8812e1e4cf9b62e4e\kotlin-stdlib-1.5.21.jar;C:\Users\USER\.gradle\caches\modules-2\files-2.1\org.jetbrains.kotlin\kotlin-script-runtime\1.5.21\96d49e89873fde985750af354b6eabb60cfa999b\kotlin-script-runtime-1.5.21.jar;C:\Users\USER\.gradle\caches\modules-2\files-2.1\org.jetbrains.kotlin\kotlin-daemon-embeddable\1.5.21\17255809e66a940dfdf6289bccbdfb5a09f3145\kotlin-daemon-embeddable-1.5.21.jar;C:\Users\USER\.gradle\caches\modules-2\files-2.1\org.jetbrains.intellij.deps\trove4j\1.0.20181211\216c2e14b070f334479d800987affe4054cd563f\trove4j-1.0.20181211.jar;C:\Users\USER\.gradle\caches\modules-2\files-2.1\org.jetbrains\annotations\13.0\919f0dfe192fb4e063e7dacadee7f8bb9a2672a9\annotations-13.0.jar;C:\Users\USER\.gradle\caches\modules-2\files-2.1\org.jetbrains.kotlin\kotlin-stdlib-common\1.5.21\cc8bf3586fd2ebcf234058b9440bb406e62dfacb\kotlin-stdlib-common-1.5.21.jar
Launcher Type: SUN_STANDARD

[Global flags]
     intx CICompilerCount                          = 4                                         {product} {ergonomic}
     uint ConcGCThreads                            = 2                                         {product} {ergonomic}
     uint G1ConcRefinementThreads                  = 8                                         {product} {ergonomic}
   size_t G1HeapRegionSize                         = 1048576                                   {product} {ergonomic}
    uintx GCDrainStackTargetSize                   = 64                                        {product} {ergonomic}
   size_t InitialHeapSize                          = 134217728                                 {product} {ergonomic}
   size_t MarkStackSize                            = 4194304                                   {product} {ergonomic}
   size_t MaxHeapSize                              = 2118123520                                {product} {ergonomic}
   size_t MaxNewSize                               = 1270874112                                {product} {ergonomic}
   size_t MinHeapDeltaBytes                        = 1048576                                   {product} {ergonomic}
    uintx NonNMethodCodeHeapSize                   = 5836300                                {pd product} {ergonomic}
    uintx NonProfiledCodeHeapSize                  = 122910970                              {pd product} {ergonomic}
    uintx ProfiledCodeHeapSize                     = 122910970                              {pd product} {ergonomic}
    uintx ReservedCodeCacheSize                    = 251658240                              {pd product} {ergonomic}
     bool SegmentedCodeCache                       = true                                      {product} {ergonomic}
     bool UseCompressedClassPointers               = true                                 {lp64_product} {ergonomic}
     bool UseCompressedOops                        = true                                 {lp64_product} {ergonomic}
     bool UseG1GC                                  = true                                      {product} {ergonomic}
     bool UseLargePagesIndividualAllocation        = false                                  {pd product} {ergonomic}

Logging:
Log output configuration:
 #0: stdout all=warning uptime,level,tags
 #1: stderr all=off uptime,level,tags

Environment Variables:
JAVA_HOME=C:\Users\USER\AppData\Local\Programs\AdoptOpenJDK\jdk-11.0.9.101-hotspot\
PATH=C:\WINDOWS\system32;C:\WINDOWS;C:\WINDOWS\System32\Wbem;C:\WINDOWS\System32\WindowsPowerShell\v1.0\;C:\WINDOWS\System32\OpenSSH\;C:\Program Files\dotnet\;C:\mingw-w64\mingw32\bin;C:\Program Files\Git\cmd;C:\Users\USER\AppData\Local\Programs\AdoptOpenJDK\jdk-11.0.9.101-hotspot\bin;C:\Users\USER\AppData\Local\Microsoft\WindowsApps;;C:\Users\USER\AppData\Local\Programs\Microsoft VS Code\bin
USERNAME=USER
OS=Windows_NT
PROCESSOR_IDENTIFIER=Intel64 Family 6 Model 142 Stepping 10, GenuineIntel



---------------  S Y S T E M  ---------------

OS: Windows 10 , 64 bit Build 19041 (10.0.19041.1151)
OS uptime: 0 days 10:19 hours

CPU:total 8 (initial active 8) (4 cores per cpu, 2 threads per core) family 6 model 142 stepping 10 microcode 0xb4, cmov, cx8, fxsr, mmx, sse, sse2, sse3, ssse3, sse4.1, sse4.2, popcnt, avx, avx2, aes, clmul, erms, 3dnowpref, lzcnt, ht, tsc, tscinvbit, bmi1, bmi2, adx, fma

Memory: 4k page, system-wide physical 8076M (403M free)
TotalPageFile size 32652M (AvailPageFile size 0M)
current process WorkingSet (physical memory assigned to process): 213M, peak: 213M
current process commit charge ("private bytes"): 293M, peak: 319M

vm_info: OpenJDK 64-Bit Server VM (11.0.10+0-b96-7249189) for windows-amd64 JRE (11.0.10+0-b96-7249189), built on Mar 31 2021 21:44:00 by "builder" with MS VC++ 14.0 (VS2015)

END.
