#
# There is insufficient memory for the Java Runtime Environment to continue.
# Native memory allocation (malloc) failed to allocate 1507856 bytes for Chunk::new
# Possible reasons:
#   The system is out of physical RAM or swap space
#   The process is running with CompressedOops enabled, and the Java Heap may be blocking the growth of the native heap
# Possible solutions:
#   Reduce memory load on the system
#   Increase physical memory or swap space
#   Check if swap backing store is full
#   Decrease Java heap size (-Xmx/-Xms)
#   Decrease number of Java threads
#   Decrease Java thread stack sizes (-Xss)
#   Set larger code cache with -XX:ReservedCodeCacheSize=
#   JVM is running with Unscaled Compressed Oops mode in which the Java heap is
#     placed in the first 4GB address space. The Java Heap base address is the
#     maximum limit for the native heap growth. Please use -XX:HeapBaseMinAddress
#     to set the Java Heap base and to place the Java Heap above 4GB virtual address.
# This output file may be truncated or incomplete.
#
#  Out of Memory Error (./src/hotspot/share/memory/arena.cpp:197), pid=19096, tid=15656
#
# JRE version: OpenJDK Runtime Environment (11.0.10) (build 11.0.10+0-b96-7249189)
# Java VM: OpenJDK 64-Bit Server VM (11.0.10+0-b96-7249189, mixed mode, tiered, compressed oops, g1 gc, windows-amd64)
# No core dump will be written. Minidumps are not enabled by default on client versions of Windows
#

---------------  S U M M A R Y ------------

Command Line: org.jetbrains.kotlin.cli.jvm.K2JVMCompiler @C:\Users\USER\AndroidStudioProjects\Notitest01\app\build\20210826_7790206910215846712.compiler.options

Host: Intel(R) Core(TM) i5-8250U CPU @ 1.60GHz, 8 cores, 7G,  Windows 10 , 64 bit Build 19041 (10.0.19041.1151)
Time: Thu Aug 26 05:47:23 2021 台北標準時間 elapsed time: 8.599127 seconds (0d 0h 0m 8s)

---------------  T H R E A D  ---------------

Current thread (0x000001fe6f034000):  JavaThread "C2 CompilerThread1" daemon [_thread_in_native, id=15656, stack(0x000000c8ac300000,0x000000c8ac400000)]


Current CompileTask:
C2:   8599 7998       4       org.jetbrains.kotlin.load.kotlin.TypeSignatureMappingKt::mapBuiltInType (342 bytes)

Stack: [0x000000c8ac300000,0x000000c8ac400000]
Native frames: (J=compiled Java code, j=interpreted, Vv=VM code, C=native code)
V  [jvm.dll+0x5ecfaa]
V  [jvm.dll+0x722bd5]
V  [jvm.dll+0x72412d]
V  [jvm.dll+0x7247e3]
V  [jvm.dll+0x242928]
V  [jvm.dll+0xbc4fc]
V  [jvm.dll+0xbca0c]
V  [jvm.dll+0x352d3b]
V  [jvm.dll+0x320ad3]
V  [jvm.dll+0x31ffca]
V  [jvm.dll+0x1fb602]
V  [jvm.dll+0x1fa7f4]
V  [jvm.dll+0x18354c]
V  [jvm.dll+0x208ee7]
V  [jvm.dll+0x207731]
V  [jvm.dll+0x6eb1cf]
V  [jvm.dll+0x6e3d45]
V  [jvm.dll+0x5ebe96]
C  [ucrtbase.dll+0x21bb2]
C  [KERNEL32.DLL+0x17034]
C  [ntdll.dll+0x52651]


---------------  P R O C E S S  ---------------

Threads class SMR info:
_java_thread_list=0x000001fe6f8127e0, length=11, elements={
0x000001fe68ba8800, 0x000001fe68bac000, 0x000001fe694a6000, 0x000001fe68bc5000,
0x000001fe68bc6000, 0x000001fe68bc9000, 0x000001fe68bcb800, 0x000001fe68bcc800,
0x000001fe69600800, 0x000001fe6f034000, 0x000001fe6d323000
}

Java Threads: ( => current thread )
  0x000001fe68ba8800 JavaThread "Reference Handler" daemon [_thread_blocked, id=9964, stack(0x000000c8ab900000,0x000000c8aba00000)]
  0x000001fe68bac000 JavaThread "Finalizer" daemon [_thread_blocked, id=19924, stack(0x000000c8aba00000,0x000000c8abb00000)]
  0x000001fe694a6000 JavaThread "Signal Dispatcher" daemon [_thread_blocked, id=7916, stack(0x000000c8abb00000,0x000000c8abc00000)]
  0x000001fe68bc5000 JavaThread "Attach Listener" daemon [_thread_blocked, id=12748, stack(0x000000c8abc00000,0x000000c8abd00000)]
  0x000001fe68bc6000 JavaThread "Service Thread" daemon [_thread_blocked, id=17564, stack(0x000000c8abd00000,0x000000c8abe00000)]
  0x000001fe68bc9000 JavaThread "C2 CompilerThread0" daemon [_thread_in_native, id=18300, stack(0x000000c8abe00000,0x000000c8abf00000)]
  0x000001fe68bcb800 JavaThread "C1 CompilerThread0" daemon [_thread_blocked, id=10304, stack(0x000000c8abf00000,0x000000c8ac000000)]
  0x000001fe68bcc800 JavaThread "Sweeper thread" daemon [_thread_blocked, id=18940, stack(0x000000c8ac000000,0x000000c8ac100000)]
  0x000001fe69600800 JavaThread "Common-Cleaner" daemon [_thread_blocked, id=6980, stack(0x000000c8ac200000,0x000000c8ac300000)]
=>0x000001fe6f034000 JavaThread "C2 CompilerThread1" daemon [_thread_in_native, id=15656, stack(0x000000c8ac300000,0x000000c8ac400000)]
  0x000001fe6d323000 JavaThread "DestroyJavaVM" [_thread_blocked, id=19592, stack(0x000000c8ab200000,0x000000c8ab300000)]

Other Threads:
  0x000001fe68ba6800 VMThread "VM Thread" [stack: 0x000000c8ab800000,0x000000c8ab900000] [id=5060]
  0x000001fe69628000 WatcherThread [stack: 0x000000c8ac100000,0x000000c8ac200000] [id=3756]
  0x000001fe4e102000 GCTaskThread "GC Thread#0" [stack: 0x000000c8ab300000,0x000000c8ab400000] [id=12408]
  0x000001fe69c54800 GCTaskThread "GC Thread#1" [stack: 0x000000c8ac500000,0x000000c8ac600000] [id=1440]
  0x000001fe69c55000 GCTaskThread "GC Thread#2" [stack: 0x000000c8ac600000,0x000000c8ac700000] [id=17144]
  0x000001fe6f5dd000 GCTaskThread "GC Thread#3" [stack: 0x000000c8ac400000,0x000000c8ac500000] [id=8844]
  0x000001fe4e131800 ConcurrentGCThread "G1 Main Marker" [stack: 0x000000c8ab400000,0x000000c8ab500000] [id=15552]
  0x000001fe4e134000 ConcurrentGCThread "G1 Conc#0" [stack: 0x000000c8ab500000,0x000000c8ab600000] [id=19092]
  0x000001fe6a6d9800 ConcurrentGCThread "G1 Conc#1" [stack: 0x000000c8ac700000,0x000000c8ac800000] [id=8208]
  0x000001fe689f0800 ConcurrentGCThread "G1 Refine#0" [stack: 0x000000c8ab600000,0x000000c8ab700000] [id=19392]
  0x000001fe6e8cd800 ConcurrentGCThread "G1 Refine#1" [stack: 0x000000c8ac800000,0x000000c8ac900000] [id=10428]
  0x000001fe6ebbd000 ConcurrentGCThread "G1 Refine#2" [stack: 0x000000c8ac900000,0x000000c8aca00000] [id=16356]
  0x000001fe6c607800 ConcurrentGCThread "G1 Refine#3" [stack: 0x000000c8aca00000,0x000000c8acb00000] [id=17608]
  0x000001fe689f1000 ConcurrentGCThread "G1 Young RemSet Sampling" [stack: 0x000000c8ab700000,0x000000c8ab800000] [id=16544]

Threads with active compile tasks:
C2 CompilerThread0   8637 8040       4       org.jetbrains.kotlin.ir.util.TypeTranslator::leaveScope (36 bytes)
C2 CompilerThread1   8637 7998       4       org.jetbrains.kotlin.load.kotlin.TypeSignatureMappingKt::mapBuiltInType (342 bytes)

VM state:not at safepoint (normal execution)

VM Mutex/Monitor currently owned by a thread: None

Heap address: 0x0000000081c00000, size: 2020 MB, Compressed Oops mode: 32-bit
Narrow klass base: 0x0000000000000000, Narrow klass shift: 3
Compressed class space size: 1073741824 Address: 0x0000000100000000

Heap:
 garbage-first heap   total 201728K, used 61275K [0x0000000081c00000, 0x0000000100000000)
  region size 1024K, 13 young (13312K), 9 survivors (9216K)
 Metaspace       used 75797K, capacity 76611K, committed 76752K, reserved 1138688K
  class space    used 8555K, capacity 8877K, committed 8912K, reserved 1048576K
Heap Regions: E=young(eden), S=young(survivor), O=old, HS=humongous(starts), HC=humongous(continues), CS=collection set, F=free, A=archive, TAMS=top-at-mark-start (previous, next)
|   0|0x0000000081c00000, 0x0000000081d00000, 0x0000000081d00000|100%|HS|  |TAMS 0x0000000081d00000, 0x0000000081c00000| Complete 
|   1|0x0000000081d00000, 0x0000000081e00000, 0x0000000081e00000|100%|HC|  |TAMS 0x0000000081e00000, 0x0000000081d00000| Complete 
|   2|0x0000000081e00000, 0x0000000081f00000, 0x0000000081f00000|100%|HC|  |TAMS 0x0000000081f00000, 0x0000000081e00000| Complete 
|   3|0x0000000081f00000, 0x0000000082000000, 0x0000000082000000|100%|HS|  |TAMS 0x0000000082000000, 0x0000000081f00000| Complete 
|   4|0x0000000082000000, 0x0000000082100000, 0x0000000082100000|100%|HC|  |TAMS 0x0000000082100000, 0x0000000082000000| Complete 
|   5|0x0000000082100000, 0x0000000082200000, 0x0000000082200000|100%|HC|  |TAMS 0x0000000082200000, 0x0000000082100000| Complete 
|   6|0x0000000082200000, 0x0000000082300000, 0x0000000082300000|100%|HS|  |TAMS 0x0000000082300000, 0x0000000082200000| Complete 
|   7|0x0000000082300000, 0x0000000082400000, 0x0000000082400000|100%|HC|  |TAMS 0x0000000082400000, 0x0000000082300000| Complete 
|   8|0x0000000082400000, 0x0000000082500000, 0x0000000082500000|100%|HC|  |TAMS 0x0000000082500000, 0x0000000082400000| Complete 
|   9|0x0000000082500000, 0x0000000082600000, 0x0000000082600000|100%| O|  |TAMS 0x0000000082600000, 0x0000000082500000| Untracked 
|  10|0x0000000082600000, 0x0000000082700000, 0x0000000082700000|100%| O|  |TAMS 0x0000000082700000, 0x0000000082600000| Untracked 
|  11|0x0000000082700000, 0x0000000082800000, 0x0000000082800000|100%| O|  |TAMS 0x0000000082800000, 0x0000000082700000| Untracked 
|  12|0x0000000082800000, 0x0000000082900000, 0x0000000082900000|100%| O|  |TAMS 0x0000000082900000, 0x0000000082800000| Untracked 
|  13|0x0000000082900000, 0x0000000082a00000, 0x0000000082a00000|100%|HS|  |TAMS 0x0000000082a00000, 0x0000000082900000| Complete 
|  14|0x0000000082a00000, 0x0000000082b00000, 0x0000000082b00000|100%|HC|  |TAMS 0x0000000082b00000, 0x0000000082a00000| Complete 
|  15|0x0000000082b00000, 0x0000000082c00000, 0x0000000082c00000|100%| O|  |TAMS 0x0000000082c00000, 0x0000000082b00000| Untracked 
|  16|0x0000000082c00000, 0x0000000082cffff8, 0x0000000082d00000| 99%| O|  |TAMS 0x0000000082cffff8, 0x0000000082c00000| Untracked 
|  17|0x0000000082d00000, 0x0000000082e00000, 0x0000000082e00000|100%| O|  |TAMS 0x0000000082e00000, 0x0000000082d00000| Untracked 
|  18|0x0000000082e00000, 0x0000000082f00000, 0x0000000082f00000|100%| O|  |TAMS 0x0000000082f00000, 0x0000000082e00000| Untracked 
|  19|0x0000000082f00000, 0x0000000083000000, 0x0000000083000000|100%| O|  |TAMS 0x0000000083000000, 0x0000000082f00000| Untracked 
|  20|0x0000000083000000, 0x0000000083100000, 0x0000000083100000|100%| O|  |TAMS 0x0000000083100000, 0x0000000083000000| Untracked 
|  21|0x0000000083100000, 0x0000000083200000, 0x0000000083200000|100%| O|  |TAMS 0x0000000083200000, 0x0000000083100000| Untracked 
|  22|0x0000000083200000, 0x0000000083300000, 0x0000000083300000|100%| O|  |TAMS 0x0000000083300000, 0x0000000083200000| Untracked 
|  23|0x0000000083300000, 0x0000000083400000, 0x0000000083400000|100%| O|  |TAMS 0x0000000083400000, 0x0000000083300000| Untracked 
|  24|0x0000000083400000, 0x0000000083500000, 0x0000000083500000|100%| O|  |TAMS 0x0000000083500000, 0x0000000083400000| Untracked 
|  25|0x0000000083500000, 0x0000000083600000, 0x0000000083600000|100%| O|  |TAMS 0x0000000083600000, 0x0000000083500000| Untracked 
|  26|0x0000000083600000, 0x0000000083700000, 0x0000000083700000|100%| O|  |TAMS 0x0000000083700000, 0x0000000083600000| Untracked 
|  27|0x0000000083700000, 0x0000000083800000, 0x0000000083800000|100%| O|  |TAMS 0x0000000083800000, 0x0000000083700000| Untracked 
|  28|0x0000000083800000, 0x0000000083900000, 0x0000000083900000|100%| O|  |TAMS 0x0000000083900000, 0x0000000083800000| Untracked 
|  29|0x0000000083900000, 0x0000000083a00000, 0x0000000083a00000|100%| O|  |TAMS 0x0000000083a00000, 0x0000000083900000| Untracked 
|  30|0x0000000083a00000, 0x0000000083b00000, 0x0000000083b00000|100%| O|  |TAMS 0x0000000083b00000, 0x0000000083a00000| Untracked 
|  31|0x0000000083b00000, 0x0000000083c00000, 0x0000000083c00000|100%| O|  |TAMS 0x0000000083c00000, 0x0000000083b00000| Untracked 
|  32|0x0000000083c00000, 0x0000000083d00000, 0x0000000083d00000|100%| O|  |TAMS 0x0000000083d00000, 0x0000000083c00000| Untracked 
|  33|0x0000000083d00000, 0x0000000083e00000, 0x0000000083e00000|100%| O|  |TAMS 0x0000000083e00000, 0x0000000083d00000| Untracked 
|  34|0x0000000083e00000, 0x0000000083f00000, 0x0000000083f00000|100%| O|  |TAMS 0x0000000083f00000, 0x0000000083e00000| Untracked 
|  35|0x0000000083f00000, 0x0000000084000000, 0x0000000084000000|100%| O|  |TAMS 0x0000000084000000, 0x0000000083f00000| Untracked 
|  36|0x0000000084000000, 0x0000000084100000, 0x0000000084100000|100%| O|  |TAMS 0x0000000084100000, 0x0000000084000000| Untracked 
|  37|0x0000000084100000, 0x0000000084200000, 0x0000000084200000|100%| O|  |TAMS 0x0000000084200000, 0x0000000084100000| Untracked 
|  38|0x0000000084200000, 0x0000000084300000, 0x0000000084300000|100%| O|  |TAMS 0x0000000084300000, 0x0000000084200000| Untracked 
|  39|0x0000000084300000, 0x0000000084400000, 0x0000000084400000|100%| O|  |TAMS 0x0000000084400000, 0x0000000084300000| Untracked 
|  40|0x0000000084400000, 0x0000000084500000, 0x0000000084500000|100%| O|  |TAMS 0x0000000084500000, 0x0000000084400000| Untracked 
|  41|0x0000000084500000, 0x0000000084600000, 0x0000000084600000|100%| O|  |TAMS 0x0000000084600000, 0x0000000084500000| Untracked 
|  42|0x0000000084600000, 0x0000000084700000, 0x0000000084700000|100%| O|  |TAMS 0x0000000084700000, 0x0000000084600000| Untracked 
|  43|0x0000000084700000, 0x0000000084800000, 0x0000000084800000|100%| O|  |TAMS 0x0000000084800000, 0x0000000084700000| Untracked 
|  44|0x0000000084800000, 0x0000000084900000, 0x0000000084900000|100%| O|  |TAMS 0x0000000084900000, 0x0000000084800000| Untracked 
|  45|0x0000000084900000, 0x0000000084a00000, 0x0000000084a00000|100%| O|  |TAMS 0x0000000084a00000, 0x0000000084900000| Untracked 
|  46|0x0000000084a00000, 0x0000000084b00000, 0x0000000084b00000|100%| O|  |TAMS 0x0000000084b00000, 0x0000000084a00000| Untracked 
|  47|0x0000000084b00000, 0x0000000084c00000, 0x0000000084c00000|100%| O|  |TAMS 0x0000000084c00000, 0x0000000084b00000| Untracked 
|  48|0x0000000084c00000, 0x0000000084c73600, 0x0000000084d00000| 45%| O|  |TAMS 0x0000000084c73600, 0x0000000084c00000| Untracked 
|  49|0x0000000084d00000, 0x0000000084d00000, 0x0000000084e00000|  0%| F|  |TAMS 0x0000000084d00000, 0x0000000084d00000| Untracked 
|  50|0x0000000084e00000, 0x0000000084e00000, 0x0000000084f00000|  0%| F|  |TAMS 0x0000000084e00000, 0x0000000084e00000| Untracked 
|  51|0x0000000084f00000, 0x0000000084f00000, 0x0000000085000000|  0%| F|  |TAMS 0x0000000084f00000, 0x0000000084f00000| Untracked 
|  52|0x0000000085000000, 0x0000000085000000, 0x0000000085100000|  0%| F|  |TAMS 0x0000000085000000, 0x0000000085000000| Untracked 
|  53|0x0000000085100000, 0x0000000085100000, 0x0000000085200000|  0%| F|  |TAMS 0x0000000085100000, 0x0000000085100000| Untracked 
|  54|0x0000000085200000, 0x0000000085200000, 0x0000000085300000|  0%| F|  |TAMS 0x0000000085200000, 0x0000000085200000| Untracked 
|  55|0x0000000085300000, 0x0000000085300000, 0x0000000085400000|  0%| F|  |TAMS 0x0000000085300000, 0x0000000085300000| Untracked 
|  56|0x0000000085400000, 0x0000000085400000, 0x0000000085500000|  0%| F|  |TAMS 0x0000000085400000, 0x0000000085400000| Untracked 
|  57|0x0000000085500000, 0x0000000085500000, 0x0000000085600000|  0%| F|  |TAMS 0x0000000085500000, 0x0000000085500000| Untracked 
|  58|0x0000000085600000, 0x0000000085600000, 0x0000000085700000|  0%| F|  |TAMS 0x0000000085600000, 0x0000000085600000| Untracked 
|  59|0x0000000085700000, 0x0000000085700000, 0x0000000085800000|  0%| F|  |TAMS 0x0000000085700000, 0x0000000085700000| Untracked 
|  60|0x0000000085800000, 0x0000000085800000, 0x0000000085900000|  0%| F|  |TAMS 0x0000000085800000, 0x0000000085800000| Untracked 
|  61|0x0000000085900000, 0x0000000085900000, 0x0000000085a00000|  0%| F|  |TAMS 0x0000000085900000, 0x0000000085900000| Untracked 
|  62|0x0000000085a00000, 0x0000000085a00000, 0x0000000085b00000|  0%| F|  |TAMS 0x0000000085a00000, 0x0000000085a00000| Untracked 
|  63|0x0000000085b00000, 0x0000000085b00000, 0x0000000085c00000|  0%| F|  |TAMS 0x0000000085b00000, 0x0000000085b00000| Untracked 
|  64|0x0000000085c00000, 0x0000000085c00000, 0x0000000085d00000|  0%| F|  |TAMS 0x0000000085c00000, 0x0000000085c00000| Untracked 
|  65|0x0000000085d00000, 0x0000000085d00000, 0x0000000085e00000|  0%| F|  |TAMS 0x0000000085d00000, 0x0000000085d00000| Untracked 
|  66|0x0000000085e00000, 0x0000000085e00000, 0x0000000085f00000|  0%| F|  |TAMS 0x0000000085e00000, 0x0000000085e00000| Untracked 
|  67|0x0000000085f00000, 0x0000000085f00000, 0x0000000086000000|  0%| F|  |TAMS 0x0000000085f00000, 0x0000000085f00000| Untracked 
|  68|0x0000000086000000, 0x0000000086000000, 0x0000000086100000|  0%| F|  |TAMS 0x0000000086000000, 0x0000000086000000| Untracked 
|  69|0x0000000086100000, 0x0000000086100000, 0x0000000086200000|  0%| F|  |TAMS 0x0000000086100000, 0x0000000086100000| Untracked 
|  70|0x0000000086200000, 0x0000000086200000, 0x0000000086300000|  0%| F|  |TAMS 0x0000000086200000, 0x0000000086200000| Untracked 
|  71|0x0000000086300000, 0x0000000086300000, 0x0000000086400000|  0%| F|  |TAMS 0x0000000086300000, 0x0000000086300000| Untracked 
|  72|0x0000000086400000, 0x0000000086400000, 0x0000000086500000|  0%| F|  |TAMS 0x0000000086400000, 0x0000000086400000| Untracked 
|  73|0x0000000086500000, 0x0000000086500000, 0x0000000086600000|  0%| F|  |TAMS 0x0000000086500000, 0x0000000086500000| Untracked 
|  74|0x0000000086600000, 0x0000000086600000, 0x0000000086700000|  0%| F|  |TAMS 0x0000000086600000, 0x0000000086600000| Untracked 
|  75|0x0000000086700000, 0x0000000086700000, 0x0000000086800000|  0%| F|  |TAMS 0x0000000086700000, 0x0000000086700000| Untracked 
|  76|0x0000000086800000, 0x0000000086800000, 0x0000000086900000|  0%| F|  |TAMS 0x0000000086800000, 0x0000000086800000| Untracked 
|  77|0x0000000086900000, 0x0000000086900000, 0x0000000086a00000|  0%| F|  |TAMS 0x0000000086900000, 0x0000000086900000| Untracked 
|  78|0x0000000086a00000, 0x0000000086a00000, 0x0000000086b00000|  0%| F|  |TAMS 0x0000000086a00000, 0x0000000086a00000| Untracked 
|  79|0x0000000086b00000, 0x0000000086b00000, 0x0000000086c00000|  0%| F|  |TAMS 0x0000000086b00000, 0x0000000086b00000| Untracked 
|  80|0x0000000086c00000, 0x0000000086c00000, 0x0000000086d00000|  0%| F|  |TAMS 0x0000000086c00000, 0x0000000086c00000| Untracked 
|  81|0x0000000086d00000, 0x0000000086d00000, 0x0000000086e00000|  0%| F|  |TAMS 0x0000000086d00000, 0x0000000086d00000| Untracked 
|  82|0x0000000086e00000, 0x0000000086e00000, 0x0000000086f00000|  0%| F|  |TAMS 0x0000000086e00000, 0x0000000086e00000| Untracked 
|  83|0x0000000086f00000, 0x0000000086f00000, 0x0000000087000000|  0%| F|  |TAMS 0x0000000086f00000, 0x0000000086f00000| Untracked 
|  84|0x0000000087000000, 0x0000000087000000, 0x0000000087100000|  0%| F|  |TAMS 0x0000000087000000, 0x0000000087000000| Untracked 
|  85|0x0000000087100000, 0x0000000087100000, 0x0000000087200000|  0%| F|  |TAMS 0x0000000087100000, 0x0000000087100000| Untracked 
|  86|0x0000000087200000, 0x0000000087200000, 0x0000000087300000|  0%| F|  |TAMS 0x0000000087200000, 0x0000000087200000| Untracked 
|  87|0x0000000087300000, 0x0000000087300000, 0x0000000087400000|  0%| F|  |TAMS 0x0000000087300000, 0x0000000087300000| Untracked 
|  88|0x0000000087400000, 0x0000000087400000, 0x0000000087500000|  0%| F|  |TAMS 0x0000000087400000, 0x0000000087400000| Untracked 
|  89|0x0000000087500000, 0x0000000087500000, 0x0000000087600000|  0%| F|  |TAMS 0x0000000087500000, 0x0000000087500000| Untracked 
|  90|0x0000000087600000, 0x0000000087600000, 0x0000000087700000|  0%| F|  |TAMS 0x0000000087600000, 0x0000000087600000| Untracked 
|  91|0x0000000087700000, 0x0000000087700000, 0x0000000087800000|  0%| F|  |TAMS 0x0000000087700000, 0x0000000087700000| Untracked 
|  92|0x0000000087800000, 0x0000000087800000, 0x0000000087900000|  0%| F|  |TAMS 0x0000000087800000, 0x0000000087800000| Untracked 
|  93|0x0000000087900000, 0x0000000087900000, 0x0000000087a00000|  0%| F|  |TAMS 0x0000000087900000, 0x0000000087900000| Untracked 
|  94|0x0000000087a00000, 0x0000000087a00000, 0x0000000087b00000|  0%| F|  |TAMS 0x0000000087a00000, 0x0000000087a00000| Untracked 
|  95|0x0000000087b00000, 0x0000000087b00000, 0x0000000087c00000|  0%| F|  |TAMS 0x0000000087b00000, 0x0000000087b00000| Untracked 
|  96|0x0000000087c00000, 0x0000000087c00000, 0x0000000087d00000|  0%| F|  |TAMS 0x0000000087c00000, 0x0000000087c00000| Untracked 
|  97|0x0000000087d00000, 0x0000000087d00000, 0x0000000087e00000|  0%| F|  |TAMS 0x0000000087d00000, 0x0000000087d00000| Untracked 
|  98|0x0000000087e00000, 0x0000000087e00000, 0x0000000087f00000|  0%| F|  |TAMS 0x0000000087e00000, 0x0000000087e00000| Untracked 
|  99|0x0000000087f00000, 0x0000000087f00000, 0x0000000088000000|  0%| F|  |TAMS 0x0000000087f00000, 0x0000000087f00000| Untracked 
| 100|0x0000000088000000, 0x0000000088000000, 0x0000000088100000|  0%| F|  |TAMS 0x0000000088000000, 0x0000000088000000| Untracked 
| 101|0x0000000088100000, 0x0000000088100000, 0x0000000088200000|  0%| F|  |TAMS 0x0000000088100000, 0x0000000088100000| Untracked 
| 102|0x0000000088200000, 0x0000000088200000, 0x0000000088300000|  0%| F|  |TAMS 0x0000000088200000, 0x0000000088200000| Untracked 
| 103|0x0000000088300000, 0x0000000088300000, 0x0000000088400000|  0%| F|  |TAMS 0x0000000088300000, 0x0000000088300000| Untracked 
| 104|0x0000000088400000, 0x0000000088400000, 0x0000000088500000|  0%| F|  |TAMS 0x0000000088400000, 0x0000000088400000| Untracked 
| 105|0x0000000088500000, 0x0000000088500000, 0x0000000088600000|  0%| F|  |TAMS 0x0000000088500000, 0x0000000088500000| Untracked 
| 106|0x0000000088600000, 0x0000000088600000, 0x0000000088700000|  0%| F|  |TAMS 0x0000000088600000, 0x0000000088600000| Untracked 
| 107|0x0000000088700000, 0x0000000088700000, 0x0000000088800000|  0%| F|  |TAMS 0x0000000088700000, 0x0000000088700000| Untracked 
| 108|0x0000000088800000, 0x0000000088800000, 0x0000000088900000|  0%| F|  |TAMS 0x0000000088800000, 0x0000000088800000| Untracked 
| 109|0x0000000088900000, 0x0000000088900000, 0x0000000088a00000|  0%| F|  |TAMS 0x0000000088900000, 0x0000000088900000| Untracked 
| 110|0x0000000088a00000, 0x0000000088a00000, 0x0000000088b00000|  0%| F|  |TAMS 0x0000000088a00000, 0x0000000088a00000| Untracked 
| 111|0x0000000088b00000, 0x0000000088b00000, 0x0000000088c00000|  0%| F|  |TAMS 0x0000000088b00000, 0x0000000088b00000| Untracked 
| 112|0x0000000088c00000, 0x0000000088c00000, 0x0000000088d00000|  0%| F|  |TAMS 0x0000000088c00000, 0x0000000088c00000| Untracked 
| 113|0x0000000088d00000, 0x0000000088d00000, 0x0000000088e00000|  0%| F|  |TAMS 0x0000000088d00000, 0x0000000088d00000| Untracked 
| 114|0x0000000088e00000, 0x0000000088e00000, 0x0000000088f00000|  0%| F|  |TAMS 0x0000000088e00000, 0x0000000088e00000| Untracked 
| 115|0x0000000088f00000, 0x0000000088f00000, 0x0000000089000000|  0%| F|  |TAMS 0x0000000088f00000, 0x0000000088f00000| Untracked 
| 116|0x0000000089000000, 0x0000000089000000, 0x0000000089100000|  0%| F|  |TAMS 0x0000000089000000, 0x0000000089000000| Untracked 
| 117|0x0000000089100000, 0x0000000089100000, 0x0000000089200000|  0%| F|  |TAMS 0x0000000089100000, 0x0000000089100000| Untracked 
| 118|0x0000000089200000, 0x0000000089200000, 0x0000000089300000|  0%| F|  |TAMS 0x0000000089200000, 0x0000000089200000| Untracked 
| 119|0x0000000089300000, 0x00000000893637e0, 0x0000000089400000| 38%| S|CS|TAMS 0x0000000089300000, 0x0000000089300000| Complete 
| 120|0x0000000089400000, 0x0000000089500000, 0x0000000089500000|100%| S|CS|TAMS 0x0000000089400000, 0x0000000089400000| Complete 
| 121|0x0000000089500000, 0x0000000089600000, 0x0000000089600000|100%| S|CS|TAMS 0x0000000089500000, 0x0000000089500000| Complete 
| 122|0x0000000089600000, 0x0000000089700000, 0x0000000089700000|100%| S|CS|TAMS 0x0000000089600000, 0x0000000089600000| Complete 
| 123|0x0000000089700000, 0x0000000089800000, 0x0000000089800000|100%| S|CS|TAMS 0x0000000089700000, 0x0000000089700000| Complete 
| 124|0x0000000089800000, 0x0000000089900000, 0x0000000089900000|100%| S|CS|TAMS 0x0000000089800000, 0x0000000089800000| Complete 
| 125|0x0000000089900000, 0x0000000089a00000, 0x0000000089a00000|100%| S|CS|TAMS 0x0000000089900000, 0x0000000089900000| Complete 
| 126|0x0000000089a00000, 0x0000000089b00000, 0x0000000089b00000|100%| S|CS|TAMS 0x0000000089a00000, 0x0000000089a00000| Complete 
| 127|0x0000000089b00000, 0x0000000089c00000, 0x0000000089c00000|100%| S|CS|TAMS 0x0000000089b00000, 0x0000000089b00000| Complete 
| 128|0x0000000089c00000, 0x0000000089c00000, 0x0000000089d00000|  0%| F|  |TAMS 0x0000000089c00000, 0x0000000089c00000| Untracked 
| 129|0x0000000089d00000, 0x0000000089d00000, 0x0000000089e00000|  0%| F|  |TAMS 0x0000000089d00000, 0x0000000089d00000| Untracked 
| 130|0x0000000089e00000, 0x0000000089e00000, 0x0000000089f00000|  0%| F|  |TAMS 0x0000000089e00000, 0x0000000089e00000| Untracked 
| 131|0x0000000089f00000, 0x0000000089f00000, 0x000000008a000000|  0%| F|  |TAMS 0x0000000089f00000, 0x0000000089f00000| Untracked 
| 132|0x000000008a000000, 0x000000008a000000, 0x000000008a100000|  0%| F|  |TAMS 0x000000008a000000, 0x000000008a000000| Untracked 
| 133|0x000000008a100000, 0x000000008a100000, 0x000000008a200000|  0%| F|  |TAMS 0x000000008a100000, 0x000000008a100000| Untracked 
| 134|0x000000008a200000, 0x000000008a200000, 0x000000008a300000|  0%| F|  |TAMS 0x000000008a200000, 0x000000008a200000| Untracked 
| 135|0x000000008a300000, 0x000000008a300000, 0x000000008a400000|  0%| F|  |TAMS 0x000000008a300000, 0x000000008a300000| Untracked 
| 136|0x000000008a400000, 0x000000008a400000, 0x000000008a500000|  0%| F|  |TAMS 0x000000008a400000, 0x000000008a400000| Untracked 
| 137|0x000000008a500000, 0x000000008a500000, 0x000000008a600000|  0%| F|  |TAMS 0x000000008a500000, 0x000000008a500000| Untracked 
| 138|0x000000008a600000, 0x000000008a600000, 0x000000008a700000|  0%| F|  |TAMS 0x000000008a600000, 0x000000008a600000| Untracked 
| 139|0x000000008a700000, 0x000000008a700000, 0x000000008a800000|  0%| F|  |TAMS 0x000000008a700000, 0x000000008a700000| Untracked 
| 140|0x000000008a800000, 0x000000008a800000, 0x000000008a900000|  0%| F|  |TAMS 0x000000008a800000, 0x000000008a800000| Untracked 
| 141|0x000000008a900000, 0x000000008a900000, 0x000000008aa00000|  0%| F|  |TAMS 0x000000008a900000, 0x000000008a900000| Untracked 
| 142|0x000000008aa00000, 0x000000008aa00000, 0x000000008ab00000|  0%| F|  |TAMS 0x000000008aa00000, 0x000000008aa00000| Untracked 
| 143|0x000000008ab00000, 0x000000008ab00000, 0x000000008ac00000|  0%| F|  |TAMS 0x000000008ab00000, 0x000000008ab00000| Untracked 
| 144|0x000000008ac00000, 0x000000008ac00000, 0x000000008ad00000|  0%| F|  |TAMS 0x000000008ac00000, 0x000000008ac00000| Untracked 
| 145|0x000000008ad00000, 0x000000008ad00000, 0x000000008ae00000|  0%| F|  |TAMS 0x000000008ad00000, 0x000000008ad00000| Untracked 
| 146|0x000000008ae00000, 0x000000008ae00000, 0x000000008af00000|  0%| F|  |TAMS 0x000000008ae00000, 0x000000008ae00000| Untracked 
| 147|0x000000008af00000, 0x000000008af00000, 0x000000008b000000|  0%| F|  |TAMS 0x000000008af00000, 0x000000008af00000| Untracked 
| 148|0x000000008b000000, 0x000000008b000000, 0x000000008b100000|  0%| F|  |TAMS 0x000000008b000000, 0x000000008b000000| Untracked 
| 149|0x000000008b100000, 0x000000008b100000, 0x000000008b200000|  0%| F|  |TAMS 0x000000008b100000, 0x000000008b100000| Untracked 
| 150|0x000000008b200000, 0x000000008b200000, 0x000000008b300000|  0%| F|  |TAMS 0x000000008b200000, 0x000000008b200000| Untracked 
| 151|0x000000008b300000, 0x000000008b300000, 0x000000008b400000|  0%| F|  |TAMS 0x000000008b300000, 0x000000008b300000| Untracked 
| 152|0x000000008b400000, 0x000000008b400000, 0x000000008b500000|  0%| F|  |TAMS 0x000000008b400000, 0x000000008b400000| Untracked 
| 153|0x000000008b500000, 0x000000008b500000, 0x000000008b600000|  0%| F|  |TAMS 0x000000008b500000, 0x000000008b500000| Untracked 
| 154|0x000000008b600000, 0x000000008b600000, 0x000000008b700000|  0%| F|  |TAMS 0x000000008b600000, 0x000000008b600000| Untracked 
| 155|0x000000008b700000, 0x000000008b700000, 0x000000008b800000|  0%| F|  |TAMS 0x000000008b700000, 0x000000008b700000| Untracked 
| 156|0x000000008b800000, 0x000000008b800000, 0x000000008b900000|  0%| F|  |TAMS 0x000000008b800000, 0x000000008b800000| Untracked 
| 157|0x000000008b900000, 0x000000008b900000, 0x000000008ba00000|  0%| F|  |TAMS 0x000000008b900000, 0x000000008b900000| Untracked 
| 158|0x000000008ba00000, 0x000000008ba00000, 0x000000008bb00000|  0%| F|  |TAMS 0x000000008ba00000, 0x000000008ba00000| Untracked 
| 159|0x000000008bb00000, 0x000000008bb00000, 0x000000008bc00000|  0%| F|  |TAMS 0x000000008bb00000, 0x000000008bb00000| Untracked 
| 160|0x000000008bc00000, 0x000000008bc00000, 0x000000008bd00000|  0%| F|  |TAMS 0x000000008bc00000, 0x000000008bc00000| Untracked 
| 161|0x000000008bd00000, 0x000000008bd00000, 0x000000008be00000|  0%| F|  |TAMS 0x000000008bd00000, 0x000000008bd00000| Untracked 
| 162|0x000000008be00000, 0x000000008be00000, 0x000000008bf00000|  0%| F|  |TAMS 0x000000008be00000, 0x000000008be00000| Untracked 
| 163|0x000000008bf00000, 0x000000008bf00000, 0x000000008c000000|  0%| F|  |TAMS 0x000000008bf00000, 0x000000008bf00000| Untracked 
| 164|0x000000008c000000, 0x000000008c000000, 0x000000008c100000|  0%| F|  |TAMS 0x000000008c000000, 0x000000008c000000| Untracked 
| 165|0x000000008c100000, 0x000000008c100000, 0x000000008c200000|  0%| F|  |TAMS 0x000000008c100000, 0x000000008c100000| Untracked 
| 166|0x000000008c200000, 0x000000008c200000, 0x000000008c300000|  0%| F|  |TAMS 0x000000008c200000, 0x000000008c200000| Untracked 
| 167|0x000000008c300000, 0x000000008c300000, 0x000000008c400000|  0%| F|  |TAMS 0x000000008c300000, 0x000000008c300000| Untracked 
| 168|0x000000008c400000, 0x000000008c400000, 0x000000008c500000|  0%| F|  |TAMS 0x000000008c400000, 0x000000008c400000| Untracked 
| 169|0x000000008c500000, 0x000000008c500000, 0x000000008c600000|  0%| F|  |TAMS 0x000000008c500000, 0x000000008c500000| Untracked 
| 170|0x000000008c600000, 0x000000008c600000, 0x000000008c700000|  0%| F|  |TAMS 0x000000008c600000, 0x000000008c600000| Untracked 
| 171|0x000000008c700000, 0x000000008c700000, 0x000000008c800000|  0%| F|  |TAMS 0x000000008c700000, 0x000000008c700000| Untracked 
| 172|0x000000008c800000, 0x000000008c800000, 0x000000008c900000|  0%| F|  |TAMS 0x000000008c800000, 0x000000008c800000| Untracked 
| 173|0x000000008c900000, 0x000000008c900000, 0x000000008ca00000|  0%| F|  |TAMS 0x000000008c900000, 0x000000008c900000| Untracked 
| 174|0x000000008ca00000, 0x000000008ca00000, 0x000000008cb00000|  0%| F|  |TAMS 0x000000008ca00000, 0x000000008ca00000| Untracked 
| 175|0x000000008cb00000, 0x000000008cb00000, 0x000000008cc00000|  0%| F|  |TAMS 0x000000008cb00000, 0x000000008cb00000| Untracked 
| 176|0x000000008cc00000, 0x000000008cc00000, 0x000000008cd00000|  0%| F|  |TAMS 0x000000008cc00000, 0x000000008cc00000| Untracked 
| 177|0x000000008cd00000, 0x000000008cd00000, 0x000000008ce00000|  0%| F|  |TAMS 0x000000008cd00000, 0x000000008cd00000| Untracked 
| 178|0x000000008ce00000, 0x000000008ce00000, 0x000000008cf00000|  0%| F|  |TAMS 0x000000008ce00000, 0x000000008ce00000| Untracked 
| 179|0x000000008cf00000, 0x000000008cf00000, 0x000000008d000000|  0%| F|  |TAMS 0x000000008cf00000, 0x000000008cf00000| Untracked 
| 180|0x000000008d000000, 0x000000008d000000, 0x000000008d100000|  0%| F|  |TAMS 0x000000008d000000, 0x000000008d000000| Untracked 
| 181|0x000000008d100000, 0x000000008d100000, 0x000000008d200000|  0%| F|  |TAMS 0x000000008d100000, 0x000000008d100000| Untracked 
| 182|0x000000008d200000, 0x000000008d200000, 0x000000008d300000|  0%| F|  |TAMS 0x000000008d200000, 0x000000008d200000| Untracked 
| 183|0x000000008d300000, 0x000000008d300000, 0x000000008d400000|  0%| F|  |TAMS 0x000000008d300000, 0x000000008d300000| Untracked 
| 184|0x000000008d400000, 0x000000008d400000, 0x000000008d500000|  0%| F|  |TAMS 0x000000008d400000, 0x000000008d400000| Untracked 
| 185|0x000000008d500000, 0x000000008d500000, 0x000000008d600000|  0%| F|  |TAMS 0x000000008d500000, 0x000000008d500000| Untracked 
| 186|0x000000008d600000, 0x000000008d600000, 0x000000008d700000|  0%| F|  |TAMS 0x000000008d600000, 0x000000008d600000| Untracked 
| 187|0x000000008d700000, 0x000000008d700000, 0x000000008d800000|  0%| F|  |TAMS 0x000000008d700000, 0x000000008d700000| Untracked 
| 188|0x000000008d800000, 0x000000008d800000, 0x000000008d900000|  0%| F|  |TAMS 0x000000008d800000, 0x000000008d800000| Untracked 
| 189|0x000000008d900000, 0x000000008d900000, 0x000000008da00000|  0%| F|  |TAMS 0x000000008d900000, 0x000000008d900000| Untracked 
| 190|0x000000008da00000, 0x000000008da00000, 0x000000008db00000|  0%| F|  |TAMS 0x000000008da00000, 0x000000008da00000| Untracked 
| 191|0x000000008db00000, 0x000000008db00000, 0x000000008dc00000|  0%| F|  |TAMS 0x000000008db00000, 0x000000008db00000| Untracked 
| 192|0x000000008dc00000, 0x000000008dc00000, 0x000000008dd00000|  0%| F|  |TAMS 0x000000008dc00000, 0x000000008dc00000| Untracked 
| 193|0x000000008dd00000, 0x000000008dd79af8, 0x000000008de00000| 47%| E|  |TAMS 0x000000008dd00000, 0x000000008dd00000| Complete 
| 194|0x000000008de00000, 0x000000008df00000, 0x000000008df00000|100%| E|CS|TAMS 0x000000008de00000, 0x000000008de00000| Complete 
| 195|0x000000008df00000, 0x000000008e000000, 0x000000008e000000|100%| E|CS|TAMS 0x000000008df00000, 0x000000008df00000| Complete 
| 196|0x000000008e000000, 0x000000008e100000, 0x000000008e100000|100%| E|CS|TAMS 0x000000008e000000, 0x000000008e000000| Complete 

Card table byte_map: [0x000001fe61a40000,0x000001fe61e40000] _byte_map_base: 0x000001fe61632000

Marking Bits (Prev, Next): (CMBitMap*) 0x000001fe4e128ff8, (CMBitMap*) 0x000001fe4e129030
 Prev Bits: [0x000001fe62240000, 0x000001fe641d0000)
 Next Bits: [0x000001fe641d0000, 0x000001fe66160000)

Polling page: 0x000001fe4c860000

Metaspace:

Usage:
  Non-class:     66.15 MB capacity,    65.67 MB (>99%) used,   378.36 KB ( <1%) free+waste,   113.63 KB ( <1%) overhead. 
      Class:      8.67 MB capacity,     8.35 MB ( 96%) used,   274.52 KB (  3%) free+waste,    47.44 KB ( <1%) overhead. 
       Both:     74.82 MB capacity,    74.02 MB ( 99%) used,   652.88 KB ( <1%) free+waste,   161.06 KB ( <1%) overhead. 

Virtual space:
  Non-class space:       88.00 MB reserved,      66.25 MB ( 75%) committed 
      Class space:        1.00 GB reserved,       8.70 MB ( <1%) committed 
             Both:        1.09 GB reserved,      74.95 MB (  7%) committed 

Chunk freelists:
   Non-Class:  42.00 KB
       Class:  19.00 KB
        Both:  61.00 KB

MaxMetaspaceSize: 17179869184.00 GB
CompressedClassSpaceSize: 1.00 GB

CodeHeap 'non-profiled nmethods': size=120000Kb used=4151Kb max_used=4151Kb free=115848Kb
 bounds [0x000001fe596b0000, 0x000001fe59ac0000, 0x000001fe60be0000]
CodeHeap 'profiled nmethods': size=120000Kb used=22120Kb max_used=22120Kb free=97880Kb
 bounds [0x000001fe52180000, 0x000001fe53720000, 0x000001fe596b0000]
CodeHeap 'non-nmethods': size=5760Kb used=1271Kb max_used=1326Kb free=4488Kb
 bounds [0x000001fe51be0000, 0x000001fe51e50000, 0x000001fe52180000]
 total_blobs=8714 nmethods=8059 adapters=565
 compilation: enabled
              stopped_count=0, restarted_count=0
 full_count=0

Compilation events (20 events):
Event: 8.585 Thread 0x000001fe68bcb800 8079       3       org.jetbrains.kotlin.resolve.MemberComparator$NameAndTypeMemberComparator::getDeclarationPriority (87 bytes)
Event: 8.585 Thread 0x000001fe68bcb800 nmethod 8079 0x000001fe536f8090 code [0x000001fe536f82e0, 0x000001fe536f8ff8]
Event: 8.585 Thread 0x000001fe68bcb800 8080       3       org.jetbrains.kotlin.serialization.deserialization.descriptors.DeserializedClassDescriptor$DeserializedClassTypeConstructor::getDeclarationDescriptor (8 bytes)
Event: 8.585 Thread 0x000001fe68bcb800 nmethod 8080 0x000001fe536f9190 code [0x000001fe536f9340, 0x000001fe536f9458]
Event: 8.586 Thread 0x000001fe68bcb800 8083       3       org.jetbrains.kotlin.resolve.MemberComparator$NameAndTypeMemberComparator::compareInternal (65 bytes)
Event: 8.586 Thread 0x000001fe68bcb800 nmethod 8083 0x000001fe536f9510 code [0x000001fe536f97e0, 0x000001fe536fa468]
Event: 8.586 Thread 0x000001fe68bcb800 8089       2       java.util.regex.Pattern::split (290 bytes)
Event: 8.588 Thread 0x000001fe68bcb800 nmethod 8089 0x000001fe536fa990 code [0x000001fe536fad80, 0x000001fe536fc3f8]
Event: 8.588 Thread 0x000001fe68bcb800 8086       3       org.jetbrains.kotlin.resolve.MemberComparator::compare (847 bytes)
Event: 8.590 Thread 0x000001fe68bcb800 nmethod 8086 0x000001fe536fd090 code [0x000001fe536fd880, 0x000001fe53702988]
Event: 8.590 Thread 0x000001fe68bcb800 8085       3       org.jetbrains.kotlin.resolve.MemberComparator::compare (13 bytes)
Event: 8.591 Thread 0x000001fe68bcb800 nmethod 8085 0x000001fe53703f10 code [0x000001fe537040e0, 0x000001fe53704408]
Event: 8.591 Thread 0x000001fe68bcb800 8087       3       org.jetbrains.kotlin.resolve.MemberComparator$NameAndTypeMemberComparator::access$000 (6 bytes)
Event: 8.591 Thread 0x000001fe68bcb800 nmethod 8087 0x000001fe53704510 code [0x000001fe537046c0, 0x000001fe537047c8]
Event: 8.591 Thread 0x000001fe68bcb800 8084       3       org.jetbrains.kotlin.name.Name::compareTo (12 bytes)
Event: 8.591 Thread 0x000001fe68bcb800 nmethod 8084 0x000001fe53704890 code [0x000001fe53704a40, 0x000001fe53704b88]
Event: 8.591 Thread 0x000001fe68bcb800 8090       3       java.util.regex.Matcher::end (22 bytes)
Event: 8.591 Thread 0x000001fe68bcb800 nmethod 8090 0x000001fe53704c90 code [0x000001fe53704e60, 0x000001fe53705068]
Event: 8.591 Thread 0x000001fe68bcb800 8088       3       kotlin.text.StringsKt__StringsJVMKt::replace (202 bytes)
Event: 8.593 Thread 0x000001fe68bcb800 nmethod 8088 0x000001fe53705190 code [0x000001fe53705640, 0x000001fe537075b8]

GC Heap History (20 events):
Event: 0.556 GC heap before
{Heap before GC invocations=0 (full 0):
 garbage-first heap   total 131072K, used 27648K [0x0000000081c00000, 0x0000000100000000)
  region size 1024K, 24 young (24576K), 0 survivors (0K)
 Metaspace       used 12177K, capacity 12277K, committed 12544K, reserved 1060864K
  class space    used 1140K, capacity 1174K, committed 1280K, reserved 1048576K
}
Event: 0.559 GC heap after
{Heap after GC invocations=1 (full 0):
 garbage-first heap   total 131072K, used 5869K [0x0000000081c00000, 0x0000000100000000)
  region size 1024K, 3 young (3072K), 3 survivors (3072K)
 Metaspace       used 12177K, capacity 12277K, committed 12544K, reserved 1060864K
  class space    used 1140K, capacity 1174K, committed 1280K, reserved 1048576K
}
Event: 1.214 GC heap before
{Heap before GC invocations=1 (full 0):
 garbage-first heap   total 131072K, used 42733K [0x0000000081c00000, 0x0000000100000000)
  region size 1024K, 40 young (40960K), 3 survivors (3072K)
 Metaspace       used 21001K, capacity 21182K, committed 21248K, reserved 1069056K
  class space    used 2227K, capacity 2291K, committed 2304K, reserved 1048576K
}
Event: 1.223 GC heap after
{Heap after GC invocations=2 (full 0):
 garbage-first heap   total 131072K, used 9648K [0x0000000081c00000, 0x0000000100000000)
  region size 1024K, 7 young (7168K), 7 survivors (7168K)
 Metaspace       used 21001K, capacity 21182K, committed 21248K, reserved 1069056K
  class space    used 2227K, capacity 2291K, committed 2304K, reserved 1048576K
}
Event: 2.133 GC heap before
{Heap before GC invocations=3 (full 0):
 garbage-first heap   total 131072K, used 72112K [0x0000000081c00000, 0x0000000100000000)
  region size 1024K, 56 young (57344K), 7 survivors (7168K)
 Metaspace       used 31280K, capacity 31772K, committed 31868K, reserved 1077248K
  class space    used 3713K, capacity 3896K, committed 3964K, reserved 1048576K
}
Event: 2.148 GC heap after
{Heap after GC invocations=4 (full 0):
 garbage-first heap   total 131072K, used 24170K [0x0000000081c00000, 0x0000000100000000)
  region size 1024K, 7 young (7168K), 7 survivors (7168K)
 Metaspace       used 31280K, capacity 31772K, committed 31868K, reserved 1077248K
  class space    used 3713K, capacity 3896K, committed 3964K, reserved 1048576K
}
Event: 2.554 GC heap before
{Heap before GC invocations=4 (full 0):
 garbage-first heap   total 131072K, used 44650K [0x0000000081c00000, 0x0000000100000000)
  region size 1024K, 28 young (28672K), 7 survivors (7168K)
 Metaspace       used 35313K, capacity 35841K, committed 35964K, reserved 1081344K
  class space    used 4157K, capacity 4355K, committed 4476K, reserved 1048576K
}
Event: 2.574 GC heap after
{Heap after GC invocations=5 (full 0):
 garbage-first heap   total 131072K, used 23915K [0x0000000081c00000, 0x0000000100000000)
  region size 1024K, 3 young (3072K), 3 survivors (3072K)
 Metaspace       used 35313K, capacity 35841K, committed 35964K, reserved 1081344K
  class space    used 4157K, capacity 4355K, committed 4476K, reserved 1048576K
}
Event: 3.533 GC heap before
{Heap before GC invocations=6 (full 0):
 garbage-first heap   total 131072K, used 89451K [0x0000000081c00000, 0x0000000100000000)
  region size 1024K, 64 young (65536K), 3 survivors (3072K)
 Metaspace       used 45153K, capacity 45708K, committed 46076K, reserved 1089536K
  class space    used 5337K, capacity 5549K, committed 5628K, reserved 1048576K
}
Event: 3.550 GC heap after
{Heap after GC invocations=7 (full 0):
 garbage-first heap   total 157696K, used 35488K [0x0000000081c00000, 0x0000000100000000)
  region size 1024K, 8 young (8192K), 8 survivors (8192K)
 Metaspace       used 45153K, capacity 45708K, committed 46076K, reserved 1089536K
  class space    used 5337K, capacity 5549K, committed 5628K, reserved 1048576K
}
Event: 3.823 GC heap before
{Heap before GC invocations=7 (full 0):
 garbage-first heap   total 157696K, used 56992K [0x0000000081c00000, 0x0000000100000000)
  region size 1024K, 29 young (29696K), 8 survivors (8192K)
 Metaspace       used 47117K, capacity 47711K, committed 48124K, reserved 1091584K
  class space    used 5542K, capacity 5747K, committed 5884K, reserved 1048576K
}
Event: 3.837 GC heap after
{Heap after GC invocations=8 (full 0):
 garbage-first heap   total 157696K, used 38446K [0x0000000081c00000, 0x0000000100000000)
  region size 1024K, 3 young (3072K), 3 survivors (3072K)
 Metaspace       used 47117K, capacity 47711K, committed 48124K, reserved 1091584K
  class space    used 5542K, capacity 5747K, committed 5884K, reserved 1048576K
}
Event: 5.019 GC heap before
{Heap before GC invocations=8 (full 0):
 garbage-first heap   total 157696K, used 94766K [0x0000000081c00000, 0x0000000100000000)
  region size 1024K, 58 young (59392K), 3 survivors (3072K)
 Metaspace       used 53572K, capacity 54278K, committed 54396K, reserved 1097728K
  class space    used 6153K, capacity 6423K, committed 6524K, reserved 1048576K
}
Event: 5.047 GC heap after
{Heap after GC invocations=9 (full 0):
 garbage-first heap   total 157696K, used 46516K [0x0000000081c00000, 0x0000000100000000)
  region size 1024K, 8 young (8192K), 8 survivors (8192K)
 Metaspace       used 53572K, capacity 54278K, committed 54396K, reserved 1097728K
  class space    used 6153K, capacity 6423K, committed 6524K, reserved 1048576K
}
Event: 6.187 GC heap before
{Heap before GC invocations=9 (full 0):
 garbage-first heap   total 157696K, used 85428K [0x0000000081c00000, 0x0000000100000000)
  region size 1024K, 47 young (48128K), 8 survivors (8192K)
 Metaspace       used 59538K, capacity 60257K, committed 60368K, reserved 1101824K
  class space    used 6982K, capacity 7286K, committed 7376K, reserved 1048576K
}
Event: 6.208 GC heap after
{Heap after GC invocations=10 (full 0):
 garbage-first heap   total 157696K, used 52308K [0x0000000081c00000, 0x0000000100000000)
  region size 1024K, 6 young (6144K), 6 survivors (6144K)
 Metaspace       used 59538K, capacity 60257K, committed 60368K, reserved 1101824K
  class space    used 6982K, capacity 7286K, committed 7376K, reserved 1048576K
}
Event: 7.297 GC heap before
{Heap before GC invocations=11 (full 0):
 garbage-first heap   total 157696K, used 99412K [0x0000000081c00000, 0x0000000100000000)
  region size 1024K, 54 young (55296K), 6 survivors (6144K)
 Metaspace       used 66687K, capacity 67499K, committed 67664K, reserved 1110016K
  class space    used 7669K, capacity 7993K, committed 8016K, reserved 1048576K
}
Event: 7.326 GC heap after
{Heap after GC invocations=12 (full 0):
 garbage-first heap   total 201728K, used 53709K [0x0000000081c00000, 0x0000000100000000)
  region size 1024K, 4 young (4096K), 4 survivors (4096K)
 Metaspace       used 66687K, capacity 67499K, committed 67664K, reserved 1110016K
  class space    used 7669K, capacity 7993K, committed 8016K, reserved 1048576K
}
Event: 8.540 GC heap before
{Heap before GC invocations=13 (full 0):
 garbage-first heap   total 201728K, used 124365K [0x0000000081c00000, 0x0000000100000000)
  region size 1024K, 73 young (74752K), 4 survivors (4096K)
 Metaspace       used 75122K, capacity 75973K, committed 76240K, reserved 1134592K
  class space    used 8496K, capacity 8834K, committed 8912K, reserved 1048576K
}
Event: 8.552 GC heap after
{Heap after GC invocations=14 (full 0):
 garbage-first heap   total 201728K, used 58203K [0x0000000081c00000, 0x0000000100000000)
  region size 1024K, 9 young (9216K), 9 survivors (9216K)
 Metaspace       used 75122K, capacity 75973K, committed 76240K, reserved 1134592K
  class space    used 8496K, capacity 8834K, committed 8912K, reserved 1048576K
}

Deoptimization events (20 events):
Event: 8.419 Thread 0x000001fe4e0ea800 Uncommon trap: trap_request=0xffffff4d fr.pc=0x000001fe599e85dc relative=0x000000000000061c
Event: 8.419 Thread 0x000001fe4e0ea800 Uncommon trap: reason=unstable_if action=reinterpret pc=0x000001fe599e85dc method=org.jetbrains.kotlin.utils.SmartSet.add(Ljava/lang/Object;)Z @ 32 c2
Event: 8.419 Thread 0x000001fe4e0ea800 DEOPT PACKING pc=0x000001fe599e85dc sp=0x000000c8ab2fdee0
Event: 8.419 Thread 0x000001fe4e0ea800 DEOPT UNPACKING pc=0x000001fe51c078af sp=0x000000c8ab2fdea0 mode 2
Event: 8.448 Thread 0x000001fe4e0ea800 Uncommon trap: trap_request=0xffffffcc fr.pc=0x000001fe59a3f2c4 relative=0x0000000000001784
Event: 8.448 Thread 0x000001fe4e0ea800 Uncommon trap: reason=intrinsic_or_type_checked_inlining action=make_not_entrant pc=0x000001fe59a3f2c4 method=java.util.ArrayList$SubList.toArray([Ljava/lang/Object;)[Ljava/lang/Object; @ 58 c2
Event: 8.448 Thread 0x000001fe4e0ea800 DEOPT PACKING pc=0x000001fe59a3f2c4 sp=0x000000c8ab2fce90
Event: 8.448 Thread 0x000001fe4e0ea800 DEOPT UNPACKING pc=0x000001fe51c078af sp=0x000000c8ab2fcde0 mode 2
Event: 8.558 Thread 0x000001fe4e0ea800 Uncommon trap: trap_request=0xffffffde fr.pc=0x000001fe5998b884 relative=0x0000000000009804
Event: 8.558 Thread 0x000001fe4e0ea800 Uncommon trap: reason=class_check action=maybe_recompile pc=0x000001fe5998b884 method=org.jetbrains.org.objectweb.asm.ClassReader.readMethod(Lorg/jetbrains/org/objectweb/asm/ClassVisitor;Lorg/jetbrains/org/objectweb/asm/Context;I)I @ 1041 c2
Event: 8.558 Thread 0x000001fe4e0ea800 DEOPT PACKING pc=0x000001fe5998b884 sp=0x000000c8ab2fcb30
Event: 8.558 Thread 0x000001fe4e0ea800 DEOPT UNPACKING pc=0x000001fe51c078af sp=0x000000c8ab2fcb38 mode 2
Event: 8.584 Thread 0x000001fe4e0ea800 Uncommon trap: trap_request=0xffffff4d fr.pc=0x000001fe599cd444 relative=0x0000000000000224
Event: 8.584 Thread 0x000001fe4e0ea800 Uncommon trap: reason=unstable_if action=reinterpret pc=0x000001fe599cd444 method=java.lang.StringLatin1.compareTo([B[BII)I @ 14 c2
Event: 8.584 Thread 0x000001fe4e0ea800 DEOPT PACKING pc=0x000001fe599cd444 sp=0x000000c8ab2fd580
Event: 8.584 Thread 0x000001fe4e0ea800 DEOPT UNPACKING pc=0x000001fe51c078af sp=0x000000c8ab2fd508 mode 2
Event: 8.594 Thread 0x000001fe4e0ea800 Uncommon trap: trap_request=0xffffff4d fr.pc=0x000001fe59917ce8 relative=0x00000000000007a8
Event: 8.594 Thread 0x000001fe4e0ea800 Uncommon trap: reason=unstable_if action=reinterpret pc=0x000001fe59917ce8 method=org.jetbrains.kotlin.metadata.ProtoBuf$Type.isInitialized()Z @ 7 c2
Event: 8.594 Thread 0x000001fe4e0ea800 DEOPT PACKING pc=0x000001fe59917ce8 sp=0x000000c8ab2fdb00
Event: 8.594 Thread 0x000001fe4e0ea800 DEOPT UNPACKING pc=0x000001fe51c078af sp=0x000000c8ab2fdaa0 mode 2

Classes redefined (0 events):
No events

Internal exceptions (20 events):
Event: 4.022 Thread 0x000001fe4e0ea800 Exception <a 'java/lang/NoSuchMethodError'{0x000000008adcc3a0}: 'java.lang.Object java.lang.invoke.DirectMethodHandle$Holder.invokeStaticInit(java.lang.Object, java.lang.Object, java.lang.Object)'> (0x000000008adcc3a0) thrown at [./src/hotspot/share/interpreter/linkResolver.cpp, line 773]
Event: 4.854 Thread 0x000001fe4e0ea800 Implicit null exception at 0x000001fe5970bd5e to 0x000001fe5970c4ca
Event: 4.854 Thread 0x000001fe4e0ea800 Implicit null exception at 0x000001fe59725faf to 0x000001fe5972601d
Event: 4.872 Thread 0x000001fe4e0ea800 Exception <a 'java/lang/NoSuchMethodError'{0x00000000883f8ec0}: 'java.lang.Object java.lang.invoke.Invokers$Holder.linkToTargetMethod(java.lang.Object, java.lang.Object, java.lang.Object, java.lang.Object, java.lang.Object, java.lang.Object)'> (0x00000000883f8ec0) thrown at [./src/hotspot/share/interpreter/linkResolver.cpp, line 773]
Event: 5.116 Thread 0x000001fe4e0ea800 Implicit null exception at 0x000001fe5982ab4c to 0x000001fe5982ac28
Event: 5.247 Thread 0x000001fe4e0ea800 Exception <a 'java/lang/NoSuchMethodError'{0x000000008ab29768}: 'java.lang.Object java.lang.invoke.DirectMethodHandle$Holder.invokeSpecial(java.lang.Object, java.lang.Object, java.lang.Object, java.lang.Object, java.lang.Object, int)'> (0x000000008ab29768) thrown at [./src/hotspot/share/interpreter/linkResolver.cpp, line 773]
Event: 5.248 Thread 0x000001fe4e0ea800 Exception <a 'java/lang/NoSuchMethodError'{0x000000008ab2d5b0}: 'java.lang.Object java.lang.invoke.Invokers$Holder.linkToTargetMethod(java.lang.Object, java.lang.Object, java.lang.Object, int, java.lang.Object)'> (0x000000008ab2d5b0) thrown at [./src/hotspot/share/interpreter/linkResolver.cpp, line 773]
Event: 5.464 Thread 0x000001fe4e0ea800 Exception <a 'java/lang/NoSuchMethodError'{0x000000008a699a88}: 'java.lang.Object java.lang.invoke.Invokers$Holder.linkToTargetMethod(java.lang.Object, java.lang.Object, java.lang.Object, int, int, java.lang.Object)'> (0x000000008a699a88) thrown at [./src/hotspot/share/interpreter/linkResolver.cpp, line 773]
Event: 5.475 Thread 0x000001fe4e0ea800 Exception <a 'java/lang/NoSuchMethodError'{0x000000008a6c6ac0}: 'java.lang.Object java.lang.invoke.DirectMethodHandle$Holder.invokeInterface(java.lang.Object, java.lang.Object, java.lang.Object)'> (0x000000008a6c6ac0) thrown at [./src/hotspot/share/interpreter/linkResolver.cpp, line 773]
Event: 5.475 Thread 0x000001fe4e0ea800 Exception <a 'java/lang/IncompatibleClassChangeError'{0x000000008a6c9cf0}: Found class java.lang.Object, but interface was expected> (0x000000008a6c9cf0) thrown at [./src/hotspot/share/interpreter/linkResolver.cpp, line 839]
Event: 5.511 Thread 0x000001fe4e0ea800 Exception <a 'java/lang/NoSuchMethodError'{0x000000008a4157e8}: 'int java.lang.invoke.DirectMethodHandle$Holder.invokeVirtual(java.lang.Object, java.lang.Object, java.lang.Object)'> (0x000000008a4157e8) thrown at [./src/hotspot/share/interpreter/linkResolver.cpp, line 773]
Event: 5.663 Thread 0x000001fe4e0ea800 Exception <a 'java/lang/NoSuchMethodError'{0x0000000089f860e0}: 'int java.lang.invoke.DirectMethodHandle$Holder.invokeStaticInit(java.lang.Object, int)'> (0x0000000089f860e0) thrown at [./src/hotspot/share/interpreter/linkResolver.cpp, line 773]
Event: 5.709 Thread 0x000001fe4e0ea800 Exception <a 'java/lang/IncompatibleClassChangeError'{0x0000000089e8de40}: Found class java.lang.Object, but interface was expected> (0x0000000089e8de40) thrown at [./src/hotspot/share/interpreter/linkResolver.cpp, line 839]
Event: 5.903 Thread 0x000001fe4e0ea800 Exception <a 'java/lang/NoSuchMethodError'{0x00000000897bf1e0}: 'java.lang.Object java.lang.invoke.DirectMethodHandle$Holder.invokeStatic(java.lang.Object, int, java.lang.Object, java.lang.Object)'> (0x00000000897bf1e0) thrown at [./src/hotspot/share/interpreter/linkResolver.cpp, line 773]
Event: 5.905 Thread 0x000001fe4e0ea800 Exception <a 'java/lang/NoSuchMethodError'{0x00000000897c9998}: 'int java.lang.invoke.DirectMethodHandle$Holder.invokeInterface(java.lang.Object, java.lang.Object)'> (0x00000000897c9998) thrown at [./src/hotspot/share/interpreter/linkResolver.cpp, line 773]
Event: 6.089 Thread 0x000001fe4e0ea800 Implicit null exception at 0x000001fe59707f75 to 0x000001fe5970813c
Event: 7.408 Thread 0x000001fe4e0ea800 Implicit null exception at 0x000001fe597142f4 to 0x000001fe5971450c
Event: 7.621 Thread 0x000001fe4e0ea800 Implicit null exception at 0x000001fe59a54a72 to 0x000001fe59a54b1d
Event: 8.122 Thread 0x000001fe4e0ea800 Implicit null exception at 0x000001fe59a7b956 to 0x000001fe59a7bb7a
Event: 8.304 Thread 0x000001fe4e0ea800 Implicit null exception at 0x000001fe5989b483 to 0x000001fe5989b668

Events (20 events):
Event: 8.581 loading class org/jetbrains/kotlin/builtins/FunctionTypesKt$isTypeOrSubtypeOf$2
Event: 8.581 loading class org/jetbrains/kotlin/builtins/FunctionTypesKt$isTypeOrSubtypeOf$2 done
Event: 8.581 loading class org/jetbrains/kotlin/serialization/DescriptorSerializer$hasInlineClassTypesInSignature$3$1
Event: 8.581 loading class org/jetbrains/kotlin/serialization/DescriptorSerializer$hasInlineClassTypesInSignature$3$1 done
Event: 8.582 loading class org/jetbrains/kotlin/codegen/serialization/JvmSerializerExtension$SignatureSerializer
Event: 8.582 loading class org/jetbrains/kotlin/codegen/serialization/JvmSerializerExtension$SignatureSerializer done
Event: 8.583 loading class org/jetbrains/kotlin/resolve/MemberComparator
Event: 8.583 loading class org/jetbrains/kotlin/resolve/MemberComparator done
Event: 8.583 loading class org/jetbrains/kotlin/resolve/MemberComparator$1
Event: 8.583 loading class org/jetbrains/kotlin/resolve/MemberComparator$1 done
Event: 8.590 loading class org/jetbrains/kotlin/metadata/ProtoBuf$Property$Builder
Event: 8.590 loading class org/jetbrains/kotlin/metadata/ProtoBuf$Property$Builder done
Event: 8.592 loading class org/jetbrains/kotlin/metadata/jvm/JvmProtoBuf$JvmFieldSignature$Builder
Event: 8.592 loading class org/jetbrains/kotlin/metadata/jvm/JvmProtoBuf$JvmFieldSignature$Builder done
Event: 8.593 loading class org/jetbrains/kotlin/load/java/DescriptorsJvmAbiUtil
Event: 8.593 loading class org/jetbrains/kotlin/load/java/DescriptorsJvmAbiUtil done
Event: 8.594 loading class org/jetbrains/kotlin/metadata/ProtoBuf$Function$Builder
Event: 8.594 loading class org/jetbrains/kotlin/metadata/ProtoBuf$Function$Builder done
Event: 8.596 loading class org/jetbrains/kotlin/metadata/ProtoBuf$ValueParameter$Builder
Event: 8.596 loading class org/jetbrains/kotlin/metadata/ProtoBuf$ValueParameter$Builder done


Dynamic libraries:
0x00007ff77dcb0000 - 0x00007ff77dcba000 	C:\Program Files\Android\Android Studio\jre\bin\java.exe
0x00007ffd6edf0000 - 0x00007ffd6efe5000 	C:\WINDOWS\SYSTEM32\ntdll.dll
0x00007ffd6ebc0000 - 0x00007ffd6ec7d000 	C:\WINDOWS\System32\KERNEL32.DLL
0x00007ffd6ca90000 - 0x00007ffd6cd59000 	C:\WINDOWS\System32\KERNELBASE.dll
0x00007ffd6c800000 - 0x00007ffd6c900000 	C:\WINDOWS\System32\ucrtbase.dll
0x00007ffd3ec90000 - 0x00007ffd3eca9000 	C:\Program Files\Android\Android Studio\jre\bin\jli.dll
0x00007ffd41f40000 - 0x00007ffd41f57000 	C:\Program Files\Android\Android Studio\jre\bin\VCRUNTIME140.dll
0x00007ffd6d200000 - 0x00007ffd6d3a0000 	C:\WINDOWS\System32\USER32.dll
0x00007ffd6c900000 - 0x00007ffd6c922000 	C:\WINDOWS\System32\win32u.dll
0x00007ffd4bb30000 - 0x00007ffd4bdca000 	C:\WINDOWS\WinSxS\amd64_microsoft.windows.common-controls_6595b64144ccf1df_6.0.19041.1110_none_60b5254171f9507e\COMCTL32.dll
0x00007ffd6ce50000 - 0x00007ffd6ce7a000 	C:\WINDOWS\System32\GDI32.dll
0x00007ffd6d4d0000 - 0x00007ffd6d56e000 	C:\WINDOWS\System32\msvcrt.dll
0x00007ffd6c930000 - 0x00007ffd6ca3b000 	C:\WINDOWS\System32\gdi32full.dll
0x00007ffd6c520000 - 0x00007ffd6c5bd000 	C:\WINDOWS\System32\msvcp_win.dll
0x00007ffd6d590000 - 0x00007ffd6d5c0000 	C:\WINDOWS\System32\IMM32.DLL
0x00007ffd04d90000 - 0x00007ffd04e2d000 	C:\Program Files\Android\Android Studio\jre\bin\msvcp140.dll
0x00007ffcf2050000 - 0x00007ffcf2b1f000 	C:\Program Files\Android\Android Studio\jre\bin\server\jvm.dll
0x00007ffd6cef0000 - 0x00007ffd6cf9c000 	C:\WINDOWS\System32\ADVAPI32.dll
0x00007ffd6dc10000 - 0x00007ffd6dcab000 	C:\WINDOWS\System32\sechost.dll
0x00007ffd6ec80000 - 0x00007ffd6edaa000 	C:\WINDOWS\System32\RPCRT4.dll
0x00007ffd6ce80000 - 0x00007ffd6ce88000 	C:\WINDOWS\System32\PSAPI.DLL
0x00007ffd52350000 - 0x00007ffd52377000 	C:\WINDOWS\SYSTEM32\WINMM.dll
0x00007ffd5fd30000 - 0x00007ffd5fd3a000 	C:\WINDOWS\SYSTEM32\VERSION.dll
0x00007ffd532e0000 - 0x00007ffd532e9000 	C:\WINDOWS\SYSTEM32\WSOCK32.dll
0x00007ffd6dba0000 - 0x00007ffd6dc0b000 	C:\WINDOWS\System32\WS2_32.dll
0x00007ffd6ae00000 - 0x00007ffd6ae12000 	C:\WINDOWS\SYSTEM32\kernel.appcore.dll
0x00007ffd48a40000 - 0x00007ffd48a51000 	C:\Program Files\Android\Android Studio\jre\bin\verify.dll
0x00007ffd67c10000 - 0x00007ffd67df4000 	C:\WINDOWS\SYSTEM32\DBGHELP.DLL
0x00007ffd55210000 - 0x00007ffd5523c000 	C:\WINDOWS\SYSTEM32\dbgcore.DLL
0x00007ffd6cdc0000 - 0x00007ffd6ce43000 	C:\WINDOWS\System32\bcryptPrimitives.dll
0x00007ffd421d0000 - 0x00007ffd421f9000 	C:\Program Files\Android\Android Studio\jre\bin\java.dll
0x00007ffd51d00000 - 0x00007ffd51d0b000 	C:\Program Files\Android\Android Studio\jre\bin\jimage.dll
0x00007ffd48a20000 - 0x00007ffd48a38000 	C:\Program Files\Android\Android Studio\jre\bin\zip.dll
0x00007ffd6dd10000 - 0x00007ffd6e44f000 	C:\WINDOWS\System32\SHELL32.dll
0x00007ffd6a600000 - 0x00007ffd6ad90000 	C:\WINDOWS\SYSTEM32\windows.storage.dll
0x00007ffd6e860000 - 0x00007ffd6ebb5000 	C:\WINDOWS\System32\combase.dll
0x00007ffd6bf10000 - 0x00007ffd6bf3c000 	C:\WINDOWS\SYSTEM32\Wldp.dll
0x00007ffd6cfa0000 - 0x00007ffd6d04e000 	C:\WINDOWS\System32\SHCORE.dll
0x00007ffd6db40000 - 0x00007ffd6db95000 	C:\WINDOWS\System32\shlwapi.dll
0x00007ffd6c460000 - 0x00007ffd6c47f000 	C:\WINDOWS\SYSTEM32\profapi.dll
0x00007ffd421b0000 - 0x00007ffd421ca000 	C:\Program Files\Android\Android Studio\jre\bin\net.dll
0x00007ffd66920000 - 0x00007ffd66a28000 	C:\WINDOWS\SYSTEM32\WINHTTP.dll
0x00007ffd6bc70000 - 0x00007ffd6bcda000 	C:\WINDOWS\system32\mswsock.dll
0x00007ffd42150000 - 0x00007ffd42164000 	C:\Program Files\Android\Android Studio\jre\bin\nio.dll

dbghelp: loaded successfully - version: 4.0.5 - missing functions: none
symbol engine: initialized successfully - sym options: 0x614 - pdb path: .;C:\Program Files\Android\Android Studio\jre\bin;C:\WINDOWS\SYSTEM32;C:\WINDOWS\WinSxS\amd64_microsoft.windows.common-controls_6595b64144ccf1df_6.0.19041.1110_none_60b5254171f9507e;C:\Program Files\Android\Android Studio\jre\bin\server

VM Arguments:
java_command: org.jetbrains.kotlin.cli.jvm.K2JVMCompiler @C:\Users\USER\AndroidStudioProjects\Notitest01\app\build\20210826_7790206910215846712.compiler.options
java_class_path (initial): C:\Users\USER\.gradle\caches\modules-2\files-2.1\org.jetbrains.kotlin\kotlin-compiler-embeddable\1.5.21\40ddbcae9ff100473f95370c2d589ba3fc48eed5\kotlin-compiler-embeddable-1.5.21.jar;C:\Users\USER\.gradle\caches\modules-2\files-2.1\org.jetbrains.kotlin\kotlin-reflect\1.5.21\802f1f39735ae1eb2b75714a40fa19bb2e687e96\kotlin-reflect-1.5.21.jar;C:\Users\USER\.gradle\caches\modules-2\files-2.1\org.jetbrains.kotlin\kotlin-stdlib\1.5.21\2f537cad7e9eeb9da73738c8812e1e4cf9b62e4e\kotlin-stdlib-1.5.21.jar;C:\Users\USER\.gradle\caches\modules-2\files-2.1\org.jetbrains.kotlin\kotlin-script-runtime\1.5.21\96d49e89873fde985750af354b6eabb60cfa999b\kotlin-script-runtime-1.5.21.jar;C:\Users\USER\.gradle\caches\modules-2\files-2.1\org.jetbrains.kotlin\kotlin-daemon-embeddable\1.5.21\17255809e66a940dfdf6289bccbdfb5a09f3145\kotlin-daemon-embeddable-1.5.21.jar;C:\Users\USER\.gradle\caches\modules-2\files-2.1\org.jetbrains.intellij.deps\trove4j\1.0.20181211\216c2e14b070f334479d800987affe4054cd563f\trove4j-1.0.20181211.jar;C:\Users\USER\.gradle\caches\modules-2\files-2.1\org.jetbrains\annotations\13.0\919f0dfe192fb4e063e7dacadee7f8bb9a2672a9\annotations-13.0.jar;C:\Users\USER\.gradle\caches\modules-2\files-2.1\org.jetbrains.kotlin\kotlin-stdlib-common\1.5.21\cc8bf3586fd2ebcf234058b9440bb406e62dfacb\kotlin-stdlib-common-1.5.21.jar
Launcher Type: SUN_STANDARD

[Global flags]
     intx CICompilerCount                          = 4                                         {product} {ergonomic}
     uint ConcGCThreads                            = 2                                         {product} {ergonomic}
     uint G1ConcRefinementThreads                  = 8                                         {product} {ergonomic}
   size_t G1HeapRegionSize                         = 1048576                                   {product} {ergonomic}
    uintx GCDrainStackTargetSize                   = 64                                        {product} {ergonomic}
   size_t InitialHeapSize                          = 134217728                                 {product} {ergonomic}
   size_t MarkStackSize                            = 4194304                                   {product} {ergonomic}
   size_t MaxHeapSize                              = 2118123520                                {product} {ergonomic}
   size_t MaxNewSize                               = 1270874112                                {product} {ergonomic}
   size_t MinHeapDeltaBytes                        = 1048576                                   {product} {ergonomic}
    uintx NonNMethodCodeHeapSize                   = 5836300                                {pd product} {ergonomic}
    uintx NonProfiledCodeHeapSize                  = 122910970                              {pd product} {ergonomic}
    uintx ProfiledCodeHeapSize                     = 122910970                              {pd product} {ergonomic}
    uintx ReservedCodeCacheSize                    = 251658240                              {pd product} {ergonomic}
     bool SegmentedCodeCache                       = true                                      {product} {ergonomic}
     bool UseCompressedClassPointers               = true                                 {lp64_product} {ergonomic}
     bool UseCompressedOops                        = true                                 {lp64_product} {ergonomic}
     bool UseG1GC                                  = true                                      {product} {ergonomic}
     bool UseLargePagesIndividualAllocation        = false                                  {pd product} {ergonomic}

Logging:
Log output configuration:
 #0: stdout all=warning uptime,level,tags
 #1: stderr all=off uptime,level,tags

Environment Variables:
JAVA_HOME=C:\Users\USER\AppData\Local\Programs\AdoptOpenJDK\jdk-11.0.9.101-hotspot\
PATH=C:\WINDOWS\system32;C:\WINDOWS;C:\WINDOWS\System32\Wbem;C:\WINDOWS\System32\WindowsPowerShell\v1.0\;C:\WINDOWS\System32\OpenSSH\;C:\Program Files\dotnet\;C:\mingw-w64\mingw32\bin;C:\Program Files\Git\cmd;C:\Users\USER\AppData\Local\Programs\AdoptOpenJDK\jdk-11.0.9.101-hotspot\bin;C:\Users\USER\AppData\Local\Microsoft\WindowsApps;;C:\Users\USER\AppData\Local\Programs\Microsoft VS Code\bin
USERNAME=USER
OS=Windows_NT
PROCESSOR_IDENTIFIER=Intel64 Family 6 Model 142 Stepping 10, GenuineIntel



---------------  S Y S T E M  ---------------

OS: Windows 10 , 64 bit Build 19041 (10.0.19041.1151)
OS uptime: 0 days 10:18 hours

CPU:total 8 (initial active 8) (4 cores per cpu, 2 threads per core) family 6 model 142 stepping 10 microcode 0xb4, cmov, cx8, fxsr, mmx, sse, sse2, sse3, ssse3, sse4.1, sse4.2, popcnt, avx, avx2, aes, clmul, erms, 3dnowpref, lzcnt, ht, tsc, tscinvbit, bmi1, bmi2, adx, fma

Memory: 4k page, system-wide physical 8076M (508M free)
TotalPageFile size 32652M (AvailPageFile size 0M)
current process WorkingSet (physical memory assigned to process): 400M, peak: 403M
current process commit charge ("private bytes"): 446M, peak: 450M

vm_info: OpenJDK 64-Bit Server VM (11.0.10+0-b96-7249189) for windows-amd64 JRE (11.0.10+0-b96-7249189), built on Mar 31 2021 21:44:00 by "builder" with MS VC++ 14.0 (VS2015)

END.
